[0.185s] DEBUG:colcon:Command line arguments: ['/usr/bin/colcon', 'build', '--packages-select', 'comp_vision_interfaces']
[0.185s] DEBUG:colcon:Parsed command line arguments: Namespace(log_base=None, log_level=None, verb_name='build', build_base='build', install_base='install', merge_install=False, symlink_install=False, test_result_base=None, continue_on_error=False, executor='parallel', parallel_workers=20, event_handlers=None, ignore_user_meta=False, metas=['./colcon.meta'], base_paths=['.'], packages_ignore=None, packages_ignore_regex=None, paths=None, packages_up_to=None, packages_up_to_regex=None, packages_above=None, packages_above_and_dependencies=None, packages_above_depth=None, packages_select_by_dep=None, packages_skip_by_dep=None, packages_skip_up_to=None, packages_select_build_failed=False, packages_skip_build_finished=False, packages_select_test_failures=False, packages_skip_test_passed=False, packages_select=['comp_vision_interfaces'], packages_skip=None, packages_select_regex=None, packages_skip_regex=None, packages_start=None, packages_end=None, cmake_args=None, cmake_target=None, cmake_target_skip_unavailable=False, cmake_clean_cache=False, cmake_clean_first=False, cmake_force_configure=False, ament_cmake_args=None, catkin_cmake_args=None, catkin_skip_building_tests=False, mixin_files=None, mixin=None, verb_parser=<colcon_mixin.mixin.mixin_argument.MixinArgumentDecorator object at 0x7f77686590f0>, verb_extension=<colcon_core.verb.build.BuildVerb object at 0x7f77687a6080>, main=<bound method BuildVerb.main of <colcon_core.verb.build.BuildVerb object at 0x7f77687a6080>>, mixin_verb=('build',))
[0.405s] Level 1:colcon.colcon_core.package_discovery:discover_packages(colcon_meta) check parameters
[0.406s] Level 1:colcon.colcon_core.package_discovery:discover_packages(recursive) check parameters
[0.406s] Level 1:colcon.colcon_core.package_discovery:discover_packages(ignore) check parameters
[0.406s] Level 1:colcon.colcon_core.package_discovery:discover_packages(path) check parameters
[0.406s] Level 1:colcon.colcon_core.package_discovery:discover_packages(colcon_meta) discover
[0.406s] Level 1:colcon.colcon_core.package_discovery:discover_packages(recursive) discover
[0.406s] INFO:colcon.colcon_core.package_discovery:Crawling recursively for packages in '/chess_ROS2_humble/ros2_ws'
[0.406s] Level 1:colcon.colcon_core.package_identification:_identify(.) by extensions ['ignore', 'ignore_ament_install']
[0.406s] Level 1:colcon.colcon_core.package_identification:_identify(.) by extension 'ignore'
[0.406s] Level 1:colcon.colcon_core.package_identification:_identify(.) by extension 'ignore_ament_install'
[0.406s] Level 1:colcon.colcon_core.package_identification:_identify(.) by extensions ['colcon_pkg']
[0.406s] Level 1:colcon.colcon_core.package_identification:_identify(.) by extension 'colcon_pkg'
[0.406s] Level 1:colcon.colcon_core.package_identification:_identify(.) by extensions ['colcon_meta']
[0.406s] Level 1:colcon.colcon_core.package_identification:_identify(.) by extension 'colcon_meta'
[0.406s] Level 1:colcon.colcon_core.package_identification:_identify(.) by extensions ['ros']
[0.406s] Level 1:colcon.colcon_core.package_identification:_identify(.) by extension 'ros'
[0.414s] Level 1:colcon.colcon_core.package_identification:_identify(.) by extensions ['cmake', 'python']
[0.414s] Level 1:colcon.colcon_core.package_identification:_identify(.) by extension 'cmake'
[0.414s] Level 1:colcon.colcon_core.package_identification:_identify(.) by extension 'python'
[0.414s] Level 1:colcon.colcon_core.package_identification:_identify(.) by extensions ['python_setup_py']
[0.414s] Level 1:colcon.colcon_core.package_identification:_identify(.) by extension 'python_setup_py'
[0.414s] Level 1:colcon.colcon_core.package_identification:_identify(build) by extensions ['ignore', 'ignore_ament_install']
[0.414s] Level 1:colcon.colcon_core.package_identification:_identify(build) by extension 'ignore'
[0.414s] Level 1:colcon.colcon_core.package_identification:_identify(build) ignored
[0.414s] Level 1:colcon.colcon_core.package_identification:_identify(install) by extensions ['ignore', 'ignore_ament_install']
[0.414s] Level 1:colcon.colcon_core.package_identification:_identify(install) by extension 'ignore'
[0.414s] Level 1:colcon.colcon_core.package_identification:_identify(install) ignored
[0.414s] Level 1:colcon.colcon_core.package_identification:_identify(log) by extensions ['ignore', 'ignore_ament_install']
[0.414s] Level 1:colcon.colcon_core.package_identification:_identify(log) by extension 'ignore'
[0.414s] Level 1:colcon.colcon_core.package_identification:_identify(log) ignored
[0.414s] Level 1:colcon.colcon_core.package_identification:_identify(src) by extensions ['ignore', 'ignore_ament_install']
[0.414s] Level 1:colcon.colcon_core.package_identification:_identify(src) by extension 'ignore'
[0.414s] Level 1:colcon.colcon_core.package_identification:_identify(src) by extension 'ignore_ament_install'
[0.415s] Level 1:colcon.colcon_core.package_identification:_identify(src) by extensions ['colcon_pkg']
[0.415s] Level 1:colcon.colcon_core.package_identification:_identify(src) by extension 'colcon_pkg'
[0.415s] Level 1:colcon.colcon_core.package_identification:_identify(src) by extensions ['colcon_meta']
[0.415s] Level 1:colcon.colcon_core.package_identification:_identify(src) by extension 'colcon_meta'
[0.415s] Level 1:colcon.colcon_core.package_identification:_identify(src) by extensions ['ros']
[0.415s] Level 1:colcon.colcon_core.package_identification:_identify(src) by extension 'ros'
[0.415s] Level 1:colcon.colcon_core.package_identification:_identify(src) by extensions ['cmake', 'python']
[0.415s] Level 1:colcon.colcon_core.package_identification:_identify(src) by extension 'cmake'
[0.415s] Level 1:colcon.colcon_core.package_identification:_identify(src) by extension 'python'
[0.415s] Level 1:colcon.colcon_core.package_identification:_identify(src) by extensions ['python_setup_py']
[0.415s] Level 1:colcon.colcon_core.package_identification:_identify(src) by extension 'python_setup_py'
[0.415s] Level 1:colcon.colcon_core.package_identification:_identify(src/comp_vision) by extensions ['ignore', 'ignore_ament_install']
[0.415s] Level 1:colcon.colcon_core.package_identification:_identify(src/comp_vision) by extension 'ignore'
[0.415s] Level 1:colcon.colcon_core.package_identification:_identify(src/comp_vision) by extension 'ignore_ament_install'
[0.415s] Level 1:colcon.colcon_core.package_identification:_identify(src/comp_vision) by extensions ['colcon_pkg']
[0.415s] Level 1:colcon.colcon_core.package_identification:_identify(src/comp_vision) by extension 'colcon_pkg'
[0.415s] Level 1:colcon.colcon_core.package_identification:_identify(src/comp_vision) by extensions ['colcon_meta']
[0.415s] Level 1:colcon.colcon_core.package_identification:_identify(src/comp_vision) by extension 'colcon_meta'
[0.415s] Level 1:colcon.colcon_core.package_identification:_identify(src/comp_vision) by extensions ['ros']
[0.415s] Level 1:colcon.colcon_core.package_identification:_identify(src/comp_vision) by extension 'ros'
[0.418s] DEBUG:colcon.colcon_core.package_identification:Package 'src/comp_vision' with type 'ros.ament_python' and name 'comp_vision'
[0.418s] Level 1:colcon.colcon_core.package_identification:_identify(src/comp_vision_interfaces) by extensions ['ignore', 'ignore_ament_install']
[0.419s] Level 1:colcon.colcon_core.package_identification:_identify(src/comp_vision_interfaces) by extension 'ignore'
[0.419s] Level 1:colcon.colcon_core.package_identification:_identify(src/comp_vision_interfaces) by extension 'ignore_ament_install'
[0.419s] Level 1:colcon.colcon_core.package_identification:_identify(src/comp_vision_interfaces) by extensions ['colcon_pkg']
[0.419s] Level 1:colcon.colcon_core.package_identification:_identify(src/comp_vision_interfaces) by extension 'colcon_pkg'
[0.419s] Level 1:colcon.colcon_core.package_identification:_identify(src/comp_vision_interfaces) by extensions ['colcon_meta']
[0.419s] Level 1:colcon.colcon_core.package_identification:_identify(src/comp_vision_interfaces) by extension 'colcon_meta'
[0.419s] Level 1:colcon.colcon_core.package_identification:_identify(src/comp_vision_interfaces) by extensions ['ros']
[0.419s] Level 1:colcon.colcon_core.package_identification:_identify(src/comp_vision_interfaces) by extension 'ros'
[0.419s] DEBUG:colcon.colcon_core.package_identification:Package 'src/comp_vision_interfaces' with type 'ros.ament_cmake' and name 'comp_vision_interfaces'
[0.419s] Level 1:colcon.colcon_core.package_identification:_identify(src/game) by extensions ['ignore', 'ignore_ament_install']
[0.419s] Level 1:colcon.colcon_core.package_identification:_identify(src/game) by extension 'ignore'
[0.419s] Level 1:colcon.colcon_core.package_identification:_identify(src/game) by extension 'ignore_ament_install'
[0.419s] Level 1:colcon.colcon_core.package_identification:_identify(src/game) by extensions ['colcon_pkg']
[0.419s] Level 1:colcon.colcon_core.package_identification:_identify(src/game) by extension 'colcon_pkg'
[0.419s] Level 1:colcon.colcon_core.package_identification:_identify(src/game) by extensions ['colcon_meta']
[0.419s] Level 1:colcon.colcon_core.package_identification:_identify(src/game) by extension 'colcon_meta'
[0.419s] Level 1:colcon.colcon_core.package_identification:_identify(src/game) by extensions ['ros']
[0.419s] Level 1:colcon.colcon_core.package_identification:_identify(src/game) by extension 'ros'
[0.420s] DEBUG:colcon.colcon_core.package_identification:Package 'src/game' with type 'ros.ament_python' and name 'game'
[0.420s] Level 1:colcon.colcon_core.package_identification:_identify(src/move) by extensions ['ignore', 'ignore_ament_install']
[0.420s] Level 1:colcon.colcon_core.package_identification:_identify(src/move) by extension 'ignore'
[0.420s] Level 1:colcon.colcon_core.package_identification:_identify(src/move) by extension 'ignore_ament_install'
[0.420s] Level 1:colcon.colcon_core.package_identification:_identify(src/move) by extensions ['colcon_pkg']
[0.420s] Level 1:colcon.colcon_core.package_identification:_identify(src/move) by extension 'colcon_pkg'
[0.420s] Level 1:colcon.colcon_core.package_identification:_identify(src/move) by extensions ['colcon_meta']
[0.420s] Level 1:colcon.colcon_core.package_identification:_identify(src/move) by extension 'colcon_meta'
[0.420s] Level 1:colcon.colcon_core.package_identification:_identify(src/move) by extensions ['ros']
[0.420s] Level 1:colcon.colcon_core.package_identification:_identify(src/move) by extension 'ros'
[0.421s] DEBUG:colcon.colcon_core.package_identification:Package 'src/move' with type 'ros.ament_python' and name 'move'
[0.421s] Level 1:colcon.colcon_core.package_identification:_identify(src/stockfish) by extensions ['ignore', 'ignore_ament_install']
[0.421s] Level 1:colcon.colcon_core.package_identification:_identify(src/stockfish) by extension 'ignore'
[0.421s] Level 1:colcon.colcon_core.package_identification:_identify(src/stockfish) by extension 'ignore_ament_install'
[0.421s] Level 1:colcon.colcon_core.package_identification:_identify(src/stockfish) by extensions ['colcon_pkg']
[0.421s] Level 1:colcon.colcon_core.package_identification:_identify(src/stockfish) by extension 'colcon_pkg'
[0.421s] Level 1:colcon.colcon_core.package_identification:_identify(src/stockfish) by extensions ['colcon_meta']
[0.421s] Level 1:colcon.colcon_core.package_identification:_identify(src/stockfish) by extension 'colcon_meta'
[0.421s] Level 1:colcon.colcon_core.package_identification:_identify(src/stockfish) by extensions ['ros']
[0.421s] Level 1:colcon.colcon_core.package_identification:_identify(src/stockfish) by extension 'ros'
[0.421s] DEBUG:colcon.colcon_core.package_identification:Package 'src/stockfish' with type 'ros.ament_python' and name 'stockfish'
[0.421s] Level 1:colcon.colcon_core.package_discovery:discover_packages(recursive) using defaults
[0.421s] Level 1:colcon.colcon_core.package_discovery:discover_packages(ignore) discover
[0.421s] Level 1:colcon.colcon_core.package_discovery:discover_packages(ignore) using defaults
[0.421s] Level 1:colcon.colcon_core.package_discovery:discover_packages(path) discover
[0.421s] Level 1:colcon.colcon_core.package_discovery:discover_packages(path) using defaults
[0.448s] INFO:colcon.colcon_core.package_selection:Skipping not selected package 'comp_vision' in 'src/comp_vision'
[0.448s] INFO:colcon.colcon_core.package_selection:Skipping not selected package 'game' in 'src/game'
[0.448s] INFO:colcon.colcon_core.package_selection:Skipping not selected package 'move' in 'src/move'
[0.448s] INFO:colcon.colcon_core.package_selection:Skipping not selected package 'stockfish' in 'src/stockfish'
[0.448s] Level 5:colcon.colcon_core.verb:set package 'comp_vision_interfaces' build argument 'cmake_args' from command line to 'None'
[0.449s] Level 5:colcon.colcon_core.verb:set package 'comp_vision_interfaces' build argument 'cmake_target' from command line to 'None'
[0.449s] Level 5:colcon.colcon_core.verb:set package 'comp_vision_interfaces' build argument 'cmake_target_skip_unavailable' from command line to 'False'
[0.449s] Level 5:colcon.colcon_core.verb:set package 'comp_vision_interfaces' build argument 'cmake_clean_cache' from command line to 'False'
[0.449s] Level 5:colcon.colcon_core.verb:set package 'comp_vision_interfaces' build argument 'cmake_clean_first' from command line to 'False'
[0.449s] Level 5:colcon.colcon_core.verb:set package 'comp_vision_interfaces' build argument 'cmake_force_configure' from command line to 'False'
[0.449s] Level 5:colcon.colcon_core.verb:set package 'comp_vision_interfaces' build argument 'ament_cmake_args' from command line to 'None'
[0.449s] Level 5:colcon.colcon_core.verb:set package 'comp_vision_interfaces' build argument 'catkin_cmake_args' from command line to 'None'
[0.449s] Level 5:colcon.colcon_core.verb:set package 'comp_vision_interfaces' build argument 'catkin_skip_building_tests' from command line to 'False'
[0.449s] DEBUG:colcon.colcon_core.verb:Building package 'comp_vision_interfaces' with the following arguments: {'ament_cmake_args': None, 'build_base': '/chess_ROS2_humble/ros2_ws/build/comp_vision_interfaces', 'catkin_cmake_args': None, 'catkin_skip_building_tests': False, 'cmake_args': None, 'cmake_clean_cache': False, 'cmake_clean_first': False, 'cmake_force_configure': False, 'cmake_target': None, 'cmake_target_skip_unavailable': False, 'install_base': '/chess_ROS2_humble/ros2_ws/install/comp_vision_interfaces', 'merge_install': False, 'path': '/chess_ROS2_humble/ros2_ws/src/comp_vision_interfaces', 'symlink_install': False, 'test_result_base': None}
[0.449s] INFO:colcon.colcon_core.executor:Executing jobs using 'parallel' executor
[0.450s] DEBUG:colcon.colcon_parallel_executor.executor.parallel:run_until_complete
[0.450s] INFO:colcon.colcon_ros.task.ament_cmake.build:Building ROS package in '/chess_ROS2_humble/ros2_ws/src/comp_vision_interfaces' with build type 'ament_cmake'
[0.450s] INFO:colcon.colcon_cmake.task.cmake.build:Building CMake package in '/chess_ROS2_humble/ros2_ws/src/comp_vision_interfaces'
[0.452s] INFO:colcon.colcon_core.plugin_system:Skipping extension 'colcon_core.shell.bat': Not used on non-Windows systems
[0.452s] INFO:colcon.colcon_core.shell:Skip shell extension 'powershell' for command environment: Not usable outside of PowerShell
[0.452s] DEBUG:colcon.colcon_core.shell:Skip shell extension 'dsv' for command environment
[0.473s] DEBUG:colcon.colcon_core.event_handler.log_command:Invoking command in '/chess_ROS2_humble/ros2_ws/build/comp_vision_interfaces': CMAKE_PREFIX_PATH=/opt/ros/humble /usr/bin/cmake /chess_ROS2_humble/ros2_ws/src/comp_vision_interfaces -DCMAKE_INSTALL_PREFIX=/chess_ROS2_humble/ros2_ws/install/comp_vision_interfaces
[1.911s] DEBUG:colcon.colcon_core.event_handler.log_command:Invoked command in '/chess_ROS2_humble/ros2_ws/build/comp_vision_interfaces' returned '0': CMAKE_PREFIX_PATH=/opt/ros/humble /usr/bin/cmake /chess_ROS2_humble/ros2_ws/src/comp_vision_interfaces -DCMAKE_INSTALL_PREFIX=/chess_ROS2_humble/ros2_ws/install/comp_vision_interfaces
[1.912s] DEBUG:colcon.colcon_core.event_handler.log_command:Invoking command in '/chess_ROS2_humble/ros2_ws/build/comp_vision_interfaces': CMAKE_PREFIX_PATH=/opt/ros/humble /usr/bin/cmake --build /chess_ROS2_humble/ros2_ws/build/comp_vision_interfaces -- -j20 -l20
[3.648s] DEBUG:colcon.colcon_core.event_handler.log_command:Invoked command in '/chess_ROS2_humble/ros2_ws/build/comp_vision_interfaces' returned '0': CMAKE_PREFIX_PATH=/opt/ros/humble /usr/bin/cmake --build /chess_ROS2_humble/ros2_ws/build/comp_vision_interfaces -- -j20 -l20
[3.657s] DEBUG:colcon.colcon_core.event_handler.log_command:Invoking command in '/chess_ROS2_humble/ros2_ws/build/comp_vision_interfaces': CMAKE_PREFIX_PATH=/opt/ros/humble /usr/bin/cmake --install /chess_ROS2_humble/ros2_ws/build/comp_vision_interfaces
[3.710s] Level 1:colcon.colcon_core.environment:create_environment_scripts_only(comp_vision_interfaces)
[3.711s] DEBUG:colcon.colcon_core.event_handler.log_command:Invoked command in '/chess_ROS2_humble/ros2_ws/build/comp_vision_interfaces' returned '0': CMAKE_PREFIX_PATH=/opt/ros/humble /usr/bin/cmake --install /chess_ROS2_humble/ros2_ws/build/comp_vision_interfaces
[3.713s] Level 1:colcon.colcon_core.environment:checking '/chess_ROS2_humble/ros2_ws/install/comp_vision_interfaces' for CMake module files
[3.713s] Level 1:colcon.colcon_core.environment:checking '/chess_ROS2_humble/ros2_ws/install/comp_vision_interfaces' for CMake config files
[3.713s] Level 1:colcon.colcon_core.shell:create_environment_hook('comp_vision_interfaces', 'cmake_prefix_path')
[3.713s] INFO:colcon.colcon_core.shell:Creating environment hook '/chess_ROS2_humble/ros2_ws/install/comp_vision_interfaces/share/comp_vision_interfaces/hook/cmake_prefix_path.ps1'
[3.714s] INFO:colcon.colcon_core.shell:Creating environment descriptor '/chess_ROS2_humble/ros2_ws/install/comp_vision_interfaces/share/comp_vision_interfaces/hook/cmake_prefix_path.dsv'
[3.714s] INFO:colcon.colcon_core.shell:Creating environment hook '/chess_ROS2_humble/ros2_ws/install/comp_vision_interfaces/share/comp_vision_interfaces/hook/cmake_prefix_path.sh'
[3.715s] Level 1:colcon.colcon_core.environment:checking '/chess_ROS2_humble/ros2_ws/install/comp_vision_interfaces/lib'
[3.715s] Level 1:colcon.colcon_core.shell:create_environment_hook('comp_vision_interfaces', 'ld_library_path_lib')
[3.715s] INFO:colcon.colcon_core.shell:Creating environment hook '/chess_ROS2_humble/ros2_ws/install/comp_vision_interfaces/share/comp_vision_interfaces/hook/ld_library_path_lib.ps1'
[3.715s] INFO:colcon.colcon_core.shell:Creating environment descriptor '/chess_ROS2_humble/ros2_ws/install/comp_vision_interfaces/share/comp_vision_interfaces/hook/ld_library_path_lib.dsv'
[3.716s] INFO:colcon.colcon_core.shell:Creating environment hook '/chess_ROS2_humble/ros2_ws/install/comp_vision_interfaces/share/comp_vision_interfaces/hook/ld_library_path_lib.sh'
[3.716s] Level 1:colcon.colcon_core.environment:checking '/chess_ROS2_humble/ros2_ws/install/comp_vision_interfaces/bin'
[3.716s] Level 1:colcon.colcon_core.environment:checking '/chess_ROS2_humble/ros2_ws/install/comp_vision_interfaces/lib/pkgconfig/comp_vision_interfaces.pc'
[3.717s] Level 1:colcon.colcon_core.environment:checking '/chess_ROS2_humble/ros2_ws/install/comp_vision_interfaces/lib/python3.10/site-packages'
[3.717s] Level 1:colcon.colcon_core.environment:checking '/chess_ROS2_humble/ros2_ws/install/comp_vision_interfaces/bin'
[3.718s] INFO:colcon.colcon_core.shell:Creating package script '/chess_ROS2_humble/ros2_ws/install/comp_vision_interfaces/share/comp_vision_interfaces/package.ps1'
[3.718s] INFO:colcon.colcon_core.shell:Creating package descriptor '/chess_ROS2_humble/ros2_ws/install/comp_vision_interfaces/share/comp_vision_interfaces/package.dsv'
[3.719s] INFO:colcon.colcon_core.shell:Creating package script '/chess_ROS2_humble/ros2_ws/install/comp_vision_interfaces/share/comp_vision_interfaces/package.sh'
[3.719s] INFO:colcon.colcon_core.shell:Creating package script '/chess_ROS2_humble/ros2_ws/install/comp_vision_interfaces/share/comp_vision_interfaces/package.bash'
[3.719s] INFO:colcon.colcon_core.shell:Creating package script '/chess_ROS2_humble/ros2_ws/install/comp_vision_interfaces/share/comp_vision_interfaces/package.zsh'
[3.720s] Level 1:colcon.colcon_core.environment:create_file_with_runtime_dependencies(/chess_ROS2_humble/ros2_ws/install/comp_vision_interfaces/share/colcon-core/packages/comp_vision_interfaces)
[3.720s] Level 1:colcon.colcon_core.environment:create_environment_scripts_only(comp_vision_interfaces)
[3.720s] Level 1:colcon.colcon_core.environment:checking '/chess_ROS2_humble/ros2_ws/install/comp_vision_interfaces' for CMake module files
[3.721s] Level 1:colcon.colcon_core.environment:checking '/chess_ROS2_humble/ros2_ws/install/comp_vision_interfaces' for CMake config files
[3.721s] Level 1:colcon.colcon_core.shell:create_environment_hook('comp_vision_interfaces', 'cmake_prefix_path')
[3.721s] INFO:colcon.colcon_core.shell:Creating environment hook '/chess_ROS2_humble/ros2_ws/install/comp_vision_interfaces/share/comp_vision_interfaces/hook/cmake_prefix_path.ps1'
[3.721s] INFO:colcon.colcon_core.shell:Creating environment descriptor '/chess_ROS2_humble/ros2_ws/install/comp_vision_interfaces/share/comp_vision_interfaces/hook/cmake_prefix_path.dsv'
[3.722s] INFO:colcon.colcon_core.shell:Creating environment hook '/chess_ROS2_humble/ros2_ws/install/comp_vision_interfaces/share/comp_vision_interfaces/hook/cmake_prefix_path.sh'
[3.722s] Level 1:colcon.colcon_core.environment:checking '/chess_ROS2_humble/ros2_ws/install/comp_vision_interfaces/lib'
[3.722s] Level 1:colcon.colcon_core.shell:create_environment_hook('comp_vision_interfaces', 'ld_library_path_lib')
[3.722s] INFO:colcon.colcon_core.shell:Creating environment hook '/chess_ROS2_humble/ros2_ws/install/comp_vision_interfaces/share/comp_vision_interfaces/hook/ld_library_path_lib.ps1'
[3.722s] INFO:colcon.colcon_core.shell:Creating environment descriptor '/chess_ROS2_humble/ros2_ws/install/comp_vision_interfaces/share/comp_vision_interfaces/hook/ld_library_path_lib.dsv'
[3.723s] INFO:colcon.colcon_core.shell:Creating environment hook '/chess_ROS2_humble/ros2_ws/install/comp_vision_interfaces/share/comp_vision_interfaces/hook/ld_library_path_lib.sh'
[3.723s] Level 1:colcon.colcon_core.environment:checking '/chess_ROS2_humble/ros2_ws/install/comp_vision_interfaces/bin'
[3.723s] Level 1:colcon.colcon_core.environment:checking '/chess_ROS2_humble/ros2_ws/install/comp_vision_interfaces/lib/pkgconfig/comp_vision_interfaces.pc'
[3.723s] Level 1:colcon.colcon_core.environment:checking '/chess_ROS2_humble/ros2_ws/install/comp_vision_interfaces/lib/python3.10/site-packages'
[3.723s] Level 1:colcon.colcon_core.environment:checking '/chess_ROS2_humble/ros2_ws/install/comp_vision_interfaces/bin'
[3.724s] INFO:colcon.colcon_core.shell:Creating package script '/chess_ROS2_humble/ros2_ws/install/comp_vision_interfaces/share/comp_vision_interfaces/package.ps1'
[3.724s] INFO:colcon.colcon_core.shell:Creating package descriptor '/chess_ROS2_humble/ros2_ws/install/comp_vision_interfaces/share/comp_vision_interfaces/package.dsv'
[3.724s] INFO:colcon.colcon_core.shell:Creating package script '/chess_ROS2_humble/ros2_ws/install/comp_vision_interfaces/share/comp_vision_interfaces/package.sh'
[3.725s] INFO:colcon.colcon_core.shell:Creating package script '/chess_ROS2_humble/ros2_ws/install/comp_vision_interfaces/share/comp_vision_interfaces/package.bash'
[3.725s] INFO:colcon.colcon_core.shell:Creating package script '/chess_ROS2_humble/ros2_ws/install/comp_vision_interfaces/share/comp_vision_interfaces/package.zsh'
[3.725s] Level 1:colcon.colcon_core.environment:create_file_with_runtime_dependencies(/chess_ROS2_humble/ros2_ws/install/comp_vision_interfaces/share/colcon-core/packages/comp_vision_interfaces)
[3.725s] DEBUG:colcon.colcon_parallel_executor.executor.parallel:closing loop
[3.725s] DEBUG:colcon.colcon_parallel_executor.executor.parallel:loop closed
[3.726s] DEBUG:colcon.colcon_parallel_executor.executor.parallel:run_until_complete finished with '0'
[3.726s] DEBUG:colcon.colcon_core.event_reactor:joining thread
[3.734s] INFO:colcon.colcon_core.plugin_system:Skipping extension 'colcon_notification.desktop_notification.notify_send': Could not find 'notify-send'
[3.735s] INFO:colcon.colcon_core.plugin_system:Skipping extension 'colcon_notification.desktop_notification.terminal_notifier': Not used on non-Darwin systems
[3.735s] INFO:colcon.colcon_core.plugin_system:Skipping extension 'colcon_notification.desktop_notification.win32': Not used on non-Windows systems
[3.735s] INFO:colcon.colcon_notification.desktop_notification:Sending desktop notification using 'notify2'
[3.743s] DEBUG:colcon.colcon_notification.desktop_notification.notify2:Failed to initialize notify2: org.freedesktop.DBus.Error.Spawn.ExecFailed: /usr/bin/dbus-launch terminated abnormally without any error message
[3.744s] DEBUG:colcon.colcon_core.event_reactor:joined thread
[3.744s] INFO:colcon.colcon_core.shell:Creating prefix script '/chess_ROS2_humble/ros2_ws/install/local_setup.ps1'
[3.745s] INFO:colcon.colcon_core.shell:Creating prefix util module '/chess_ROS2_humble/ros2_ws/install/_local_setup_util_ps1.py'
[3.746s] INFO:colcon.colcon_core.shell:Creating prefix chain script '/chess_ROS2_humble/ros2_ws/install/setup.ps1'
[3.747s] INFO:colcon.colcon_core.shell:Creating prefix script '/chess_ROS2_humble/ros2_ws/install/local_setup.sh'
[3.748s] INFO:colcon.colcon_core.shell:Creating prefix util module '/chess_ROS2_humble/ros2_ws/install/_local_setup_util_sh.py'
[3.748s] INFO:colcon.colcon_core.shell:Creating prefix chain script '/chess_ROS2_humble/ros2_ws/install/setup.sh'
[3.749s] INFO:colcon.colcon_core.shell:Creating prefix script '/chess_ROS2_humble/ros2_ws/install/local_setup.bash'
[3.749s] INFO:colcon.colcon_core.shell:Creating prefix chain script '/chess_ROS2_humble/ros2_ws/install/setup.bash'
[3.750s] INFO:colcon.colcon_core.shell:Creating prefix script '/chess_ROS2_humble/ros2_ws/install/local_setup.zsh'
[3.751s] INFO:colcon.colcon_core.shell:Creating prefix chain script '/chess_ROS2_humble/ros2_ws/install/setup.zsh'
