[0.354s] Invoking command in '/chess_ROS2_humble/ros2_ws/src/stockfish': PYTHONPATH=/chess_ROS2_humble/ros2_ws/build/stockfish/prefix_override:/usr/lib/python3/dist-packages/colcon_core/task/python/colcon_distutils_commands:/chess_ROS2_humble/ros2_ws/install/stockfish/lib/python3.10/site-packages:${PYTHONPATH} /usr/bin/python3 -W ignore:setup.py install is deprecated -W ignore:easy_install command is deprecated setup.py egg_info --egg-base ../../build/stockfish build --build-base /chess_ROS2_humble/ros2_ws/build/stockfish/build install --record /chess_ROS2_humble/ros2_ws/build/stockfish/install.log --single-version-externally-managed install_data
[0.489s] running egg_info
[0.489s] writing ../../build/stockfish/stockfish.egg-info/PKG-INFO
[0.490s] writing dependency_links to ../../build/stockfish/stockfish.egg-info/dependency_links.txt
[0.490s] writing entry points to ../../build/stockfish/stockfish.egg-info/entry_points.txt
[0.490s] writing requirements to ../../build/stockfish/stockfish.egg-info/requires.txt
[0.490s] writing top-level names to ../../build/stockfish/stockfish.egg-info/top_level.txt
[0.491s] reading manifest file '../../build/stockfish/stockfish.egg-info/SOURCES.txt'
[0.491s] writing manifest file '../../build/stockfish/stockfish.egg-info/SOURCES.txt'
[0.491s] running build
[0.491s] running build_py
[0.491s] running install
[0.491s] running install_lib
[0.492s] running install_data
[0.492s] running install_egg_info
[0.493s] removing '/chess_ROS2_humble/ros2_ws/install/stockfish/lib/python3.10/site-packages/stockfish-0.0.0-py3.10.egg-info' (and everything under it)
[0.493s] Copying ../../build/stockfish/stockfish.egg-info to /chess_ROS2_humble/ros2_ws/install/stockfish/lib/python3.10/site-packages/stockfish-0.0.0-py3.10.egg-info
[0.493s] running install_scripts
[0.506s] Installing stockfish script to /chess_ROS2_humble/ros2_ws/install/stockfish/lib/stockfish
[0.506s] writing list of installed files to '/chess_ROS2_humble/ros2_ws/build/stockfish/install.log'
[0.520s] Invoked command in '/chess_ROS2_humble/ros2_ws/src/stockfish' returned '0': PYTHONPATH=/chess_ROS2_humble/ros2_ws/build/stockfish/prefix_override:/usr/lib/python3/dist-packages/colcon_core/task/python/colcon_distutils_commands:/chess_ROS2_humble/ros2_ws/install/stockfish/lib/python3.10/site-packages:${PYTHONPATH} /usr/bin/python3 -W ignore:setup.py install is deprecated -W ignore:easy_install command is deprecated setup.py egg_info --egg-base ../../build/stockfish build --build-base /chess_ROS2_humble/ros2_ws/build/stockfish/build install --record /chess_ROS2_humble/ros2_ws/build/stockfish/install.log --single-version-externally-managed install_data
