[0.088s] DEBUG:colcon:Command line arguments: ['/usr/bin/colcon', 'build', '--packages-select', 'interfaces']
[0.088s] DEBUG:colcon:Parsed command line arguments: Namespace(log_base=None, log_level=None, verb_name='build', build_base='build', install_base='install', merge_install=False, symlink_install=False, test_result_base=None, continue_on_error=False, executor='parallel', parallel_workers=20, event_handlers=None, ignore_user_meta=False, metas=['./colcon.meta'], base_paths=['.'], packages_ignore=None, packages_ignore_regex=None, paths=None, packages_up_to=None, packages_up_to_regex=None, packages_above=None, packages_above_and_dependencies=None, packages_above_depth=None, packages_select_by_dep=None, packages_skip_by_dep=None, packages_skip_up_to=None, packages_select_build_failed=False, packages_skip_build_finished=False, packages_select_test_failures=False, packages_skip_test_passed=False, packages_select=['interfaces'], packages_skip=None, packages_select_regex=None, packages_skip_regex=None, packages_start=None, packages_end=None, cmake_args=None, cmake_target=None, cmake_target_skip_unavailable=False, cmake_clean_cache=False, cmake_clean_first=False, cmake_force_configure=False, ament_cmake_args=None, catkin_cmake_args=None, catkin_skip_building_tests=False, mixin_files=None, mixin=None, verb_parser=<colcon_mixin.mixin.mixin_argument.MixinArgumentDecorator object at 0x7f1a9b3cd660>, verb_extension=<colcon_core.verb.build.BuildVerb object at 0x7f1a9b51e5f0>, main=<bound method BuildVerb.main of <colcon_core.verb.build.BuildVerb object at 0x7f1a9b51e5f0>>, mixin_verb=('build',))
[0.215s] Level 1:colcon.colcon_core.package_discovery:discover_packages(colcon_meta) check parameters
[0.215s] Level 1:colcon.colcon_core.package_discovery:discover_packages(recursive) check parameters
[0.215s] Level 1:colcon.colcon_core.package_discovery:discover_packages(ignore) check parameters
[0.215s] Level 1:colcon.colcon_core.package_discovery:discover_packages(path) check parameters
[0.215s] Level 1:colcon.colcon_core.package_discovery:discover_packages(colcon_meta) discover
[0.215s] Level 1:colcon.colcon_core.package_discovery:discover_packages(recursive) discover
[0.215s] INFO:colcon.colcon_core.package_discovery:Crawling recursively for packages in '/chess_ROS2_humble/ros2_ws'
[0.215s] Level 1:colcon.colcon_core.package_identification:_identify(.) by extensions ['ignore', 'ignore_ament_install']
[0.215s] Level 1:colcon.colcon_core.package_identification:_identify(.) by extension 'ignore'
[0.215s] Level 1:colcon.colcon_core.package_identification:_identify(.) by extension 'ignore_ament_install'
[0.216s] Level 1:colcon.colcon_core.package_identification:_identify(.) by extensions ['colcon_pkg']
[0.216s] Level 1:colcon.colcon_core.package_identification:_identify(.) by extension 'colcon_pkg'
[0.216s] Level 1:colcon.colcon_core.package_identification:_identify(.) by extensions ['colcon_meta']
[0.216s] Level 1:colcon.colcon_core.package_identification:_identify(.) by extension 'colcon_meta'
[0.216s] Level 1:colcon.colcon_core.package_identification:_identify(.) by extensions ['ros']
[0.216s] Level 1:colcon.colcon_core.package_identification:_identify(.) by extension 'ros'
[0.227s] Level 1:colcon.colcon_core.package_identification:_identify(.) by extensions ['cmake', 'python']
[0.227s] Level 1:colcon.colcon_core.package_identification:_identify(.) by extension 'cmake'
[0.228s] Level 1:colcon.colcon_core.package_identification:_identify(.) by extension 'python'
[0.228s] Level 1:colcon.colcon_core.package_identification:_identify(.) by extensions ['python_setup_py']
[0.228s] Level 1:colcon.colcon_core.package_identification:_identify(.) by extension 'python_setup_py'
[0.228s] Level 1:colcon.colcon_core.package_identification:_identify(build) by extensions ['ignore', 'ignore_ament_install']
[0.228s] Level 1:colcon.colcon_core.package_identification:_identify(build) by extension 'ignore'
[0.228s] Level 1:colcon.colcon_core.package_identification:_identify(build) ignored
[0.228s] Level 1:colcon.colcon_core.package_identification:_identify(install) by extensions ['ignore', 'ignore_ament_install']
[0.228s] Level 1:colcon.colcon_core.package_identification:_identify(install) by extension 'ignore'
[0.228s] Level 1:colcon.colcon_core.package_identification:_identify(install) ignored
[0.228s] Level 1:colcon.colcon_core.package_identification:_identify(log) by extensions ['ignore', 'ignore_ament_install']
[0.228s] Level 1:colcon.colcon_core.package_identification:_identify(log) by extension 'ignore'
[0.228s] Level 1:colcon.colcon_core.package_identification:_identify(log) ignored
[0.228s] Level 1:colcon.colcon_core.package_identification:_identify(src) by extensions ['ignore', 'ignore_ament_install']
[0.228s] Level 1:colcon.colcon_core.package_identification:_identify(src) by extension 'ignore'
[0.228s] Level 1:colcon.colcon_core.package_identification:_identify(src) by extension 'ignore_ament_install'
[0.228s] Level 1:colcon.colcon_core.package_identification:_identify(src) by extensions ['colcon_pkg']
[0.228s] Level 1:colcon.colcon_core.package_identification:_identify(src) by extension 'colcon_pkg'
[0.228s] Level 1:colcon.colcon_core.package_identification:_identify(src) by extensions ['colcon_meta']
[0.229s] Level 1:colcon.colcon_core.package_identification:_identify(src) by extension 'colcon_meta'
[0.229s] Level 1:colcon.colcon_core.package_identification:_identify(src) by extensions ['ros']
[0.229s] Level 1:colcon.colcon_core.package_identification:_identify(src) by extension 'ros'
[0.229s] Level 1:colcon.colcon_core.package_identification:_identify(src) by extensions ['cmake', 'python']
[0.229s] Level 1:colcon.colcon_core.package_identification:_identify(src) by extension 'cmake'
[0.229s] Level 1:colcon.colcon_core.package_identification:_identify(src) by extension 'python'
[0.229s] Level 1:colcon.colcon_core.package_identification:_identify(src) by extensions ['python_setup_py']
[0.229s] Level 1:colcon.colcon_core.package_identification:_identify(src) by extension 'python_setup_py'
[0.229s] Level 1:colcon.colcon_core.package_identification:_identify(src/comp_vision) by extensions ['ignore', 'ignore_ament_install']
[0.229s] Level 1:colcon.colcon_core.package_identification:_identify(src/comp_vision) by extension 'ignore'
[0.229s] Level 1:colcon.colcon_core.package_identification:_identify(src/comp_vision) by extension 'ignore_ament_install'
[0.229s] Level 1:colcon.colcon_core.package_identification:_identify(src/comp_vision) by extensions ['colcon_pkg']
[0.229s] Level 1:colcon.colcon_core.package_identification:_identify(src/comp_vision) by extension 'colcon_pkg'
[0.229s] Level 1:colcon.colcon_core.package_identification:_identify(src/comp_vision) by extensions ['colcon_meta']
[0.229s] Level 1:colcon.colcon_core.package_identification:_identify(src/comp_vision) by extension 'colcon_meta'
[0.229s] Level 1:colcon.colcon_core.package_identification:_identify(src/comp_vision) by extensions ['ros']
[0.229s] Level 1:colcon.colcon_core.package_identification:_identify(src/comp_vision) by extension 'ros'
[0.232s] DEBUG:colcon.colcon_core.package_identification:Package 'src/comp_vision' with type 'ros.ament_python' and name 'comp_vision'
[0.232s] Level 1:colcon.colcon_core.package_identification:_identify(src/game) by extensions ['ignore', 'ignore_ament_install']
[0.232s] Level 1:colcon.colcon_core.package_identification:_identify(src/game) by extension 'ignore'
[0.232s] Level 1:colcon.colcon_core.package_identification:_identify(src/game) by extension 'ignore_ament_install'
[0.232s] Level 1:colcon.colcon_core.package_identification:_identify(src/game) by extensions ['colcon_pkg']
[0.232s] Level 1:colcon.colcon_core.package_identification:_identify(src/game) by extension 'colcon_pkg'
[0.233s] Level 1:colcon.colcon_core.package_identification:_identify(src/game) by extensions ['colcon_meta']
[0.233s] Level 1:colcon.colcon_core.package_identification:_identify(src/game) by extension 'colcon_meta'
[0.233s] Level 1:colcon.colcon_core.package_identification:_identify(src/game) by extensions ['ros']
[0.233s] Level 1:colcon.colcon_core.package_identification:_identify(src/game) by extension 'ros'
[0.233s] DEBUG:colcon.colcon_core.package_identification:Package 'src/game' with type 'ros.ament_python' and name 'game'
[0.233s] Level 1:colcon.colcon_core.package_identification:_identify(src/interfaces) by extensions ['ignore', 'ignore_ament_install']
[0.233s] Level 1:colcon.colcon_core.package_identification:_identify(src/interfaces) by extension 'ignore'
[0.233s] Level 1:colcon.colcon_core.package_identification:_identify(src/interfaces) by extension 'ignore_ament_install'
[0.233s] Level 1:colcon.colcon_core.package_identification:_identify(src/interfaces) by extensions ['colcon_pkg']
[0.233s] Level 1:colcon.colcon_core.package_identification:_identify(src/interfaces) by extension 'colcon_pkg'
[0.233s] Level 1:colcon.colcon_core.package_identification:_identify(src/interfaces) by extensions ['colcon_meta']
[0.233s] Level 1:colcon.colcon_core.package_identification:_identify(src/interfaces) by extension 'colcon_meta'
[0.233s] Level 1:colcon.colcon_core.package_identification:_identify(src/interfaces) by extensions ['ros']
[0.233s] Level 1:colcon.colcon_core.package_identification:_identify(src/interfaces) by extension 'ros'
[0.234s] DEBUG:colcon.colcon_core.package_identification:Package 'src/interfaces' with type 'ros.ament_cmake' and name 'interfaces'
[0.234s] Level 1:colcon.colcon_core.package_identification:_identify(src/move) by extensions ['ignore', 'ignore_ament_install']
[0.234s] Level 1:colcon.colcon_core.package_identification:_identify(src/move) by extension 'ignore'
[0.234s] Level 1:colcon.colcon_core.package_identification:_identify(src/move) by extension 'ignore_ament_install'
[0.234s] Level 1:colcon.colcon_core.package_identification:_identify(src/move) by extensions ['colcon_pkg']
[0.234s] Level 1:colcon.colcon_core.package_identification:_identify(src/move) by extension 'colcon_pkg'
[0.234s] Level 1:colcon.colcon_core.package_identification:_identify(src/move) by extensions ['colcon_meta']
[0.234s] Level 1:colcon.colcon_core.package_identification:_identify(src/move) by extension 'colcon_meta'
[0.234s] Level 1:colcon.colcon_core.package_identification:_identify(src/move) by extensions ['ros']
[0.234s] Level 1:colcon.colcon_core.package_identification:_identify(src/move) by extension 'ros'
[0.235s] DEBUG:colcon.colcon_core.package_identification:Package 'src/move' with type 'ros.ament_python' and name 'move'
[0.235s] Level 1:colcon.colcon_core.package_identification:_identify(src/stockfish) by extensions ['ignore', 'ignore_ament_install']
[0.235s] Level 1:colcon.colcon_core.package_identification:_identify(src/stockfish) by extension 'ignore'
[0.235s] Level 1:colcon.colcon_core.package_identification:_identify(src/stockfish) by extension 'ignore_ament_install'
[0.235s] Level 1:colcon.colcon_core.package_identification:_identify(src/stockfish) by extensions ['colcon_pkg']
[0.235s] Level 1:colcon.colcon_core.package_identification:_identify(src/stockfish) by extension 'colcon_pkg'
[0.235s] Level 1:colcon.colcon_core.package_identification:_identify(src/stockfish) by extensions ['colcon_meta']
[0.235s] Level 1:colcon.colcon_core.package_identification:_identify(src/stockfish) by extension 'colcon_meta'
[0.235s] Level 1:colcon.colcon_core.package_identification:_identify(src/stockfish) by extensions ['ros']
[0.235s] Level 1:colcon.colcon_core.package_identification:_identify(src/stockfish) by extension 'ros'
[0.235s] DEBUG:colcon.colcon_core.package_identification:Package 'src/stockfish' with type 'ros.ament_python' and name 'stockfish'
[0.235s] Level 1:colcon.colcon_core.package_discovery:discover_packages(recursive) using defaults
[0.236s] Level 1:colcon.colcon_core.package_discovery:discover_packages(ignore) discover
[0.236s] Level 1:colcon.colcon_core.package_discovery:discover_packages(ignore) using defaults
[0.236s] Level 1:colcon.colcon_core.package_discovery:discover_packages(path) discover
[0.236s] Level 1:colcon.colcon_core.package_discovery:discover_packages(path) using defaults
[0.254s] INFO:colcon.colcon_core.package_selection:Skipping not selected package 'comp_vision' in 'src/comp_vision'
[0.254s] INFO:colcon.colcon_core.package_selection:Skipping not selected package 'game' in 'src/game'
[0.254s] INFO:colcon.colcon_core.package_selection:Skipping not selected package 'move' in 'src/move'
[0.254s] INFO:colcon.colcon_core.package_selection:Skipping not selected package 'stockfish' in 'src/stockfish'
[0.255s] Level 5:colcon.colcon_core.verb:set package 'interfaces' build argument 'cmake_args' from command line to 'None'
[0.255s] Level 5:colcon.colcon_core.verb:set package 'interfaces' build argument 'cmake_target' from command line to 'None'
[0.255s] Level 5:colcon.colcon_core.verb:set package 'interfaces' build argument 'cmake_target_skip_unavailable' from command line to 'False'
[0.255s] Level 5:colcon.colcon_core.verb:set package 'interfaces' build argument 'cmake_clean_cache' from command line to 'False'
[0.255s] Level 5:colcon.colcon_core.verb:set package 'interfaces' build argument 'cmake_clean_first' from command line to 'False'
[0.255s] Level 5:colcon.colcon_core.verb:set package 'interfaces' build argument 'cmake_force_configure' from command line to 'False'
[0.255s] Level 5:colcon.colcon_core.verb:set package 'interfaces' build argument 'ament_cmake_args' from command line to 'None'
[0.255s] Level 5:colcon.colcon_core.verb:set package 'interfaces' build argument 'catkin_cmake_args' from command line to 'None'
[0.255s] Level 5:colcon.colcon_core.verb:set package 'interfaces' build argument 'catkin_skip_building_tests' from command line to 'False'
[0.255s] DEBUG:colcon.colcon_core.verb:Building package 'interfaces' with the following arguments: {'ament_cmake_args': None, 'build_base': '/chess_ROS2_humble/ros2_ws/build/interfaces', 'catkin_cmake_args': None, 'catkin_skip_building_tests': False, 'cmake_args': None, 'cmake_clean_cache': False, 'cmake_clean_first': False, 'cmake_force_configure': False, 'cmake_target': None, 'cmake_target_skip_unavailable': False, 'install_base': '/chess_ROS2_humble/ros2_ws/install/interfaces', 'merge_install': False, 'path': '/chess_ROS2_humble/ros2_ws/src/interfaces', 'symlink_install': False, 'test_result_base': None}
[0.255s] INFO:colcon.colcon_core.executor:Executing jobs using 'parallel' executor
[0.256s] DEBUG:colcon.colcon_parallel_executor.executor.parallel:run_until_complete
[0.256s] INFO:colcon.colcon_ros.task.ament_cmake.build:Building ROS package in '/chess_ROS2_humble/ros2_ws/src/interfaces' with build type 'ament_cmake'
[0.256s] INFO:colcon.colcon_cmake.task.cmake.build:Building CMake package in '/chess_ROS2_humble/ros2_ws/src/interfaces'
[0.259s] INFO:colcon.colcon_core.plugin_system:Skipping extension 'colcon_core.shell.bat': Not used on non-Windows systems
[0.259s] INFO:colcon.colcon_core.shell:Skip shell extension 'powershell' for command environment: Not usable outside of PowerShell
[0.259s] DEBUG:colcon.colcon_core.shell:Skip shell extension 'dsv' for command environment
[0.262s] WARNING:colcon.colcon_core.prefix_path.colcon:The path '/chess_ROS2_humble/ros2_ws/src/install' in the environment variable COLCON_PREFIX_PATH doesn't exist
[0.262s] WARNING:colcon.colcon_ros.prefix_path.ament:The path '/chess_ROS2_humble/ros2_ws/src/install/interfaces' in the environment variable AMENT_PREFIX_PATH doesn't exist
[0.262s] WARNING:colcon.colcon_ros.prefix_path.catkin:The path '/chess_ROS2_humble/ros2_ws/src/install/interfaces' in the environment variable CMAKE_PREFIX_PATH doesn't exist
[0.272s] DEBUG:colcon.colcon_core.event_handler.log_command:Invoking command in '/chess_ROS2_humble/ros2_ws/build/interfaces': CMAKE_PREFIX_PATH=${CMAKE_PREFIX_PATH}:/opt/ros/humble /usr/bin/cmake /chess_ROS2_humble/ros2_ws/src/interfaces -DCMAKE_INSTALL_PREFIX=/chess_ROS2_humble/ros2_ws/install/interfaces
[1.553s] DEBUG:colcon.colcon_core.event_handler.log_command:Invoked command in '/chess_ROS2_humble/ros2_ws/build/interfaces' returned '0': CMAKE_PREFIX_PATH=${CMAKE_PREFIX_PATH}:/opt/ros/humble /usr/bin/cmake /chess_ROS2_humble/ros2_ws/src/interfaces -DCMAKE_INSTALL_PREFIX=/chess_ROS2_humble/ros2_ws/install/interfaces
[1.568s] DEBUG:colcon.colcon_core.event_handler.log_command:Invoking command in '/chess_ROS2_humble/ros2_ws/build/interfaces': CMAKE_PREFIX_PATH=${CMAKE_PREFIX_PATH}:/opt/ros/humble /usr/bin/cmake --build /chess_ROS2_humble/ros2_ws/build/interfaces -- -j20 -l20
[3.811s] DEBUG:colcon.colcon_core.event_handler.log_command:Invoked command in '/chess_ROS2_humble/ros2_ws/build/interfaces' returned '0': CMAKE_PREFIX_PATH=${CMAKE_PREFIX_PATH}:/opt/ros/humble /usr/bin/cmake --build /chess_ROS2_humble/ros2_ws/build/interfaces -- -j20 -l20
[3.820s] DEBUG:colcon.colcon_core.event_handler.log_command:Invoking command in '/chess_ROS2_humble/ros2_ws/build/interfaces': CMAKE_PREFIX_PATH=${CMAKE_PREFIX_PATH}:/opt/ros/humble /usr/bin/cmake --install /chess_ROS2_humble/ros2_ws/build/interfaces
[3.883s] Level 1:colcon.colcon_core.environment:create_environment_scripts_only(interfaces)
[3.884s] DEBUG:colcon.colcon_core.event_handler.log_command:Invoked command in '/chess_ROS2_humble/ros2_ws/build/interfaces' returned '0': CMAKE_PREFIX_PATH=${CMAKE_PREFIX_PATH}:/opt/ros/humble /usr/bin/cmake --install /chess_ROS2_humble/ros2_ws/build/interfaces
[3.886s] Level 1:colcon.colcon_core.environment:checking '/chess_ROS2_humble/ros2_ws/install/interfaces' for CMake module files
[3.886s] Level 1:colcon.colcon_core.environment:checking '/chess_ROS2_humble/ros2_ws/install/interfaces' for CMake config files
[3.886s] Level 1:colcon.colcon_core.shell:create_environment_hook('interfaces', 'cmake_prefix_path')
[3.886s] INFO:colcon.colcon_core.shell:Creating environment hook '/chess_ROS2_humble/ros2_ws/install/interfaces/share/interfaces/hook/cmake_prefix_path.ps1'
[3.887s] INFO:colcon.colcon_core.shell:Creating environment descriptor '/chess_ROS2_humble/ros2_ws/install/interfaces/share/interfaces/hook/cmake_prefix_path.dsv'
[3.887s] INFO:colcon.colcon_core.shell:Creating environment hook '/chess_ROS2_humble/ros2_ws/install/interfaces/share/interfaces/hook/cmake_prefix_path.sh'
[3.888s] Level 1:colcon.colcon_core.environment:checking '/chess_ROS2_humble/ros2_ws/install/interfaces/lib'
[3.888s] Level 1:colcon.colcon_core.shell:create_environment_hook('interfaces', 'ld_library_path_lib')
[3.888s] INFO:colcon.colcon_core.shell:Creating environment hook '/chess_ROS2_humble/ros2_ws/install/interfaces/share/interfaces/hook/ld_library_path_lib.ps1'
[3.888s] INFO:colcon.colcon_core.shell:Creating environment descriptor '/chess_ROS2_humble/ros2_ws/install/interfaces/share/interfaces/hook/ld_library_path_lib.dsv'
[3.888s] INFO:colcon.colcon_core.shell:Creating environment hook '/chess_ROS2_humble/ros2_ws/install/interfaces/share/interfaces/hook/ld_library_path_lib.sh'
[3.888s] Level 1:colcon.colcon_core.environment:checking '/chess_ROS2_humble/ros2_ws/install/interfaces/bin'
[3.888s] Level 1:colcon.colcon_core.environment:checking '/chess_ROS2_humble/ros2_ws/install/interfaces/lib/pkgconfig/interfaces.pc'
[3.890s] Level 1:colcon.colcon_core.environment:checking '/chess_ROS2_humble/ros2_ws/install/interfaces/lib/python3.10/site-packages'
[3.890s] Level 1:colcon.colcon_core.environment:checking '/chess_ROS2_humble/ros2_ws/install/interfaces/bin'
[3.890s] INFO:colcon.colcon_core.shell:Creating package script '/chess_ROS2_humble/ros2_ws/install/interfaces/share/interfaces/package.ps1'
[3.891s] INFO:colcon.colcon_core.shell:Creating package descriptor '/chess_ROS2_humble/ros2_ws/install/interfaces/share/interfaces/package.dsv'
[3.891s] INFO:colcon.colcon_core.shell:Creating package script '/chess_ROS2_humble/ros2_ws/install/interfaces/share/interfaces/package.sh'
[3.892s] INFO:colcon.colcon_core.shell:Creating package script '/chess_ROS2_humble/ros2_ws/install/interfaces/share/interfaces/package.bash'
[3.892s] INFO:colcon.colcon_core.shell:Creating package script '/chess_ROS2_humble/ros2_ws/install/interfaces/share/interfaces/package.zsh'
[3.893s] Level 1:colcon.colcon_core.environment:create_file_with_runtime_dependencies(/chess_ROS2_humble/ros2_ws/install/interfaces/share/colcon-core/packages/interfaces)
[3.893s] Level 1:colcon.colcon_core.environment:create_environment_scripts_only(interfaces)
[3.893s] Level 1:colcon.colcon_core.environment:checking '/chess_ROS2_humble/ros2_ws/install/interfaces' for CMake module files
[3.894s] Level 1:colcon.colcon_core.environment:checking '/chess_ROS2_humble/ros2_ws/install/interfaces' for CMake config files
[3.894s] Level 1:colcon.colcon_core.shell:create_environment_hook('interfaces', 'cmake_prefix_path')
[3.894s] INFO:colcon.colcon_core.shell:Creating environment hook '/chess_ROS2_humble/ros2_ws/install/interfaces/share/interfaces/hook/cmake_prefix_path.ps1'
[3.894s] INFO:colcon.colcon_core.shell:Creating environment descriptor '/chess_ROS2_humble/ros2_ws/install/interfaces/share/interfaces/hook/cmake_prefix_path.dsv'
[3.894s] INFO:colcon.colcon_core.shell:Creating environment hook '/chess_ROS2_humble/ros2_ws/install/interfaces/share/interfaces/hook/cmake_prefix_path.sh'
[3.895s] Level 1:colcon.colcon_core.environment:checking '/chess_ROS2_humble/ros2_ws/install/interfaces/lib'
[3.895s] Level 1:colcon.colcon_core.shell:create_environment_hook('interfaces', 'ld_library_path_lib')
[3.895s] INFO:colcon.colcon_core.shell:Creating environment hook '/chess_ROS2_humble/ros2_ws/install/interfaces/share/interfaces/hook/ld_library_path_lib.ps1'
[3.895s] INFO:colcon.colcon_core.shell:Creating environment descriptor '/chess_ROS2_humble/ros2_ws/install/interfaces/share/interfaces/hook/ld_library_path_lib.dsv'
[3.895s] INFO:colcon.colcon_core.shell:Creating environment hook '/chess_ROS2_humble/ros2_ws/install/interfaces/share/interfaces/hook/ld_library_path_lib.sh'
[3.895s] Level 1:colcon.colcon_core.environment:checking '/chess_ROS2_humble/ros2_ws/install/interfaces/bin'
[3.896s] Level 1:colcon.colcon_core.environment:checking '/chess_ROS2_humble/ros2_ws/install/interfaces/lib/pkgconfig/interfaces.pc'
[3.896s] Level 1:colcon.colcon_core.environment:checking '/chess_ROS2_humble/ros2_ws/install/interfaces/lib/python3.10/site-packages'
[3.896s] Level 1:colcon.colcon_core.environment:checking '/chess_ROS2_humble/ros2_ws/install/interfaces/bin'
[3.896s] INFO:colcon.colcon_core.shell:Creating package script '/chess_ROS2_humble/ros2_ws/install/interfaces/share/interfaces/package.ps1'
[3.897s] INFO:colcon.colcon_core.shell:Creating package descriptor '/chess_ROS2_humble/ros2_ws/install/interfaces/share/interfaces/package.dsv'
[3.897s] INFO:colcon.colcon_core.shell:Creating package script '/chess_ROS2_humble/ros2_ws/install/interfaces/share/interfaces/package.sh'
[3.897s] INFO:colcon.colcon_core.shell:Creating package script '/chess_ROS2_humble/ros2_ws/install/interfaces/share/interfaces/package.bash'
[3.897s] INFO:colcon.colcon_core.shell:Creating package script '/chess_ROS2_humble/ros2_ws/install/interfaces/share/interfaces/package.zsh'
[3.898s] Level 1:colcon.colcon_core.environment:create_file_with_runtime_dependencies(/chess_ROS2_humble/ros2_ws/install/interfaces/share/colcon-core/packages/interfaces)
[3.898s] DEBUG:colcon.colcon_parallel_executor.executor.parallel:closing loop
[3.898s] DEBUG:colcon.colcon_parallel_executor.executor.parallel:loop closed
[3.898s] DEBUG:colcon.colcon_parallel_executor.executor.parallel:run_until_complete finished with '0'
[3.898s] DEBUG:colcon.colcon_core.event_reactor:joining thread
[3.903s] INFO:colcon.colcon_core.plugin_system:Skipping extension 'colcon_notification.desktop_notification.notify_send': Could not find 'notify-send'
[3.903s] INFO:colcon.colcon_core.plugin_system:Skipping extension 'colcon_notification.desktop_notification.terminal_notifier': Not used on non-Darwin systems
[3.903s] INFO:colcon.colcon_core.plugin_system:Skipping extension 'colcon_notification.desktop_notification.win32': Not used on non-Windows systems
[3.903s] INFO:colcon.colcon_notification.desktop_notification:Sending desktop notification using 'notify2'
[3.905s] DEBUG:colcon.colcon_notification.desktop_notification.notify2:Failed to initialize notify2: org.freedesktop.DBus.Error.Spawn.ExecFailed: /usr/bin/dbus-launch terminated abnormally without any error message
[3.905s] DEBUG:colcon.colcon_core.event_reactor:joined thread
[3.906s] INFO:colcon.colcon_core.shell:Creating prefix script '/chess_ROS2_humble/ros2_ws/install/local_setup.ps1'
[3.908s] INFO:colcon.colcon_core.shell:Creating prefix util module '/chess_ROS2_humble/ros2_ws/install/_local_setup_util_ps1.py'
[3.910s] INFO:colcon.colcon_core.shell:Creating prefix chain script '/chess_ROS2_humble/ros2_ws/install/setup.ps1'
[3.911s] INFO:colcon.colcon_core.shell:Creating prefix script '/chess_ROS2_humble/ros2_ws/install/local_setup.sh'
[3.912s] INFO:colcon.colcon_core.shell:Creating prefix util module '/chess_ROS2_humble/ros2_ws/install/_local_setup_util_sh.py'
[3.913s] INFO:colcon.colcon_core.shell:Creating prefix chain script '/chess_ROS2_humble/ros2_ws/install/setup.sh'
[3.913s] INFO:colcon.colcon_core.shell:Creating prefix script '/chess_ROS2_humble/ros2_ws/install/local_setup.bash'
[3.914s] INFO:colcon.colcon_core.shell:Creating prefix chain script '/chess_ROS2_humble/ros2_ws/install/setup.bash'
[3.914s] INFO:colcon.colcon_core.shell:Creating prefix script '/chess_ROS2_humble/ros2_ws/install/local_setup.zsh'
[3.915s] INFO:colcon.colcon_core.shell:Creating prefix chain script '/chess_ROS2_humble/ros2_ws/install/setup.zsh'
