[0.015s] Invoking command in '/chess_ROS2_humble/ros2_ws/build/interfaces': CMAKE_PREFIX_PATH=${CMAKE_PREFIX_PATH}:/opt/ros/humble /usr/bin/cmake /chess_ROS2_humble/ros2_ws/src/interfaces -DCMAKE_INSTALL_PREFIX=/chess_ROS2_humble/ros2_ws/install/interfaces
[0.070s] -- The C compiler identification is GNU 11.4.0
[0.113s] -- The CXX compiler identification is GNU 11.4.0
[0.121s] -- Detecting C compiler ABI info
[0.183s] -- Detecting C compiler ABI info - done
[0.205s] -- Check for working C compiler: /usr/bin/cc - skipped
[0.206s] -- Detecting C compile features
[0.206s] -- Detecting C compile features - done
[0.208s] -- Detecting CXX compiler ABI info
[0.276s] -- Detecting CXX compiler ABI info - done
[0.284s] -- Check for working CXX compiler: /usr/bin/c++ - skipped
[0.284s] -- Detecting CXX compile features
[0.285s] -- Detecting CXX compile features - done
[0.288s] -- Found ament_cmake: 1.3.13 (/opt/ros/humble/share/ament_cmake/cmake)
[0.426s] -- Found Python3: /usr/bin/python3 (found version "3.10.12") found components: Interpreter 
[0.523s] -- Found builtin_interfaces: 1.2.2 (/opt/ros/humble/share/builtin_interfaces/cmake)
[0.555s] -- Found rosidl_generator_c: 3.1.8 (/opt/ros/humble/share/rosidl_generator_c/cmake)
[0.562s] -- Found rosidl_adapter: 3.1.8 (/opt/ros/humble/share/rosidl_adapter/cmake)
[0.571s] -- Found rosidl_generator_cpp: 3.1.8 (/opt/ros/humble/share/rosidl_generator_cpp/cmake)
[0.582s] -- Using all available rosidl_typesupport_c: rosidl_typesupport_fastrtps_c;rosidl_typesupport_introspection_c
[0.596s] -- Using all available rosidl_typesupport_cpp: rosidl_typesupport_fastrtps_cpp;rosidl_typesupport_introspection_cpp
[0.612s] -- Found rosidl_default_generators: 1.2.0 (/opt/ros/humble/share/rosidl_default_generators/cmake)
[0.818s] -- Found ament_cmake_ros: 0.10.0 (/opt/ros/humble/share/ament_cmake_ros/cmake)
[1.061s] -- Using all available rosidl_typesupport_c: rosidl_typesupport_fastrtps_c;rosidl_typesupport_introspection_c
[1.152s] -- Using all available rosidl_typesupport_cpp: rosidl_typesupport_fastrtps_cpp;rosidl_typesupport_introspection_cpp
[1.169s] -- Found PythonInterp: /usr/bin/python3 (found suitable version "3.10.12", minimum required is "3.6") 
[1.171s] -- Found python_cmake_module: 0.10.0 (/opt/ros/humble/share/python_cmake_module/cmake)
[1.190s] -- Found PythonLibs: /usr/lib/x86_64-linux-gnu/libpython3.10.so (found suitable version "3.10.12", minimum required is "3.5") 
[1.191s] -- Using PYTHON_EXECUTABLE: /usr/bin/python3
[1.191s] -- Using PYTHON_INCLUDE_DIRS: /usr/include/python3.10
[1.191s] -- Using PYTHON_LIBRARIES: /usr/lib/x86_64-linux-gnu/libpython3.10.so
[1.206s] -- Found PythonExtra: .so  
[1.235s] -- Found ament_lint_auto: 0.12.15 (/opt/ros/humble/share/ament_lint_auto/cmake)
[1.256s] -- Added test 'lint_cmake' to check CMake code style
[1.257s] -- Added test 'xmllint' to check XML markup files
[1.258s] -- Configuring done
[1.283s] -- Generating done
[1.291s] -- Build files have been written to: /chess_ROS2_humble/ros2_ws/build/interfaces
[1.296s] Invoked command in '/chess_ROS2_humble/ros2_ws/build/interfaces' returned '0': CMAKE_PREFIX_PATH=${CMAKE_PREFIX_PATH}:/opt/ros/humble /usr/bin/cmake /chess_ROS2_humble/ros2_ws/src/interfaces -DCMAKE_INSTALL_PREFIX=/chess_ROS2_humble/ros2_ws/install/interfaces
[1.312s] Invoking command in '/chess_ROS2_humble/ros2_ws/build/interfaces': CMAKE_PREFIX_PATH=${CMAKE_PREFIX_PATH}:/opt/ros/humble /usr/bin/cmake --build /chess_ROS2_humble/ros2_ws/build/interfaces -- -j20 -l20
[1.329s] [  2%] [34m[1mGenerating C code for ROS interfaces[0m
[1.339s] [  4%] [34m[1mGenerating C++ code for ROS interfaces[0m
[1.347s] [  4%] Built target ament_cmake_python_copy_interfaces
[1.602s] running egg_info
[1.602s] creating interfaces.egg-info
[1.603s] writing interfaces.egg-info/PKG-INFO
[1.603s] writing dependency_links to interfaces.egg-info/dependency_links.txt
[1.603s] writing top-level names to interfaces.egg-info/top_level.txt
[1.603s] writing manifest file 'interfaces.egg-info/SOURCES.txt'
[1.605s] reading manifest file 'interfaces.egg-info/SOURCES.txt'
[1.605s] writing manifest file 'interfaces.egg-info/SOURCES.txt'
[1.632s] [  4%] Built target ament_cmake_python_build_interfaces_egg
[1.680s] [  6%] [32mBuilding C object CMakeFiles/interfaces__rosidl_generator_c.dir/rosidl_generator_c/interfaces/srv/detail/get_fen__functions.c.o[0m
[1.680s] [ 10%] [32mBuilding C object CMakeFiles/interfaces__rosidl_generator_c.dir/rosidl_generator_c/interfaces/srv/detail/move__functions.c.o[0m
[1.681s] [ 10%] [32mBuilding C object CMakeFiles/interfaces__rosidl_generator_c.dir/rosidl_generator_c/interfaces/srv/detail/get_move__functions.c.o[0m
[1.710s] [ 10%] Built target interfaces__cpp
[1.719s] [ 12%] [34m[1mGenerating C++ type support dispatch for ROS interfaces[0m
[1.720s] [ 14%] [34m[1mGenerating C++ type support for eProsima Fast-RTPS[0m
[1.724s] [ 17%] [34m[1mGenerating C++ introspection for ROS interfaces[0m
[1.738s] [ 19%] [32m[1mLinking C shared library libinterfaces__rosidl_generator_c.so[0m
[1.778s] [ 19%] Built target interfaces__rosidl_generator_c
[1.786s] [ 23%] [34m[1mGenerating C introspection for ROS interfaces[0m
[1.787s] [ 23%] [34m[1mGenerating C type support for eProsima Fast-RTPS[0m
[1.787s] [ 25%] [34m[1mGenerating C type support dispatch for ROS interfaces[0m
[2.001s] [ 29%] [32mBuilding CXX object CMakeFiles/interfaces__rosidl_typesupport_introspection_cpp.dir/rosidl_typesupport_introspection_cpp/interfaces/srv/detail/move__type_support.cpp.o[0m
[2.002s] [ 29%] [32mBuilding CXX object CMakeFiles/interfaces__rosidl_typesupport_introspection_cpp.dir/rosidl_typesupport_introspection_cpp/interfaces/srv/detail/get_fen__type_support.cpp.o[0m
[2.004s] [ 31%] [32mBuilding CXX object CMakeFiles/interfaces__rosidl_typesupport_introspection_cpp.dir/rosidl_typesupport_introspection_cpp/interfaces/srv/detail/get_move__type_support.cpp.o[0m
[2.100s] [ 34%] [32mBuilding CXX object CMakeFiles/interfaces__rosidl_typesupport_cpp.dir/rosidl_typesupport_cpp/interfaces/srv/get_fen__type_support.cpp.o[0m
[2.100s] [ 36%] [32mBuilding CXX object CMakeFiles/interfaces__rosidl_typesupport_cpp.dir/rosidl_typesupport_cpp/interfaces/srv/move__type_support.cpp.o[0m
[2.102s] [ 38%] [32mBuilding CXX object CMakeFiles/interfaces__rosidl_typesupport_c.dir/rosidl_typesupport_c/interfaces/srv/move__type_support.cpp.o[0m
[2.102s] [ 40%] [32mBuilding CXX object CMakeFiles/interfaces__rosidl_typesupport_cpp.dir/rosidl_typesupport_cpp/interfaces/srv/get_move__type_support.cpp.o[0m
[2.102s] [ 42%] [32mBuilding CXX object CMakeFiles/interfaces__rosidl_typesupport_c.dir/rosidl_typesupport_c/interfaces/srv/get_fen__type_support.cpp.o[0m
[2.103s] [ 44%] [32mBuilding CXX object CMakeFiles/interfaces__rosidl_typesupport_c.dir/rosidl_typesupport_c/interfaces/srv/get_move__type_support.cpp.o[0m
[2.120s] [ 46%] [32mBuilding C object CMakeFiles/interfaces__rosidl_typesupport_introspection_c.dir/rosidl_typesupport_introspection_c/interfaces/srv/detail/get_fen__type_support.c.o[0m
[2.124s] [ 48%] [32mBuilding C object CMakeFiles/interfaces__rosidl_typesupport_introspection_c.dir/rosidl_typesupport_introspection_c/interfaces/srv/detail/get_move__type_support.c.o[0m
[2.126s] [ 51%] [32mBuilding C object CMakeFiles/interfaces__rosidl_typesupport_introspection_c.dir/rosidl_typesupport_introspection_c/interfaces/srv/detail/move__type_support.c.o[0m
[2.130s] [ 53%] [32mBuilding CXX object CMakeFiles/interfaces__rosidl_typesupport_fastrtps_c.dir/rosidl_typesupport_fastrtps_c/interfaces/srv/detail/move__type_support_c.cpp.o[0m
[2.131s] [ 57%] [32mBuilding CXX object CMakeFiles/interfaces__rosidl_typesupport_fastrtps_c.dir/rosidl_typesupport_fastrtps_c/interfaces/srv/detail/get_move__type_support_c.cpp.o[0m
[2.131s] [ 57%] [32mBuilding CXX object CMakeFiles/interfaces__rosidl_typesupport_fastrtps_c.dir/rosidl_typesupport_fastrtps_c/interfaces/srv/detail/get_fen__type_support_c.cpp.o[0m
[2.143s] [ 59%] [32m[1mLinking CXX shared library libinterfaces__rosidl_typesupport_c.so[0m
[2.174s] [ 61%] [32m[1mLinking C shared library libinterfaces__rosidl_typesupport_introspection_c.so[0m
[2.223s] [ 63%] [32mBuilding CXX object CMakeFiles/interfaces__rosidl_typesupport_fastrtps_cpp.dir/rosidl_typesupport_fastrtps_cpp/interfaces/srv/detail/dds_fastrtps/get_fen__type_support.cpp.o[0m
[2.224s] [ 63%] Built target interfaces__rosidl_typesupport_introspection_c
[2.225s] [ 65%] [32mBuilding CXX object CMakeFiles/interfaces__rosidl_typesupport_fastrtps_cpp.dir/rosidl_typesupport_fastrtps_cpp/interfaces/srv/detail/dds_fastrtps/get_move__type_support.cpp.o[0m
[2.226s] [ 68%] [32mBuilding CXX object CMakeFiles/interfaces__rosidl_typesupport_fastrtps_cpp.dir/rosidl_typesupport_fastrtps_cpp/interfaces/srv/detail/dds_fastrtps/move__type_support.cpp.o[0m
[2.226s] [ 68%] Built target interfaces__rosidl_typesupport_c
[2.493s] [ 70%] [32m[1mLinking CXX shared library libinterfaces__rosidl_typesupport_cpp.so[0m
[2.536s] [ 72%] [32m[1mLinking CXX shared library libinterfaces__rosidl_typesupport_introspection_cpp.so[0m
[2.542s] [ 72%] Built target interfaces__rosidl_typesupport_cpp
[2.554s] [ 74%] [32m[1mLinking CXX shared library libinterfaces__rosidl_typesupport_fastrtps_c.so[0m
[2.605s] [ 74%] Built target interfaces__rosidl_typesupport_introspection_cpp
[2.635s] [ 74%] Built target interfaces__rosidl_typesupport_fastrtps_c
[2.712s] [ 76%] [32m[1mLinking CXX shared library libinterfaces__rosidl_typesupport_fastrtps_cpp.so[0m
[2.775s] [ 76%] Built target interfaces__rosidl_typesupport_fastrtps_cpp
[2.794s] [ 76%] Built target interfaces
[2.810s] [ 78%] [34m[1mGenerating Python code for ROS interfaces[0m
[3.245s] [ 78%] Built target interfaces__py
[3.262s] [ 80%] [32mBuilding C object CMakeFiles/interfaces__rosidl_generator_py.dir/rosidl_generator_py/interfaces/srv/_get_fen_s.c.o[0m
[3.263s] [ 82%] [32mBuilding C object CMakeFiles/interfaces__rosidl_generator_py.dir/rosidl_generator_py/interfaces/srv/_get_move_s.c.o[0m
[3.264s] [ 85%] [32mBuilding C object CMakeFiles/interfaces__rosidl_generator_py.dir/rosidl_generator_py/interfaces/srv/_move_s.c.o[0m
[3.360s] [ 87%] [32m[1mLinking C shared library rosidl_generator_py/interfaces/libinterfaces__rosidl_generator_py.so[0m
[3.392s] [ 87%] Built target interfaces__rosidl_generator_py
[3.408s] [ 89%] [32mBuilding C object CMakeFiles/interfaces__rosidl_typesupport_c__pyext.dir/rosidl_generator_py/interfaces/_interfaces_s.ep.rosidl_typesupport_c.c.o[0m
[3.409s] [ 91%] [32mBuilding C object CMakeFiles/interfaces__rosidl_typesupport_introspection_c__pyext.dir/rosidl_generator_py/interfaces/_interfaces_s.ep.rosidl_typesupport_introspection_c.c.o[0m
[3.410s] [ 93%] [32mBuilding C object CMakeFiles/interfaces__rosidl_typesupport_fastrtps_c__pyext.dir/rosidl_generator_py/interfaces/_interfaces_s.ep.rosidl_typesupport_fastrtps_c.c.o[0m
[3.498s] [ 97%] [32m[1mLinking C shared library rosidl_generator_py/interfaces/interfaces_s__rosidl_typesupport_fastrtps_c.cpython-310-x86_64-linux-gnu.so[0m
[3.498s] [ 97%] [32m[1mLinking C shared library rosidl_generator_py/interfaces/interfaces_s__rosidl_typesupport_c.cpython-310-x86_64-linux-gnu.so[0m
[3.510s] [100%] [32m[1mLinking C shared library rosidl_generator_py/interfaces/interfaces_s__rosidl_typesupport_introspection_c.cpython-310-x86_64-linux-gnu.so[0m
[3.532s] [100%] Built target interfaces__rosidl_typesupport_c__pyext
[3.533s] [100%] Built target interfaces__rosidl_typesupport_fastrtps_c__pyext
[3.545s] [100%] Built target interfaces__rosidl_typesupport_introspection_c__pyext
[3.555s] Invoked command in '/chess_ROS2_humble/ros2_ws/build/interfaces' returned '0': CMAKE_PREFIX_PATH=${CMAKE_PREFIX_PATH}:/opt/ros/humble /usr/bin/cmake --build /chess_ROS2_humble/ros2_ws/build/interfaces -- -j20 -l20
[3.563s] Invoking command in '/chess_ROS2_humble/ros2_ws/build/interfaces': CMAKE_PREFIX_PATH=${CMAKE_PREFIX_PATH}:/opt/ros/humble /usr/bin/cmake --install /chess_ROS2_humble/ros2_ws/build/interfaces
[3.570s] -- Install configuration: ""
[3.570s] -- Installing: /chess_ROS2_humble/ros2_ws/install/interfaces/share/ament_index/resource_index/rosidl_interfaces/interfaces
[3.571s] -- Installing: /chess_ROS2_humble/ros2_ws/install/interfaces/include/interfaces/interfaces
[3.571s] -- Installing: /chess_ROS2_humble/ros2_ws/install/interfaces/include/interfaces/interfaces/msg
[3.571s] -- Installing: /chess_ROS2_humble/ros2_ws/install/interfaces/include/interfaces/interfaces/msg/rosidl_generator_c__visibility_control.h
[3.571s] -- Installing: /chess_ROS2_humble/ros2_ws/install/interfaces/include/interfaces/interfaces/srv
[3.571s] -- Installing: /chess_ROS2_humble/ros2_ws/install/interfaces/include/interfaces/interfaces/srv/get_fen.h
[3.571s] -- Installing: /chess_ROS2_humble/ros2_ws/install/interfaces/include/interfaces/interfaces/srv/detail
[3.571s] -- Installing: /chess_ROS2_humble/ros2_ws/install/interfaces/include/interfaces/interfaces/srv/detail/get_fen__functions.c
[3.571s] -- Installing: /chess_ROS2_humble/ros2_ws/install/interfaces/include/interfaces/interfaces/srv/detail/get_fen__functions.h
[3.571s] -- Installing: /chess_ROS2_humble/ros2_ws/install/interfaces/include/interfaces/interfaces/srv/detail/get_fen__struct.h
[3.571s] -- Installing: /chess_ROS2_humble/ros2_ws/install/interfaces/include/interfaces/interfaces/srv/detail/get_fen__type_support.h
[3.571s] -- Installing: /chess_ROS2_humble/ros2_ws/install/interfaces/include/interfaces/interfaces/srv/detail/get_move__functions.c
[3.571s] -- Installing: /chess_ROS2_humble/ros2_ws/install/interfaces/include/interfaces/interfaces/srv/detail/get_move__functions.h
[3.572s] -- Installing: /chess_ROS2_humble/ros2_ws/install/interfaces/include/interfaces/interfaces/srv/detail/get_move__struct.h
[3.572s] -- Installing: /chess_ROS2_humble/ros2_ws/install/interfaces/include/interfaces/interfaces/srv/detail/get_move__type_support.h
[3.572s] -- Installing: /chess_ROS2_humble/ros2_ws/install/interfaces/include/interfaces/interfaces/srv/detail/move__functions.c
[3.572s] -- Installing: /chess_ROS2_humble/ros2_ws/install/interfaces/include/interfaces/interfaces/srv/detail/move__functions.h
[3.572s] -- Installing: /chess_ROS2_humble/ros2_ws/install/interfaces/include/interfaces/interfaces/srv/detail/move__struct.h
[3.573s] -- Installing: /chess_ROS2_humble/ros2_ws/install/interfaces/include/interfaces/interfaces/srv/detail/move__type_support.h
[3.573s] -- Installing: /chess_ROS2_humble/ros2_ws/install/interfaces/include/interfaces/interfaces/srv/get_move.h
[3.573s] -- Installing: /chess_ROS2_humble/ros2_ws/install/interfaces/include/interfaces/interfaces/srv/move.h
[3.573s] -- Installing: /chess_ROS2_humble/ros2_ws/install/interfaces/share/interfaces/environment/library_path.sh
[3.573s] -- Installing: /chess_ROS2_humble/ros2_ws/install/interfaces/share/interfaces/environment/library_path.dsv
[3.573s] -- Installing: /chess_ROS2_humble/ros2_ws/install/interfaces/lib/libinterfaces__rosidl_generator_c.so
[3.574s] -- Set runtime path of "/chess_ROS2_humble/ros2_ws/install/interfaces/lib/libinterfaces__rosidl_generator_c.so" to ""
[3.574s] -- Up-to-date: /chess_ROS2_humble/ros2_ws/install/interfaces/include/interfaces/interfaces
[3.574s] -- Up-to-date: /chess_ROS2_humble/ros2_ws/install/interfaces/include/interfaces/interfaces/msg
[3.574s] -- Installing: /chess_ROS2_humble/ros2_ws/install/interfaces/include/interfaces/interfaces/msg/rosidl_typesupport_fastrtps_c__visibility_control.h
[3.574s] -- Up-to-date: /chess_ROS2_humble/ros2_ws/install/interfaces/include/interfaces/interfaces/srv
[3.575s] -- Up-to-date: /chess_ROS2_humble/ros2_ws/install/interfaces/include/interfaces/interfaces/srv/detail
[3.575s] -- Installing: /chess_ROS2_humble/ros2_ws/install/interfaces/include/interfaces/interfaces/srv/detail/get_fen__rosidl_typesupport_fastrtps_c.h
[3.575s] -- Installing: /chess_ROS2_humble/ros2_ws/install/interfaces/include/interfaces/interfaces/srv/detail/get_move__rosidl_typesupport_fastrtps_c.h
[3.575s] -- Installing: /chess_ROS2_humble/ros2_ws/install/interfaces/include/interfaces/interfaces/srv/detail/move__rosidl_typesupport_fastrtps_c.h
[3.575s] -- Installing: /chess_ROS2_humble/ros2_ws/install/interfaces/lib/libinterfaces__rosidl_typesupport_fastrtps_c.so
[3.575s] -- Set runtime path of "/chess_ROS2_humble/ros2_ws/install/interfaces/lib/libinterfaces__rosidl_typesupport_fastrtps_c.so" to ""
[3.575s] -- Up-to-date: /chess_ROS2_humble/ros2_ws/install/interfaces/include/interfaces/interfaces
[3.576s] -- Up-to-date: /chess_ROS2_humble/ros2_ws/install/interfaces/include/interfaces/interfaces/msg
[3.576s] -- Installing: /chess_ROS2_humble/ros2_ws/install/interfaces/include/interfaces/interfaces/msg/rosidl_generator_cpp__visibility_control.hpp
[3.576s] -- Up-to-date: /chess_ROS2_humble/ros2_ws/install/interfaces/include/interfaces/interfaces/srv
[3.576s] -- Installing: /chess_ROS2_humble/ros2_ws/install/interfaces/include/interfaces/interfaces/srv/get_fen.hpp
[3.576s] -- Up-to-date: /chess_ROS2_humble/ros2_ws/install/interfaces/include/interfaces/interfaces/srv/detail
[3.576s] -- Installing: /chess_ROS2_humble/ros2_ws/install/interfaces/include/interfaces/interfaces/srv/detail/get_fen__builder.hpp
[3.576s] -- Installing: /chess_ROS2_humble/ros2_ws/install/interfaces/include/interfaces/interfaces/srv/detail/get_fen__struct.hpp
[3.576s] -- Installing: /chess_ROS2_humble/ros2_ws/install/interfaces/include/interfaces/interfaces/srv/detail/get_fen__traits.hpp
[3.576s] -- Installing: /chess_ROS2_humble/ros2_ws/install/interfaces/include/interfaces/interfaces/srv/detail/get_fen__type_support.hpp
[3.576s] -- Installing: /chess_ROS2_humble/ros2_ws/install/interfaces/include/interfaces/interfaces/srv/detail/get_move__builder.hpp
[3.576s] -- Installing: /chess_ROS2_humble/ros2_ws/install/interfaces/include/interfaces/interfaces/srv/detail/get_move__struct.hpp
[3.576s] -- Installing: /chess_ROS2_humble/ros2_ws/install/interfaces/include/interfaces/interfaces/srv/detail/get_move__traits.hpp
[3.576s] -- Installing: /chess_ROS2_humble/ros2_ws/install/interfaces/include/interfaces/interfaces/srv/detail/get_move__type_support.hpp
[3.577s] -- Installing: /chess_ROS2_humble/ros2_ws/install/interfaces/include/interfaces/interfaces/srv/detail/move__builder.hpp
[3.577s] -- Installing: /chess_ROS2_humble/ros2_ws/install/interfaces/include/interfaces/interfaces/srv/detail/move__struct.hpp
[3.577s] -- Installing: /chess_ROS2_humble/ros2_ws/install/interfaces/include/interfaces/interfaces/srv/detail/move__traits.hpp
[3.577s] -- Installing: /chess_ROS2_humble/ros2_ws/install/interfaces/include/interfaces/interfaces/srv/detail/move__type_support.hpp
[3.577s] -- Installing: /chess_ROS2_humble/ros2_ws/install/interfaces/include/interfaces/interfaces/srv/get_move.hpp
[3.577s] -- Installing: /chess_ROS2_humble/ros2_ws/install/interfaces/include/interfaces/interfaces/srv/move.hpp
[3.577s] -- Up-to-date: /chess_ROS2_humble/ros2_ws/install/interfaces/include/interfaces/interfaces
[3.577s] -- Up-to-date: /chess_ROS2_humble/ros2_ws/install/interfaces/include/interfaces/interfaces/msg
[3.577s] -- Installing: /chess_ROS2_humble/ros2_ws/install/interfaces/include/interfaces/interfaces/msg/rosidl_typesupport_fastrtps_cpp__visibility_control.h
[3.577s] -- Up-to-date: /chess_ROS2_humble/ros2_ws/install/interfaces/include/interfaces/interfaces/srv
[3.577s] -- Up-to-date: /chess_ROS2_humble/ros2_ws/install/interfaces/include/interfaces/interfaces/srv/detail
[3.577s] -- Installing: /chess_ROS2_humble/ros2_ws/install/interfaces/include/interfaces/interfaces/srv/detail/get_fen__rosidl_typesupport_fastrtps_cpp.hpp
[3.577s] -- Installing: /chess_ROS2_humble/ros2_ws/install/interfaces/include/interfaces/interfaces/srv/detail/dds_fastrtps
[3.577s] -- Installing: /chess_ROS2_humble/ros2_ws/install/interfaces/include/interfaces/interfaces/srv/detail/get_move__rosidl_typesupport_fastrtps_cpp.hpp
[3.577s] -- Installing: /chess_ROS2_humble/ros2_ws/install/interfaces/include/interfaces/interfaces/srv/detail/move__rosidl_typesupport_fastrtps_cpp.hpp
[3.578s] -- Installing: /chess_ROS2_humble/ros2_ws/install/interfaces/lib/libinterfaces__rosidl_typesupport_fastrtps_cpp.so
[3.578s] -- Set runtime path of "/chess_ROS2_humble/ros2_ws/install/interfaces/lib/libinterfaces__rosidl_typesupport_fastrtps_cpp.so" to ""
[3.578s] -- Up-to-date: /chess_ROS2_humble/ros2_ws/install/interfaces/include/interfaces/interfaces
[3.578s] -- Up-to-date: /chess_ROS2_humble/ros2_ws/install/interfaces/include/interfaces/interfaces/msg
[3.578s] -- Installing: /chess_ROS2_humble/ros2_ws/install/interfaces/include/interfaces/interfaces/msg/rosidl_typesupport_introspection_c__visibility_control.h
[3.579s] -- Up-to-date: /chess_ROS2_humble/ros2_ws/install/interfaces/include/interfaces/interfaces/srv
[3.579s] -- Up-to-date: /chess_ROS2_humble/ros2_ws/install/interfaces/include/interfaces/interfaces/srv/detail
[3.579s] -- Installing: /chess_ROS2_humble/ros2_ws/install/interfaces/include/interfaces/interfaces/srv/detail/get_fen__rosidl_typesupport_introspection_c.h
[3.579s] -- Installing: /chess_ROS2_humble/ros2_ws/install/interfaces/include/interfaces/interfaces/srv/detail/get_fen__type_support.c
[3.579s] -- Installing: /chess_ROS2_humble/ros2_ws/install/interfaces/include/interfaces/interfaces/srv/detail/get_move__rosidl_typesupport_introspection_c.h
[3.579s] -- Installing: /chess_ROS2_humble/ros2_ws/install/interfaces/include/interfaces/interfaces/srv/detail/get_move__type_support.c
[3.579s] -- Installing: /chess_ROS2_humble/ros2_ws/install/interfaces/include/interfaces/interfaces/srv/detail/move__rosidl_typesupport_introspection_c.h
[3.579s] -- Installing: /chess_ROS2_humble/ros2_ws/install/interfaces/include/interfaces/interfaces/srv/detail/move__type_support.c
[3.579s] -- Installing: /chess_ROS2_humble/ros2_ws/install/interfaces/lib/libinterfaces__rosidl_typesupport_introspection_c.so
[3.580s] -- Set runtime path of "/chess_ROS2_humble/ros2_ws/install/interfaces/lib/libinterfaces__rosidl_typesupport_introspection_c.so" to ""
[3.580s] -- Installing: /chess_ROS2_humble/ros2_ws/install/interfaces/lib/libinterfaces__rosidl_typesupport_c.so
[3.580s] -- Set runtime path of "/chess_ROS2_humble/ros2_ws/install/interfaces/lib/libinterfaces__rosidl_typesupport_c.so" to ""
[3.580s] -- Up-to-date: /chess_ROS2_humble/ros2_ws/install/interfaces/include/interfaces/interfaces
[3.580s] -- Up-to-date: /chess_ROS2_humble/ros2_ws/install/interfaces/include/interfaces/interfaces/srv
[3.580s] -- Up-to-date: /chess_ROS2_humble/ros2_ws/install/interfaces/include/interfaces/interfaces/srv/detail
[3.580s] -- Installing: /chess_ROS2_humble/ros2_ws/install/interfaces/include/interfaces/interfaces/srv/detail/get_fen__rosidl_typesupport_introspection_cpp.hpp
[3.580s] -- Installing: /chess_ROS2_humble/ros2_ws/install/interfaces/include/interfaces/interfaces/srv/detail/get_fen__type_support.cpp
[3.581s] -- Installing: /chess_ROS2_humble/ros2_ws/install/interfaces/include/interfaces/interfaces/srv/detail/get_move__rosidl_typesupport_introspection_cpp.hpp
[3.581s] -- Installing: /chess_ROS2_humble/ros2_ws/install/interfaces/include/interfaces/interfaces/srv/detail/get_move__type_support.cpp
[3.581s] -- Installing: /chess_ROS2_humble/ros2_ws/install/interfaces/include/interfaces/interfaces/srv/detail/move__rosidl_typesupport_introspection_cpp.hpp
[3.581s] -- Installing: /chess_ROS2_humble/ros2_ws/install/interfaces/include/interfaces/interfaces/srv/detail/move__type_support.cpp
[3.581s] -- Installing: /chess_ROS2_humble/ros2_ws/install/interfaces/lib/libinterfaces__rosidl_typesupport_introspection_cpp.so
[3.582s] -- Set runtime path of "/chess_ROS2_humble/ros2_ws/install/interfaces/lib/libinterfaces__rosidl_typesupport_introspection_cpp.so" to ""
[3.582s] -- Installing: /chess_ROS2_humble/ros2_ws/install/interfaces/lib/libinterfaces__rosidl_typesupport_cpp.so
[3.582s] -- Set runtime path of "/chess_ROS2_humble/ros2_ws/install/interfaces/lib/libinterfaces__rosidl_typesupport_cpp.so" to ""
[3.582s] -- Installing: /chess_ROS2_humble/ros2_ws/install/interfaces/share/interfaces/environment/pythonpath.sh
[3.583s] -- Installing: /chess_ROS2_humble/ros2_ws/install/interfaces/share/interfaces/environment/pythonpath.dsv
[3.583s] -- Installing: /chess_ROS2_humble/ros2_ws/install/interfaces/local/lib/python3.10/dist-packages/interfaces-0.0.0-py3.10.egg-info
[3.583s] -- Installing: /chess_ROS2_humble/ros2_ws/install/interfaces/local/lib/python3.10/dist-packages/interfaces-0.0.0-py3.10.egg-info/PKG-INFO
[3.583s] -- Installing: /chess_ROS2_humble/ros2_ws/install/interfaces/local/lib/python3.10/dist-packages/interfaces-0.0.0-py3.10.egg-info/dependency_links.txt
[3.583s] -- Installing: /chess_ROS2_humble/ros2_ws/install/interfaces/local/lib/python3.10/dist-packages/interfaces-0.0.0-py3.10.egg-info/top_level.txt
[3.583s] -- Installing: /chess_ROS2_humble/ros2_ws/install/interfaces/local/lib/python3.10/dist-packages/interfaces-0.0.0-py3.10.egg-info/SOURCES.txt
[3.584s] -- Installing: /chess_ROS2_humble/ros2_ws/install/interfaces/local/lib/python3.10/dist-packages/interfaces
[3.584s] -- Installing: /chess_ROS2_humble/ros2_ws/install/interfaces/local/lib/python3.10/dist-packages/interfaces/__init__.py
[3.584s] -- Installing: /chess_ROS2_humble/ros2_ws/install/interfaces/local/lib/python3.10/dist-packages/interfaces/srv
[3.584s] -- Installing: /chess_ROS2_humble/ros2_ws/install/interfaces/local/lib/python3.10/dist-packages/interfaces/srv/_get_fen.py
[3.584s] -- Installing: /chess_ROS2_humble/ros2_ws/install/interfaces/local/lib/python3.10/dist-packages/interfaces/srv/_get_fen_s.c
[3.584s] -- Installing: /chess_ROS2_humble/ros2_ws/install/interfaces/local/lib/python3.10/dist-packages/interfaces/srv/_get_move.py
[3.584s] -- Installing: /chess_ROS2_humble/ros2_ws/install/interfaces/local/lib/python3.10/dist-packages/interfaces/srv/_get_move_s.c
[3.584s] -- Installing: /chess_ROS2_humble/ros2_ws/install/interfaces/local/lib/python3.10/dist-packages/interfaces/srv/_move.py
[3.584s] -- Installing: /chess_ROS2_humble/ros2_ws/install/interfaces/local/lib/python3.10/dist-packages/interfaces/srv/_move_s.c
[3.584s] -- Installing: /chess_ROS2_humble/ros2_ws/install/interfaces/local/lib/python3.10/dist-packages/interfaces/srv/__init__.py
[3.584s] -- Installing: /chess_ROS2_humble/ros2_ws/install/interfaces/local/lib/python3.10/dist-packages/interfaces/_interfaces_s.ep.rosidl_typesupport_fastrtps_c.c
[3.584s] -- Installing: /chess_ROS2_humble/ros2_ws/install/interfaces/local/lib/python3.10/dist-packages/interfaces/_interfaces_s.ep.rosidl_typesupport_introspection_c.c
[3.585s] -- Installing: /chess_ROS2_humble/ros2_ws/install/interfaces/local/lib/python3.10/dist-packages/interfaces/_interfaces_s.ep.rosidl_typesupport_c.c
[3.585s] -- Installing: /chess_ROS2_humble/ros2_ws/install/interfaces/local/lib/python3.10/dist-packages/interfaces/libinterfaces__rosidl_generator_py.so
[3.585s] -- Installing: /chess_ROS2_humble/ros2_ws/install/interfaces/local/lib/python3.10/dist-packages/interfaces/interfaces_s__rosidl_typesupport_c.cpython-310-x86_64-linux-gnu.so
[3.585s] -- Installing: /chess_ROS2_humble/ros2_ws/install/interfaces/local/lib/python3.10/dist-packages/interfaces/interfaces_s__rosidl_typesupport_fastrtps_c.cpython-310-x86_64-linux-gnu.so
[3.585s] -- Installing: /chess_ROS2_humble/ros2_ws/install/interfaces/local/lib/python3.10/dist-packages/interfaces/interfaces_s__rosidl_typesupport_introspection_c.cpython-310-x86_64-linux-gnu.so
[3.615s] Listing '/chess_ROS2_humble/ros2_ws/install/interfaces/local/lib/python3.10/dist-packages/interfaces'...
[3.615s] Compiling '/chess_ROS2_humble/ros2_ws/install/interfaces/local/lib/python3.10/dist-packages/interfaces/__init__.py'...
[3.615s] Listing '/chess_ROS2_humble/ros2_ws/install/interfaces/local/lib/python3.10/dist-packages/interfaces/srv'...
[3.615s] Compiling '/chess_ROS2_humble/ros2_ws/install/interfaces/local/lib/python3.10/dist-packages/interfaces/srv/__init__.py'...
[3.615s] Compiling '/chess_ROS2_humble/ros2_ws/install/interfaces/local/lib/python3.10/dist-packages/interfaces/srv/_get_fen.py'...
[3.615s] Compiling '/chess_ROS2_humble/ros2_ws/install/interfaces/local/lib/python3.10/dist-packages/interfaces/srv/_get_move.py'...
[3.615s] Compiling '/chess_ROS2_humble/ros2_ws/install/interfaces/local/lib/python3.10/dist-packages/interfaces/srv/_move.py'...
[3.619s] -- Installing: /chess_ROS2_humble/ros2_ws/install/interfaces/local/lib/python3.10/dist-packages/interfaces/interfaces_s__rosidl_typesupport_fastrtps_c.cpython-310-x86_64-linux-gnu.so
[3.619s] -- Set runtime path of "/chess_ROS2_humble/ros2_ws/install/interfaces/local/lib/python3.10/dist-packages/interfaces/interfaces_s__rosidl_typesupport_fastrtps_c.cpython-310-x86_64-linux-gnu.so" to ""
[3.620s] -- Installing: /chess_ROS2_humble/ros2_ws/install/interfaces/local/lib/python3.10/dist-packages/interfaces/interfaces_s__rosidl_typesupport_introspection_c.cpython-310-x86_64-linux-gnu.so
[3.620s] -- Set runtime path of "/chess_ROS2_humble/ros2_ws/install/interfaces/local/lib/python3.10/dist-packages/interfaces/interfaces_s__rosidl_typesupport_introspection_c.cpython-310-x86_64-linux-gnu.so" to ""
[3.620s] -- Installing: /chess_ROS2_humble/ros2_ws/install/interfaces/local/lib/python3.10/dist-packages/interfaces/interfaces_s__rosidl_typesupport_c.cpython-310-x86_64-linux-gnu.so
[3.620s] -- Set runtime path of "/chess_ROS2_humble/ros2_ws/install/interfaces/local/lib/python3.10/dist-packages/interfaces/interfaces_s__rosidl_typesupport_c.cpython-310-x86_64-linux-gnu.so" to ""
[3.620s] -- Installing: /chess_ROS2_humble/ros2_ws/install/interfaces/lib/libinterfaces__rosidl_generator_py.so
[3.621s] -- Set runtime path of "/chess_ROS2_humble/ros2_ws/install/interfaces/lib/libinterfaces__rosidl_generator_py.so" to ""
[3.621s] -- Installing: /chess_ROS2_humble/ros2_ws/install/interfaces/share/interfaces/srv/GetFEN.idl
[3.621s] -- Installing: /chess_ROS2_humble/ros2_ws/install/interfaces/share/interfaces/srv/GetMove.idl
[3.621s] -- Installing: /chess_ROS2_humble/ros2_ws/install/interfaces/share/interfaces/srv/Move.idl
[3.621s] -- Installing: /chess_ROS2_humble/ros2_ws/install/interfaces/share/interfaces/srv/GetFEN.srv
[3.621s] -- Installing: /chess_ROS2_humble/ros2_ws/install/interfaces/share/interfaces/srv/GetFEN_Request.msg
[3.621s] -- Installing: /chess_ROS2_humble/ros2_ws/install/interfaces/share/interfaces/srv/GetFEN_Response.msg
[3.621s] -- Installing: /chess_ROS2_humble/ros2_ws/install/interfaces/share/interfaces/srv/GetMove.srv
[3.621s] -- Installing: /chess_ROS2_humble/ros2_ws/install/interfaces/share/interfaces/srv/GetMove_Request.msg
[3.621s] -- Installing: /chess_ROS2_humble/ros2_ws/install/interfaces/share/interfaces/srv/GetMove_Response.msg
[3.621s] -- Installing: /chess_ROS2_humble/ros2_ws/install/interfaces/share/interfaces/srv/Move.srv
[3.622s] -- Installing: /chess_ROS2_humble/ros2_ws/install/interfaces/share/interfaces/srv/Move_Request.msg
[3.622s] -- Installing: /chess_ROS2_humble/ros2_ws/install/interfaces/share/interfaces/srv/Move_Response.msg
[3.622s] -- Installing: /chess_ROS2_humble/ros2_ws/install/interfaces/share/ament_index/resource_index/package_run_dependencies/interfaces
[3.622s] -- Installing: /chess_ROS2_humble/ros2_ws/install/interfaces/share/ament_index/resource_index/parent_prefix_path/interfaces
[3.622s] -- Installing: /chess_ROS2_humble/ros2_ws/install/interfaces/share/interfaces/environment/ament_prefix_path.sh
[3.622s] -- Installing: /chess_ROS2_humble/ros2_ws/install/interfaces/share/interfaces/environment/ament_prefix_path.dsv
[3.622s] -- Installing: /chess_ROS2_humble/ros2_ws/install/interfaces/share/interfaces/environment/path.sh
[3.622s] -- Installing: /chess_ROS2_humble/ros2_ws/install/interfaces/share/interfaces/environment/path.dsv
[3.622s] -- Installing: /chess_ROS2_humble/ros2_ws/install/interfaces/share/interfaces/local_setup.bash
[3.622s] -- Installing: /chess_ROS2_humble/ros2_ws/install/interfaces/share/interfaces/local_setup.sh
[3.622s] -- Installing: /chess_ROS2_humble/ros2_ws/install/interfaces/share/interfaces/local_setup.zsh
[3.623s] -- Installing: /chess_ROS2_humble/ros2_ws/install/interfaces/share/interfaces/local_setup.dsv
[3.623s] -- Installing: /chess_ROS2_humble/ros2_ws/install/interfaces/share/interfaces/package.dsv
[3.623s] -- Installing: /chess_ROS2_humble/ros2_ws/install/interfaces/share/ament_index/resource_index/packages/interfaces
[3.623s] -- Installing: /chess_ROS2_humble/ros2_ws/install/interfaces/share/interfaces/cmake/export_interfaces__rosidl_generator_cExport.cmake
[3.623s] -- Installing: /chess_ROS2_humble/ros2_ws/install/interfaces/share/interfaces/cmake/export_interfaces__rosidl_generator_cExport-noconfig.cmake
[3.623s] -- Installing: /chess_ROS2_humble/ros2_ws/install/interfaces/share/interfaces/cmake/export_interfaces__rosidl_typesupport_fastrtps_cExport.cmake
[3.623s] -- Installing: /chess_ROS2_humble/ros2_ws/install/interfaces/share/interfaces/cmake/export_interfaces__rosidl_typesupport_fastrtps_cExport-noconfig.cmake
[3.623s] -- Installing: /chess_ROS2_humble/ros2_ws/install/interfaces/share/interfaces/cmake/export_interfaces__rosidl_generator_cppExport.cmake
[3.623s] -- Installing: /chess_ROS2_humble/ros2_ws/install/interfaces/share/interfaces/cmake/export_interfaces__rosidl_typesupport_fastrtps_cppExport.cmake
[3.623s] -- Installing: /chess_ROS2_humble/ros2_ws/install/interfaces/share/interfaces/cmake/export_interfaces__rosidl_typesupport_fastrtps_cppExport-noconfig.cmake
[3.623s] -- Installing: /chess_ROS2_humble/ros2_ws/install/interfaces/share/interfaces/cmake/interfaces__rosidl_typesupport_introspection_cExport.cmake
[3.624s] -- Installing: /chess_ROS2_humble/ros2_ws/install/interfaces/share/interfaces/cmake/interfaces__rosidl_typesupport_introspection_cExport-noconfig.cmake
[3.624s] -- Installing: /chess_ROS2_humble/ros2_ws/install/interfaces/share/interfaces/cmake/interfaces__rosidl_typesupport_cExport.cmake
[3.624s] -- Installing: /chess_ROS2_humble/ros2_ws/install/interfaces/share/interfaces/cmake/interfaces__rosidl_typesupport_cExport-noconfig.cmake
[3.624s] -- Installing: /chess_ROS2_humble/ros2_ws/install/interfaces/share/interfaces/cmake/interfaces__rosidl_typesupport_introspection_cppExport.cmake
[3.624s] -- Installing: /chess_ROS2_humble/ros2_ws/install/interfaces/share/interfaces/cmake/interfaces__rosidl_typesupport_introspection_cppExport-noconfig.cmake
[3.624s] -- Installing: /chess_ROS2_humble/ros2_ws/install/interfaces/share/interfaces/cmake/interfaces__rosidl_typesupport_cppExport.cmake
[3.625s] -- Installing: /chess_ROS2_humble/ros2_ws/install/interfaces/share/interfaces/cmake/interfaces__rosidl_typesupport_cppExport-noconfig.cmake
[3.625s] -- Installing: /chess_ROS2_humble/ros2_ws/install/interfaces/share/interfaces/cmake/export_interfaces__rosidl_generator_pyExport.cmake
[3.625s] -- Installing: /chess_ROS2_humble/ros2_ws/install/interfaces/share/interfaces/cmake/export_interfaces__rosidl_generator_pyExport-noconfig.cmake
[3.625s] -- Installing: /chess_ROS2_humble/ros2_ws/install/interfaces/share/interfaces/cmake/rosidl_cmake-extras.cmake
[3.625s] -- Installing: /chess_ROS2_humble/ros2_ws/install/interfaces/share/interfaces/cmake/ament_cmake_export_dependencies-extras.cmake
[3.625s] -- Installing: /chess_ROS2_humble/ros2_ws/install/interfaces/share/interfaces/cmake/ament_cmake_export_include_directories-extras.cmake
[3.625s] -- Installing: /chess_ROS2_humble/ros2_ws/install/interfaces/share/interfaces/cmake/ament_cmake_export_libraries-extras.cmake
[3.625s] -- Installing: /chess_ROS2_humble/ros2_ws/install/interfaces/share/interfaces/cmake/ament_cmake_export_targets-extras.cmake
[3.625s] -- Installing: /chess_ROS2_humble/ros2_ws/install/interfaces/share/interfaces/cmake/rosidl_cmake_export_typesupport_targets-extras.cmake
[3.625s] -- Installing: /chess_ROS2_humble/ros2_ws/install/interfaces/share/interfaces/cmake/rosidl_cmake_export_typesupport_libraries-extras.cmake
[3.625s] -- Installing: /chess_ROS2_humble/ros2_ws/install/interfaces/share/interfaces/cmake/interfacesConfig.cmake
[3.625s] -- Installing: /chess_ROS2_humble/ros2_ws/install/interfaces/share/interfaces/cmake/interfacesConfig-version.cmake
[3.625s] -- Installing: /chess_ROS2_humble/ros2_ws/install/interfaces/share/interfaces/package.xml
[3.627s] Invoked command in '/chess_ROS2_humble/ros2_ws/build/interfaces' returned '0': CMAKE_PREFIX_PATH=${CMAKE_PREFIX_PATH}:/opt/ros/humble /usr/bin/cmake --install /chess_ROS2_humble/ros2_ws/build/interfaces
