[0.063s] DEBUG:colcon:Command line arguments: ['/usr/bin/colcon', 'build']
[0.063s] DEBUG:colcon:Parsed command line arguments: Namespace(log_base=None, log_level=None, verb_name='build', build_base='build', install_base='install', merge_install=False, symlink_install=False, test_result_base=None, continue_on_error=False, executor='parallel', parallel_workers=20, event_handlers=None, ignore_user_meta=False, metas=['./colcon.meta'], base_paths=['.'], packages_ignore=None, packages_ignore_regex=None, paths=None, packages_up_to=None, packages_up_to_regex=None, packages_above=None, packages_above_and_dependencies=None, packages_above_depth=None, packages_select_by_dep=None, packages_skip_by_dep=None, packages_skip_up_to=None, packages_select_build_failed=False, packages_skip_build_finished=False, packages_select_test_failures=False, packages_skip_test_passed=False, packages_select=None, packages_skip=None, packages_select_regex=None, packages_skip_regex=None, packages_start=None, packages_end=None, cmake_args=None, cmake_target=None, cmake_target_skip_unavailable=False, cmake_clean_cache=False, cmake_clean_first=False, cmake_force_configure=False, ament_cmake_args=None, catkin_cmake_args=None, catkin_skip_building_tests=False, mixin_files=None, mixin=None, verb_parser=<colcon_mixin.mixin.mixin_argument.MixinArgumentDecorator object at 0x7f87d8e710f0>, verb_extension=<colcon_core.verb.build.BuildVerb object at 0x7f87d8fbe080>, main=<bound method BuildVerb.main of <colcon_core.verb.build.BuildVerb object at 0x7f87d8fbe080>>, mixin_verb=('build',))
[0.150s] Level 1:colcon.colcon_core.package_discovery:discover_packages(colcon_meta) check parameters
[0.150s] Level 1:colcon.colcon_core.package_discovery:discover_packages(recursive) check parameters
[0.150s] Level 1:colcon.colcon_core.package_discovery:discover_packages(ignore) check parameters
[0.150s] Level 1:colcon.colcon_core.package_discovery:discover_packages(path) check parameters
[0.150s] Level 1:colcon.colcon_core.package_discovery:discover_packages(colcon_meta) discover
[0.150s] Level 1:colcon.colcon_core.package_discovery:discover_packages(recursive) discover
[0.150s] INFO:colcon.colcon_core.package_discovery:Crawling recursively for packages in '/chess_ROS2_humble/ros2_ws'
[0.150s] Level 1:colcon.colcon_core.package_identification:_identify(.) by extensions ['ignore', 'ignore_ament_install']
[0.150s] Level 1:colcon.colcon_core.package_identification:_identify(.) by extension 'ignore'
[0.150s] Level 1:colcon.colcon_core.package_identification:_identify(.) by extension 'ignore_ament_install'
[0.150s] Level 1:colcon.colcon_core.package_identification:_identify(.) by extensions ['colcon_pkg']
[0.150s] Level 1:colcon.colcon_core.package_identification:_identify(.) by extension 'colcon_pkg'
[0.151s] Level 1:colcon.colcon_core.package_identification:_identify(.) by extensions ['colcon_meta']
[0.151s] Level 1:colcon.colcon_core.package_identification:_identify(.) by extension 'colcon_meta'
[0.151s] Level 1:colcon.colcon_core.package_identification:_identify(.) by extensions ['ros']
[0.151s] Level 1:colcon.colcon_core.package_identification:_identify(.) by extension 'ros'
[0.158s] Level 1:colcon.colcon_core.package_identification:_identify(.) by extensions ['cmake', 'python']
[0.158s] Level 1:colcon.colcon_core.package_identification:_identify(.) by extension 'cmake'
[0.158s] Level 1:colcon.colcon_core.package_identification:_identify(.) by extension 'python'
[0.158s] Level 1:colcon.colcon_core.package_identification:_identify(.) by extensions ['python_setup_py']
[0.158s] Level 1:colcon.colcon_core.package_identification:_identify(.) by extension 'python_setup_py'
[0.158s] Level 1:colcon.colcon_core.package_identification:_identify(build) by extensions ['ignore', 'ignore_ament_install']
[0.158s] Level 1:colcon.colcon_core.package_identification:_identify(build) by extension 'ignore'
[0.158s] Level 1:colcon.colcon_core.package_identification:_identify(build) ignored
[0.158s] Level 1:colcon.colcon_core.package_identification:_identify(install) by extensions ['ignore', 'ignore_ament_install']
[0.158s] Level 1:colcon.colcon_core.package_identification:_identify(install) by extension 'ignore'
[0.158s] Level 1:colcon.colcon_core.package_identification:_identify(install) ignored
[0.158s] Level 1:colcon.colcon_core.package_identification:_identify(launch) by extensions ['ignore', 'ignore_ament_install']
[0.158s] Level 1:colcon.colcon_core.package_identification:_identify(launch) by extension 'ignore'
[0.158s] Level 1:colcon.colcon_core.package_identification:_identify(launch) by extension 'ignore_ament_install'
[0.158s] Level 1:colcon.colcon_core.package_identification:_identify(launch) by extensions ['colcon_pkg']
[0.158s] Level 1:colcon.colcon_core.package_identification:_identify(launch) by extension 'colcon_pkg'
[0.158s] Level 1:colcon.colcon_core.package_identification:_identify(launch) by extensions ['colcon_meta']
[0.158s] Level 1:colcon.colcon_core.package_identification:_identify(launch) by extension 'colcon_meta'
[0.158s] Level 1:colcon.colcon_core.package_identification:_identify(launch) by extensions ['ros']
[0.158s] Level 1:colcon.colcon_core.package_identification:_identify(launch) by extension 'ros'
[0.158s] Level 1:colcon.colcon_core.package_identification:_identify(launch) by extensions ['cmake', 'python']
[0.158s] Level 1:colcon.colcon_core.package_identification:_identify(launch) by extension 'cmake'
[0.158s] Level 1:colcon.colcon_core.package_identification:_identify(launch) by extension 'python'
[0.158s] Level 1:colcon.colcon_core.package_identification:_identify(launch) by extensions ['python_setup_py']
[0.158s] Level 1:colcon.colcon_core.package_identification:_identify(launch) by extension 'python_setup_py'
[0.158s] Level 1:colcon.colcon_core.package_identification:_identify(log) by extensions ['ignore', 'ignore_ament_install']
[0.158s] Level 1:colcon.colcon_core.package_identification:_identify(log) by extension 'ignore'
[0.158s] Level 1:colcon.colcon_core.package_identification:_identify(log) ignored
[0.159s] Level 1:colcon.colcon_core.package_identification:_identify(src) by extensions ['ignore', 'ignore_ament_install']
[0.159s] Level 1:colcon.colcon_core.package_identification:_identify(src) by extension 'ignore'
[0.159s] Level 1:colcon.colcon_core.package_identification:_identify(src) by extension 'ignore_ament_install'
[0.159s] Level 1:colcon.colcon_core.package_identification:_identify(src) by extensions ['colcon_pkg']
[0.159s] Level 1:colcon.colcon_core.package_identification:_identify(src) by extension 'colcon_pkg'
[0.159s] Level 1:colcon.colcon_core.package_identification:_identify(src) by extensions ['colcon_meta']
[0.159s] Level 1:colcon.colcon_core.package_identification:_identify(src) by extension 'colcon_meta'
[0.159s] Level 1:colcon.colcon_core.package_identification:_identify(src) by extensions ['ros']
[0.159s] Level 1:colcon.colcon_core.package_identification:_identify(src) by extension 'ros'
[0.159s] Level 1:colcon.colcon_core.package_identification:_identify(src) by extensions ['cmake', 'python']
[0.159s] Level 1:colcon.colcon_core.package_identification:_identify(src) by extension 'cmake'
[0.159s] Level 1:colcon.colcon_core.package_identification:_identify(src) by extension 'python'
[0.159s] Level 1:colcon.colcon_core.package_identification:_identify(src) by extensions ['python_setup_py']
[0.159s] Level 1:colcon.colcon_core.package_identification:_identify(src) by extension 'python_setup_py'
[0.159s] Level 1:colcon.colcon_core.package_identification:_identify(src/comp_vision) by extensions ['ignore', 'ignore_ament_install']
[0.159s] Level 1:colcon.colcon_core.package_identification:_identify(src/comp_vision) by extension 'ignore'
[0.159s] Level 1:colcon.colcon_core.package_identification:_identify(src/comp_vision) by extension 'ignore_ament_install'
[0.159s] Level 1:colcon.colcon_core.package_identification:_identify(src/comp_vision) by extensions ['colcon_pkg']
[0.159s] Level 1:colcon.colcon_core.package_identification:_identify(src/comp_vision) by extension 'colcon_pkg'
[0.159s] Level 1:colcon.colcon_core.package_identification:_identify(src/comp_vision) by extensions ['colcon_meta']
[0.159s] Level 1:colcon.colcon_core.package_identification:_identify(src/comp_vision) by extension 'colcon_meta'
[0.159s] Level 1:colcon.colcon_core.package_identification:_identify(src/comp_vision) by extensions ['ros']
[0.159s] Level 1:colcon.colcon_core.package_identification:_identify(src/comp_vision) by extension 'ros'
[0.161s] DEBUG:colcon.colcon_core.package_identification:Package 'src/comp_vision' with type 'ros.ament_python' and name 'comp_vision'
[0.161s] Level 1:colcon.colcon_core.package_identification:_identify(src/game) by extensions ['ignore', 'ignore_ament_install']
[0.161s] Level 1:colcon.colcon_core.package_identification:_identify(src/game) by extension 'ignore'
[0.161s] Level 1:colcon.colcon_core.package_identification:_identify(src/game) by extension 'ignore_ament_install'
[0.161s] Level 1:colcon.colcon_core.package_identification:_identify(src/game) by extensions ['colcon_pkg']
[0.161s] Level 1:colcon.colcon_core.package_identification:_identify(src/game) by extension 'colcon_pkg'
[0.161s] Level 1:colcon.colcon_core.package_identification:_identify(src/game) by extensions ['colcon_meta']
[0.161s] Level 1:colcon.colcon_core.package_identification:_identify(src/game) by extension 'colcon_meta'
[0.161s] Level 1:colcon.colcon_core.package_identification:_identify(src/game) by extensions ['ros']
[0.161s] Level 1:colcon.colcon_core.package_identification:_identify(src/game) by extension 'ros'
[0.161s] DEBUG:colcon.colcon_core.package_identification:Package 'src/game' with type 'ros.ament_python' and name 'game'
[0.161s] Level 1:colcon.colcon_core.package_identification:_identify(src/interfaces) by extensions ['ignore', 'ignore_ament_install']
[0.161s] Level 1:colcon.colcon_core.package_identification:_identify(src/interfaces) by extension 'ignore'
[0.161s] Level 1:colcon.colcon_core.package_identification:_identify(src/interfaces) by extension 'ignore_ament_install'
[0.161s] Level 1:colcon.colcon_core.package_identification:_identify(src/interfaces) by extensions ['colcon_pkg']
[0.161s] Level 1:colcon.colcon_core.package_identification:_identify(src/interfaces) by extension 'colcon_pkg'
[0.161s] Level 1:colcon.colcon_core.package_identification:_identify(src/interfaces) by extensions ['colcon_meta']
[0.161s] Level 1:colcon.colcon_core.package_identification:_identify(src/interfaces) by extension 'colcon_meta'
[0.161s] Level 1:colcon.colcon_core.package_identification:_identify(src/interfaces) by extensions ['ros']
[0.161s] Level 1:colcon.colcon_core.package_identification:_identify(src/interfaces) by extension 'ros'
[0.162s] DEBUG:colcon.colcon_core.package_identification:Package 'src/interfaces' with type 'ros.ament_cmake' and name 'interfaces'
[0.162s] Level 1:colcon.colcon_core.package_identification:_identify(src/move) by extensions ['ignore', 'ignore_ament_install']
[0.162s] Level 1:colcon.colcon_core.package_identification:_identify(src/move) by extension 'ignore'
[0.162s] Level 1:colcon.colcon_core.package_identification:_identify(src/move) by extension 'ignore_ament_install'
[0.162s] Level 1:colcon.colcon_core.package_identification:_identify(src/move) by extensions ['colcon_pkg']
[0.162s] Level 1:colcon.colcon_core.package_identification:_identify(src/move) by extension 'colcon_pkg'
[0.162s] Level 1:colcon.colcon_core.package_identification:_identify(src/move) by extensions ['colcon_meta']
[0.162s] Level 1:colcon.colcon_core.package_identification:_identify(src/move) by extension 'colcon_meta'
[0.162s] Level 1:colcon.colcon_core.package_identification:_identify(src/move) by extensions ['ros']
[0.162s] Level 1:colcon.colcon_core.package_identification:_identify(src/move) by extension 'ros'
[0.162s] DEBUG:colcon.colcon_core.package_identification:Package 'src/move' with type 'ros.ament_python' and name 'move'
[0.162s] Level 1:colcon.colcon_core.package_identification:_identify(src/start) by extensions ['ignore', 'ignore_ament_install']
[0.162s] Level 1:colcon.colcon_core.package_identification:_identify(src/start) by extension 'ignore'
[0.162s] Level 1:colcon.colcon_core.package_identification:_identify(src/start) by extension 'ignore_ament_install'
[0.162s] Level 1:colcon.colcon_core.package_identification:_identify(src/start) by extensions ['colcon_pkg']
[0.162s] Level 1:colcon.colcon_core.package_identification:_identify(src/start) by extension 'colcon_pkg'
[0.162s] Level 1:colcon.colcon_core.package_identification:_identify(src/start) by extensions ['colcon_meta']
[0.162s] Level 1:colcon.colcon_core.package_identification:_identify(src/start) by extension 'colcon_meta'
[0.162s] Level 1:colcon.colcon_core.package_identification:_identify(src/start) by extensions ['ros']
[0.162s] Level 1:colcon.colcon_core.package_identification:_identify(src/start) by extension 'ros'
[0.163s] DEBUG:colcon.colcon_core.package_identification:Package 'src/start' with type 'ros.ament_python' and name 'start'
[0.163s] Level 1:colcon.colcon_core.package_identification:_identify(src/stockfish) by extensions ['ignore', 'ignore_ament_install']
[0.163s] Level 1:colcon.colcon_core.package_identification:_identify(src/stockfish) by extension 'ignore'
[0.163s] Level 1:colcon.colcon_core.package_identification:_identify(src/stockfish) by extension 'ignore_ament_install'
[0.163s] Level 1:colcon.colcon_core.package_identification:_identify(src/stockfish) by extensions ['colcon_pkg']
[0.163s] Level 1:colcon.colcon_core.package_identification:_identify(src/stockfish) by extension 'colcon_pkg'
[0.163s] Level 1:colcon.colcon_core.package_identification:_identify(src/stockfish) by extensions ['colcon_meta']
[0.163s] Level 1:colcon.colcon_core.package_identification:_identify(src/stockfish) by extension 'colcon_meta'
[0.163s] Level 1:colcon.colcon_core.package_identification:_identify(src/stockfish) by extensions ['ros']
[0.163s] Level 1:colcon.colcon_core.package_identification:_identify(src/stockfish) by extension 'ros'
[0.163s] DEBUG:colcon.colcon_core.package_identification:Found ROS schema reference in package manifest in 'src/stockfish'
[0.163s] WARNING:colcon.colcon_core.package_identification:Failed to parse ROS package manifest in 'src/stockfish': Error(s) in package 'src/stockfish/package.xml':
The package "stockfish" must not "exec_depend" on a package with the same name as this package
[0.164s] Level 1:colcon.colcon_core.package_identification:_identify(src/stockfish) by extensions ['cmake', 'python']
[0.164s] Level 1:colcon.colcon_core.package_identification:_identify(src/stockfish) by extension 'cmake'
[0.164s] Level 1:colcon.colcon_core.package_identification:_identify(src/stockfish) by extension 'python'
[0.164s] DEBUG:colcon.colcon_core.package_identification:Python package in 'src/stockfish' passes arguments to the setup() function which requires a different identification extension than 'python'
[0.164s] Level 1:colcon.colcon_core.package_identification:_identify(src/stockfish) by extensions ['python_setup_py']
[0.164s] Level 1:colcon.colcon_core.package_identification:_identify(src/stockfish) by extension 'python_setup_py'
[0.310s] DEBUG:colcon.colcon_core.package_identification:Package 'src/stockfish' with type 'python' and name 'stockfish'
[0.310s] Level 1:colcon.colcon_core.package_discovery:discover_packages(recursive) using defaults
[0.310s] Level 1:colcon.colcon_core.package_discovery:discover_packages(ignore) discover
[0.310s] Level 1:colcon.colcon_core.package_discovery:discover_packages(ignore) using defaults
[0.310s] Level 1:colcon.colcon_core.package_discovery:discover_packages(path) discover
[0.310s] Level 1:colcon.colcon_core.package_discovery:discover_packages(path) using defaults
[0.323s] Level 5:colcon.colcon_core.verb:set package 'game' build argument 'cmake_args' from command line to 'None'
[0.323s] Level 5:colcon.colcon_core.verb:set package 'game' build argument 'cmake_target' from command line to 'None'
[0.323s] Level 5:colcon.colcon_core.verb:set package 'game' build argument 'cmake_target_skip_unavailable' from command line to 'False'
[0.323s] Level 5:colcon.colcon_core.verb:set package 'game' build argument 'cmake_clean_cache' from command line to 'False'
[0.323s] Level 5:colcon.colcon_core.verb:set package 'game' build argument 'cmake_clean_first' from command line to 'False'
[0.323s] Level 5:colcon.colcon_core.verb:set package 'game' build argument 'cmake_force_configure' from command line to 'False'
[0.323s] Level 5:colcon.colcon_core.verb:set package 'game' build argument 'ament_cmake_args' from command line to 'None'
[0.323s] Level 5:colcon.colcon_core.verb:set package 'game' build argument 'catkin_cmake_args' from command line to 'None'
[0.323s] Level 5:colcon.colcon_core.verb:set package 'game' build argument 'catkin_skip_building_tests' from command line to 'False'
[0.323s] DEBUG:colcon.colcon_core.verb:Building package 'game' with the following arguments: {'ament_cmake_args': None, 'build_base': '/chess_ROS2_humble/ros2_ws/build/game', 'catkin_cmake_args': None, 'catkin_skip_building_tests': False, 'cmake_args': None, 'cmake_clean_cache': False, 'cmake_clean_first': False, 'cmake_force_configure': False, 'cmake_target': None, 'cmake_target_skip_unavailable': False, 'install_base': '/chess_ROS2_humble/ros2_ws/install/game', 'merge_install': False, 'path': '/chess_ROS2_humble/ros2_ws/src/game', 'symlink_install': False, 'test_result_base': None}
[0.323s] Level 5:colcon.colcon_core.verb:set package 'interfaces' build argument 'cmake_args' from command line to 'None'
[0.323s] Level 5:colcon.colcon_core.verb:set package 'interfaces' build argument 'cmake_target' from command line to 'None'
[0.323s] Level 5:colcon.colcon_core.verb:set package 'interfaces' build argument 'cmake_target_skip_unavailable' from command line to 'False'
[0.323s] Level 5:colcon.colcon_core.verb:set package 'interfaces' build argument 'cmake_clean_cache' from command line to 'False'
[0.323s] Level 5:colcon.colcon_core.verb:set package 'interfaces' build argument 'cmake_clean_first' from command line to 'False'
[0.323s] Level 5:colcon.colcon_core.verb:set package 'interfaces' build argument 'cmake_force_configure' from command line to 'False'
[0.323s] Level 5:colcon.colcon_core.verb:set package 'interfaces' build argument 'ament_cmake_args' from command line to 'None'
[0.323s] Level 5:colcon.colcon_core.verb:set package 'interfaces' build argument 'catkin_cmake_args' from command line to 'None'
[0.323s] Level 5:colcon.colcon_core.verb:set package 'interfaces' build argument 'catkin_skip_building_tests' from command line to 'False'
[0.324s] DEBUG:colcon.colcon_core.verb:Building package 'interfaces' with the following arguments: {'ament_cmake_args': None, 'build_base': '/chess_ROS2_humble/ros2_ws/build/interfaces', 'catkin_cmake_args': None, 'catkin_skip_building_tests': False, 'cmake_args': None, 'cmake_clean_cache': False, 'cmake_clean_first': False, 'cmake_force_configure': False, 'cmake_target': None, 'cmake_target_skip_unavailable': False, 'install_base': '/chess_ROS2_humble/ros2_ws/install/interfaces', 'merge_install': False, 'path': '/chess_ROS2_humble/ros2_ws/src/interfaces', 'symlink_install': False, 'test_result_base': None}
[0.324s] Level 5:colcon.colcon_core.verb:set package 'start' build argument 'cmake_args' from command line to 'None'
[0.324s] Level 5:colcon.colcon_core.verb:set package 'start' build argument 'cmake_target' from command line to 'None'
[0.324s] Level 5:colcon.colcon_core.verb:set package 'start' build argument 'cmake_target_skip_unavailable' from command line to 'False'
[0.324s] Level 5:colcon.colcon_core.verb:set package 'start' build argument 'cmake_clean_cache' from command line to 'False'
[0.324s] Level 5:colcon.colcon_core.verb:set package 'start' build argument 'cmake_clean_first' from command line to 'False'
[0.324s] Level 5:colcon.colcon_core.verb:set package 'start' build argument 'cmake_force_configure' from command line to 'False'
[0.324s] Level 5:colcon.colcon_core.verb:set package 'start' build argument 'ament_cmake_args' from command line to 'None'
[0.324s] Level 5:colcon.colcon_core.verb:set package 'start' build argument 'catkin_cmake_args' from command line to 'None'
[0.324s] Level 5:colcon.colcon_core.verb:set package 'start' build argument 'catkin_skip_building_tests' from command line to 'False'
[0.324s] DEBUG:colcon.colcon_core.verb:Building package 'start' with the following arguments: {'ament_cmake_args': None, 'build_base': '/chess_ROS2_humble/ros2_ws/build/start', 'catkin_cmake_args': None, 'catkin_skip_building_tests': False, 'cmake_args': None, 'cmake_clean_cache': False, 'cmake_clean_first': False, 'cmake_force_configure': False, 'cmake_target': None, 'cmake_target_skip_unavailable': False, 'install_base': '/chess_ROS2_humble/ros2_ws/install/start', 'merge_install': False, 'path': '/chess_ROS2_humble/ros2_ws/src/start', 'symlink_install': False, 'test_result_base': None}
[0.324s] Level 5:colcon.colcon_core.verb:set package 'stockfish' build argument 'cmake_args' from command line to 'None'
[0.324s] Level 5:colcon.colcon_core.verb:set package 'stockfish' build argument 'cmake_target' from command line to 'None'
[0.324s] Level 5:colcon.colcon_core.verb:set package 'stockfish' build argument 'cmake_target_skip_unavailable' from command line to 'False'
[0.324s] Level 5:colcon.colcon_core.verb:set package 'stockfish' build argument 'cmake_clean_cache' from command line to 'False'
[0.324s] Level 5:colcon.colcon_core.verb:set package 'stockfish' build argument 'cmake_clean_first' from command line to 'False'
[0.324s] Level 5:colcon.colcon_core.verb:set package 'stockfish' build argument 'cmake_force_configure' from command line to 'False'
[0.324s] Level 5:colcon.colcon_core.verb:set package 'stockfish' build argument 'ament_cmake_args' from command line to 'None'
[0.324s] Level 5:colcon.colcon_core.verb:set package 'stockfish' build argument 'catkin_cmake_args' from command line to 'None'
[0.324s] Level 5:colcon.colcon_core.verb:set package 'stockfish' build argument 'catkin_skip_building_tests' from command line to 'False'
[0.324s] DEBUG:colcon.colcon_core.verb:Building package 'stockfish' with the following arguments: {'ament_cmake_args': None, 'build_base': '/chess_ROS2_humble/ros2_ws/build/stockfish', 'catkin_cmake_args': None, 'catkin_skip_building_tests': False, 'cmake_args': None, 'cmake_clean_cache': False, 'cmake_clean_first': False, 'cmake_force_configure': False, 'cmake_target': None, 'cmake_target_skip_unavailable': False, 'install_base': '/chess_ROS2_humble/ros2_ws/install/stockfish', 'merge_install': False, 'path': '/chess_ROS2_humble/ros2_ws/src/stockfish', 'symlink_install': False, 'test_result_base': None}
[0.324s] Level 5:colcon.colcon_core.verb:set package 'comp_vision' build argument 'cmake_args' from command line to 'None'
[0.324s] Level 5:colcon.colcon_core.verb:set package 'comp_vision' build argument 'cmake_target' from command line to 'None'
[0.324s] Level 5:colcon.colcon_core.verb:set package 'comp_vision' build argument 'cmake_target_skip_unavailable' from command line to 'False'
[0.324s] Level 5:colcon.colcon_core.verb:set package 'comp_vision' build argument 'cmake_clean_cache' from command line to 'False'
[0.324s] Level 5:colcon.colcon_core.verb:set package 'comp_vision' build argument 'cmake_clean_first' from command line to 'False'
[0.324s] Level 5:colcon.colcon_core.verb:set package 'comp_vision' build argument 'cmake_force_configure' from command line to 'False'
[0.324s] Level 5:colcon.colcon_core.verb:set package 'comp_vision' build argument 'ament_cmake_args' from command line to 'None'
[0.324s] Level 5:colcon.colcon_core.verb:set package 'comp_vision' build argument 'catkin_cmake_args' from command line to 'None'
[0.324s] Level 5:colcon.colcon_core.verb:set package 'comp_vision' build argument 'catkin_skip_building_tests' from command line to 'False'
[0.324s] DEBUG:colcon.colcon_core.verb:Building package 'comp_vision' with the following arguments: {'ament_cmake_args': None, 'build_base': '/chess_ROS2_humble/ros2_ws/build/comp_vision', 'catkin_cmake_args': None, 'catkin_skip_building_tests': False, 'cmake_args': None, 'cmake_clean_cache': False, 'cmake_clean_first': False, 'cmake_force_configure': False, 'cmake_target': None, 'cmake_target_skip_unavailable': False, 'install_base': '/chess_ROS2_humble/ros2_ws/install/comp_vision', 'merge_install': False, 'path': '/chess_ROS2_humble/ros2_ws/src/comp_vision', 'symlink_install': False, 'test_result_base': None}
[0.325s] Level 5:colcon.colcon_core.verb:set package 'move' build argument 'cmake_args' from command line to 'None'
[0.325s] Level 5:colcon.colcon_core.verb:set package 'move' build argument 'cmake_target' from command line to 'None'
[0.325s] Level 5:colcon.colcon_core.verb:set package 'move' build argument 'cmake_target_skip_unavailable' from command line to 'False'
[0.325s] Level 5:colcon.colcon_core.verb:set package 'move' build argument 'cmake_clean_cache' from command line to 'False'
[0.325s] Level 5:colcon.colcon_core.verb:set package 'move' build argument 'cmake_clean_first' from command line to 'False'
[0.325s] Level 5:colcon.colcon_core.verb:set package 'move' build argument 'cmake_force_configure' from command line to 'False'
[0.325s] Level 5:colcon.colcon_core.verb:set package 'move' build argument 'ament_cmake_args' from command line to 'None'
[0.325s] Level 5:colcon.colcon_core.verb:set package 'move' build argument 'catkin_cmake_args' from command line to 'None'
[0.325s] Level 5:colcon.colcon_core.verb:set package 'move' build argument 'catkin_skip_building_tests' from command line to 'False'
[0.325s] DEBUG:colcon.colcon_core.verb:Building package 'move' with the following arguments: {'ament_cmake_args': None, 'build_base': '/chess_ROS2_humble/ros2_ws/build/move', 'catkin_cmake_args': None, 'catkin_skip_building_tests': False, 'cmake_args': None, 'cmake_clean_cache': False, 'cmake_clean_first': False, 'cmake_force_configure': False, 'cmake_target': None, 'cmake_target_skip_unavailable': False, 'install_base': '/chess_ROS2_humble/ros2_ws/install/move', 'merge_install': False, 'path': '/chess_ROS2_humble/ros2_ws/src/move', 'symlink_install': False, 'test_result_base': None}
[0.325s] INFO:colcon.colcon_core.executor:Executing jobs using 'parallel' executor
[0.330s] DEBUG:colcon.colcon_parallel_executor.executor.parallel:run_until_complete
[0.330s] INFO:colcon.colcon_ros.task.ament_cmake.build:Building ROS package in '/chess_ROS2_humble/ros2_ws/src/interfaces' with build type 'ament_cmake'
[0.331s] INFO:colcon.colcon_cmake.task.cmake.build:Building CMake package in '/chess_ROS2_humble/ros2_ws/src/interfaces'
[0.332s] INFO:colcon.colcon_core.plugin_system:Skipping extension 'colcon_core.shell.bat': Not used on non-Windows systems
[0.332s] INFO:colcon.colcon_core.shell:Skip shell extension 'powershell' for command environment: Not usable outside of PowerShell
[0.332s] DEBUG:colcon.colcon_core.shell:Skip shell extension 'dsv' for command environment
[0.335s] INFO:colcon.colcon_ros.task.ament_python.build:Building ROS package in '/chess_ROS2_humble/ros2_ws/src/game' with build type 'ament_python'
[0.335s] Level 1:colcon.colcon_core.shell:create_environment_hook('game', 'ament_prefix_path')
[0.335s] INFO:colcon.colcon_core.shell:Creating environment hook '/chess_ROS2_humble/ros2_ws/install/game/share/game/hook/ament_prefix_path.ps1'
[0.335s] INFO:colcon.colcon_core.shell:Creating environment descriptor '/chess_ROS2_humble/ros2_ws/install/game/share/game/hook/ament_prefix_path.dsv'
[0.335s] INFO:colcon.colcon_core.shell:Creating environment hook '/chess_ROS2_humble/ros2_ws/install/game/share/game/hook/ament_prefix_path.sh'
[0.336s] INFO:colcon.colcon_core.shell:Skip shell extension 'powershell' for command environment: Not usable outside of PowerShell
[0.336s] DEBUG:colcon.colcon_core.shell:Skip shell extension 'dsv' for command environment
[0.337s] INFO:colcon.colcon_ros.task.ament_python.build:Building ROS package in '/chess_ROS2_humble/ros2_ws/src/start' with build type 'ament_python'
[0.338s] Level 1:colcon.colcon_core.shell:create_environment_hook('start', 'ament_prefix_path')
[0.338s] INFO:colcon.colcon_core.shell:Creating environment hook '/chess_ROS2_humble/ros2_ws/install/start/share/start/hook/ament_prefix_path.ps1'
[0.338s] INFO:colcon.colcon_core.shell:Creating environment descriptor '/chess_ROS2_humble/ros2_ws/install/start/share/start/hook/ament_prefix_path.dsv'
[0.338s] INFO:colcon.colcon_core.shell:Creating environment hook '/chess_ROS2_humble/ros2_ws/install/start/share/start/hook/ament_prefix_path.sh'
[0.338s] INFO:colcon.colcon_core.shell:Skip shell extension 'powershell' for command environment: Not usable outside of PowerShell
[0.338s] DEBUG:colcon.colcon_core.shell:Skip shell extension 'dsv' for command environment
[0.340s] INFO:colcon.colcon_core.task.python.build:Building Python package in '/chess_ROS2_humble/ros2_ws/src/stockfish'
[0.340s] INFO:colcon.colcon_core.shell:Skip shell extension 'powershell' for command environment: Not usable outside of PowerShell
[0.340s] DEBUG:colcon.colcon_core.shell:Skip shell extension 'dsv' for command environment
[0.344s] DEBUG:colcon.colcon_core.event_handler.log_command:Invoking command in '/chess_ROS2_humble/ros2_ws/build/interfaces': CMAKE_PREFIX_PATH=/opt/ros/humble /usr/bin/cmake --build /chess_ROS2_humble/ros2_ws/build/interfaces -- -j20 -l20
[0.483s] INFO:colcon.colcon_core.task.python.build:Building Python package in '/chess_ROS2_humble/ros2_ws/src/game'
[0.483s] INFO:colcon.colcon_core.shell:Skip shell extension 'powershell' for command environment: Not usable outside of PowerShell
[0.483s] DEBUG:colcon.colcon_core.shell:Skip shell extension 'dsv' for command environment
[0.623s] INFO:colcon.colcon_core.task.python.build:Building Python package in '/chess_ROS2_humble/ros2_ws/src/start'
[0.623s] INFO:colcon.colcon_core.shell:Skip shell extension 'powershell' for command environment: Not usable outside of PowerShell
[0.623s] DEBUG:colcon.colcon_core.shell:Skip shell extension 'dsv' for command environment
[0.776s] DEBUG:colcon.colcon_core.event_handler.log_command:Invoked command in '/chess_ROS2_humble/ros2_ws/build/interfaces' returned '0': CMAKE_PREFIX_PATH=/opt/ros/humble /usr/bin/cmake --build /chess_ROS2_humble/ros2_ws/build/interfaces -- -j20 -l20
[0.785s] DEBUG:colcon.colcon_core.event_handler.log_command:Invoking command in '/chess_ROS2_humble/ros2_ws/build/interfaces': CMAKE_PREFIX_PATH=/opt/ros/humble /usr/bin/cmake --install /chess_ROS2_humble/ros2_ws/build/interfaces
[0.857s] Level 1:colcon.colcon_core.environment:create_environment_scripts_only(interfaces)
[0.858s] DEBUG:colcon.colcon_core.event_handler.log_command:Invoked command in '/chess_ROS2_humble/ros2_ws/build/interfaces' returned '0': CMAKE_PREFIX_PATH=/opt/ros/humble /usr/bin/cmake --install /chess_ROS2_humble/ros2_ws/build/interfaces
[0.861s] Level 1:colcon.colcon_core.environment:checking '/chess_ROS2_humble/ros2_ws/install/interfaces' for CMake module files
[0.862s] Level 1:colcon.colcon_core.environment:checking '/chess_ROS2_humble/ros2_ws/install/interfaces' for CMake config files
[0.862s] Level 1:colcon.colcon_core.shell:create_environment_hook('interfaces', 'cmake_prefix_path')
[0.863s] INFO:colcon.colcon_core.shell:Creating environment hook '/chess_ROS2_humble/ros2_ws/install/interfaces/share/interfaces/hook/cmake_prefix_path.ps1'
[0.863s] INFO:colcon.colcon_core.shell:Creating environment descriptor '/chess_ROS2_humble/ros2_ws/install/interfaces/share/interfaces/hook/cmake_prefix_path.dsv'
[0.864s] INFO:colcon.colcon_core.shell:Creating environment hook '/chess_ROS2_humble/ros2_ws/install/interfaces/share/interfaces/hook/cmake_prefix_path.sh'
[0.864s] Level 1:colcon.colcon_core.environment:checking '/chess_ROS2_humble/ros2_ws/install/interfaces/lib'
[0.865s] Level 1:colcon.colcon_core.shell:create_environment_hook('interfaces', 'ld_library_path_lib')
[0.865s] INFO:colcon.colcon_core.shell:Creating environment hook '/chess_ROS2_humble/ros2_ws/install/interfaces/share/interfaces/hook/ld_library_path_lib.ps1'
[0.865s] INFO:colcon.colcon_core.shell:Creating environment descriptor '/chess_ROS2_humble/ros2_ws/install/interfaces/share/interfaces/hook/ld_library_path_lib.dsv'
[0.866s] INFO:colcon.colcon_core.shell:Creating environment hook '/chess_ROS2_humble/ros2_ws/install/interfaces/share/interfaces/hook/ld_library_path_lib.sh'
[0.866s] Level 1:colcon.colcon_core.environment:checking '/chess_ROS2_humble/ros2_ws/install/interfaces/bin'
[0.866s] Level 1:colcon.colcon_core.environment:checking '/chess_ROS2_humble/ros2_ws/install/interfaces/lib/pkgconfig/interfaces.pc'
[0.866s] Level 1:colcon.colcon_core.environment:checking '/chess_ROS2_humble/ros2_ws/install/interfaces/lib/python3.10/site-packages'
[0.867s] Level 1:colcon.colcon_core.environment:checking '/chess_ROS2_humble/ros2_ws/install/interfaces/bin'
[0.867s] INFO:colcon.colcon_core.shell:Creating package script '/chess_ROS2_humble/ros2_ws/install/interfaces/share/interfaces/package.ps1'
[0.868s] INFO:colcon.colcon_core.shell:Creating package descriptor '/chess_ROS2_humble/ros2_ws/install/interfaces/share/interfaces/package.dsv'
[0.869s] INFO:colcon.colcon_core.shell:Creating package script '/chess_ROS2_humble/ros2_ws/install/interfaces/share/interfaces/package.sh'
[0.870s] INFO:colcon.colcon_core.shell:Creating package script '/chess_ROS2_humble/ros2_ws/install/interfaces/share/interfaces/package.bash'
[0.871s] INFO:colcon.colcon_core.shell:Creating package script '/chess_ROS2_humble/ros2_ws/install/interfaces/share/interfaces/package.zsh'
[0.872s] Level 1:colcon.colcon_core.environment:create_file_with_runtime_dependencies(/chess_ROS2_humble/ros2_ws/install/interfaces/share/colcon-core/packages/interfaces)
[0.872s] Level 1:colcon.colcon_core.environment:create_environment_scripts_only(interfaces)
[0.873s] Level 1:colcon.colcon_core.environment:checking '/chess_ROS2_humble/ros2_ws/install/interfaces' for CMake module files
[0.873s] Level 1:colcon.colcon_core.environment:checking '/chess_ROS2_humble/ros2_ws/install/interfaces' for CMake config files
[0.874s] Level 1:colcon.colcon_core.shell:create_environment_hook('interfaces', 'cmake_prefix_path')
[0.874s] INFO:colcon.colcon_core.shell:Creating environment hook '/chess_ROS2_humble/ros2_ws/install/interfaces/share/interfaces/hook/cmake_prefix_path.ps1'
[0.874s] INFO:colcon.colcon_core.shell:Creating environment descriptor '/chess_ROS2_humble/ros2_ws/install/interfaces/share/interfaces/hook/cmake_prefix_path.dsv'
[0.875s] INFO:colcon.colcon_core.shell:Creating environment hook '/chess_ROS2_humble/ros2_ws/install/interfaces/share/interfaces/hook/cmake_prefix_path.sh'
[0.875s] Level 1:colcon.colcon_core.environment:checking '/chess_ROS2_humble/ros2_ws/install/interfaces/lib'
[0.876s] Level 1:colcon.colcon_core.shell:create_environment_hook('interfaces', 'ld_library_path_lib')
[0.876s] INFO:colcon.colcon_core.shell:Creating environment hook '/chess_ROS2_humble/ros2_ws/install/interfaces/share/interfaces/hook/ld_library_path_lib.ps1'
[0.876s] INFO:colcon.colcon_core.shell:Creating environment descriptor '/chess_ROS2_humble/ros2_ws/install/interfaces/share/interfaces/hook/ld_library_path_lib.dsv'
[0.877s] INFO:colcon.colcon_core.shell:Creating environment hook '/chess_ROS2_humble/ros2_ws/install/interfaces/share/interfaces/hook/ld_library_path_lib.sh'
[0.877s] Level 1:colcon.colcon_core.environment:checking '/chess_ROS2_humble/ros2_ws/install/interfaces/bin'
[0.877s] Level 1:colcon.colcon_core.environment:checking '/chess_ROS2_humble/ros2_ws/install/interfaces/lib/pkgconfig/interfaces.pc'
[0.877s] Level 1:colcon.colcon_core.environment:checking '/chess_ROS2_humble/ros2_ws/install/interfaces/lib/python3.10/site-packages'
[0.878s] Level 1:colcon.colcon_core.environment:checking '/chess_ROS2_humble/ros2_ws/install/interfaces/bin'
[0.878s] INFO:colcon.colcon_core.shell:Creating package script '/chess_ROS2_humble/ros2_ws/install/interfaces/share/interfaces/package.ps1'
[0.879s] INFO:colcon.colcon_core.shell:Creating package descriptor '/chess_ROS2_humble/ros2_ws/install/interfaces/share/interfaces/package.dsv'
[0.879s] INFO:colcon.colcon_core.shell:Creating package script '/chess_ROS2_humble/ros2_ws/install/interfaces/share/interfaces/package.sh'
[0.880s] INFO:colcon.colcon_core.shell:Creating package script '/chess_ROS2_humble/ros2_ws/install/interfaces/share/interfaces/package.bash'
[0.880s] INFO:colcon.colcon_core.shell:Creating package script '/chess_ROS2_humble/ros2_ws/install/interfaces/share/interfaces/package.zsh'
[0.880s] Level 1:colcon.colcon_core.environment:create_file_with_runtime_dependencies(/chess_ROS2_humble/ros2_ws/install/interfaces/share/colcon-core/packages/interfaces)
[0.881s] INFO:colcon.colcon_ros.task.ament_python.build:Building ROS package in '/chess_ROS2_humble/ros2_ws/src/comp_vision' with build type 'ament_python'
[0.881s] Level 1:colcon.colcon_core.shell:create_environment_hook('comp_vision', 'ament_prefix_path')
[0.881s] INFO:colcon.colcon_core.shell:Creating environment hook '/chess_ROS2_humble/ros2_ws/install/comp_vision/share/comp_vision/hook/ament_prefix_path.ps1'
[0.882s] INFO:colcon.colcon_core.shell:Creating environment descriptor '/chess_ROS2_humble/ros2_ws/install/comp_vision/share/comp_vision/hook/ament_prefix_path.dsv'
[0.882s] INFO:colcon.colcon_core.shell:Creating environment hook '/chess_ROS2_humble/ros2_ws/install/comp_vision/share/comp_vision/hook/ament_prefix_path.sh'
[0.882s] INFO:colcon.colcon_core.shell:Skip shell extension 'powershell' for command environment: Not usable outside of PowerShell
[0.882s] DEBUG:colcon.colcon_core.shell:Skip shell extension 'dsv' for command environment
[0.885s] INFO:colcon.colcon_ros.task.ament_python.build:Building ROS package in '/chess_ROS2_humble/ros2_ws/src/move' with build type 'ament_python'
[0.885s] Level 1:colcon.colcon_core.shell:create_environment_hook('move', 'ament_prefix_path')
[0.885s] INFO:colcon.colcon_core.shell:Creating environment hook '/chess_ROS2_humble/ros2_ws/install/move/share/move/hook/ament_prefix_path.ps1'
[0.886s] INFO:colcon.colcon_core.shell:Creating environment descriptor '/chess_ROS2_humble/ros2_ws/install/move/share/move/hook/ament_prefix_path.dsv'
[0.886s] INFO:colcon.colcon_core.shell:Creating environment hook '/chess_ROS2_humble/ros2_ws/install/move/share/move/hook/ament_prefix_path.sh'
[0.887s] INFO:colcon.colcon_core.shell:Skip shell extension 'powershell' for command environment: Not usable outside of PowerShell
[0.887s] DEBUG:colcon.colcon_core.shell:Skip shell extension 'dsv' for command environment
[1.065s] INFO:colcon.colcon_core.task.python.build:Building Python package in '/chess_ROS2_humble/ros2_ws/src/comp_vision'
[1.066s] INFO:colcon.colcon_core.shell:Skip shell extension 'powershell' for command environment: Not usable outside of PowerShell
[1.066s] DEBUG:colcon.colcon_core.shell:Skip shell extension 'dsv' for command environment
[1.217s] INFO:colcon.colcon_core.task.python.build:Building Python package in '/chess_ROS2_humble/ros2_ws/src/move'
[1.218s] INFO:colcon.colcon_core.shell:Skip shell extension 'powershell' for command environment: Not usable outside of PowerShell
[1.218s] DEBUG:colcon.colcon_core.shell:Skip shell extension 'dsv' for command environment
[1.223s] DEBUG:colcon.colcon_core.event_handler.log_command:Invoking command in '/chess_ROS2_humble/ros2_ws/src/game': PYTHONPATH=/chess_ROS2_humble/ros2_ws/build/game/prefix_override:/usr/lib/python3/dist-packages/colcon_core/task/python/colcon_distutils_commands:/chess_ROS2_humble/ros2_ws/install/game/lib/python3.10/site-packages:${PYTHONPATH} /usr/bin/python3 -W ignore:setup.py install is deprecated -W ignore:easy_install command is deprecated setup.py egg_info --egg-base ../../build/game build --build-base /chess_ROS2_humble/ros2_ws/build/game/build install --record /chess_ROS2_humble/ros2_ws/build/game/install.log --single-version-externally-managed install_data
[1.224s] DEBUG:colcon.colcon_core.event_handler.log_command:Invoking command in '/chess_ROS2_humble/ros2_ws/src/start': PYTHONPATH=/chess_ROS2_humble/ros2_ws/build/start/prefix_override:/usr/lib/python3/dist-packages/colcon_core/task/python/colcon_distutils_commands:/chess_ROS2_humble/ros2_ws/install/start/lib/python3.10/site-packages:${PYTHONPATH} /usr/bin/python3 -W ignore:setup.py install is deprecated -W ignore:easy_install command is deprecated setup.py egg_info --egg-base ../../build/start build --build-base /chess_ROS2_humble/ros2_ws/build/start/build install --record /chess_ROS2_humble/ros2_ws/build/start/install.log --single-version-externally-managed install_data
[1.226s] DEBUG:colcon.colcon_core.event_handler.log_command:Invoking command in '/chess_ROS2_humble/ros2_ws/src/stockfish': PYTHONPATH=/chess_ROS2_humble/ros2_ws/build/stockfish/prefix_override:/usr/lib/python3/dist-packages/colcon_core/task/python/colcon_distutils_commands:/chess_ROS2_humble/ros2_ws/install/stockfish/lib/python3.10/site-packages:${PYTHONPATH} /usr/bin/python3 -W ignore:setup.py install is deprecated -W ignore:easy_install command is deprecated setup.py egg_info --egg-base ../../build/stockfish build --build-base /chess_ROS2_humble/ros2_ws/build/stockfish/build install --record /chess_ROS2_humble/ros2_ws/build/stockfish/install.log --single-version-externally-managed install_data
[1.418s] Level 1:colcon.colcon_core.environment:checking '/chess_ROS2_humble/ros2_ws/install/stockfish' for CMake module files
[1.419s] DEBUG:colcon.colcon_core.event_handler.log_command:Invoked command in '/chess_ROS2_humble/ros2_ws/src/stockfish' returned '0': PYTHONPATH=/chess_ROS2_humble/ros2_ws/build/stockfish/prefix_override:/usr/lib/python3/dist-packages/colcon_core/task/python/colcon_distutils_commands:/chess_ROS2_humble/ros2_ws/install/stockfish/lib/python3.10/site-packages:${PYTHONPATH} /usr/bin/python3 -W ignore:setup.py install is deprecated -W ignore:easy_install command is deprecated setup.py egg_info --egg-base ../../build/stockfish build --build-base /chess_ROS2_humble/ros2_ws/build/stockfish/build install --record /chess_ROS2_humble/ros2_ws/build/stockfish/install.log --single-version-externally-managed install_data
[1.419s] Level 1:colcon.colcon_core.environment:checking '/chess_ROS2_humble/ros2_ws/install/stockfish' for CMake config files
[1.419s] Level 1:colcon.colcon_core.environment:checking '/chess_ROS2_humble/ros2_ws/install/stockfish/lib'
[1.419s] Level 1:colcon.colcon_core.environment:checking '/chess_ROS2_humble/ros2_ws/install/stockfish/bin'
[1.419s] Level 1:colcon.colcon_core.environment:checking '/chess_ROS2_humble/ros2_ws/install/stockfish/lib/pkgconfig/stockfish.pc'
[1.419s] Level 1:colcon.colcon_core.environment:checking '/chess_ROS2_humble/ros2_ws/install/stockfish/lib/python3.10/site-packages'
[1.419s] Level 1:colcon.colcon_core.shell:create_environment_hook('stockfish', 'pythonpath')
[1.420s] INFO:colcon.colcon_core.shell:Creating environment hook '/chess_ROS2_humble/ros2_ws/install/stockfish/share/stockfish/hook/pythonpath.ps1'
[1.420s] INFO:colcon.colcon_core.shell:Creating environment descriptor '/chess_ROS2_humble/ros2_ws/install/stockfish/share/stockfish/hook/pythonpath.dsv'
[1.420s] INFO:colcon.colcon_core.shell:Creating environment hook '/chess_ROS2_humble/ros2_ws/install/stockfish/share/stockfish/hook/pythonpath.sh'
[1.421s] Level 1:colcon.colcon_core.environment:checking '/chess_ROS2_humble/ros2_ws/install/stockfish/bin'
[1.421s] Level 1:colcon.colcon_core.environment:create_environment_scripts_only(stockfish)
[1.421s] INFO:colcon.colcon_core.shell:Creating package script '/chess_ROS2_humble/ros2_ws/install/stockfish/share/stockfish/package.ps1'
[1.421s] INFO:colcon.colcon_core.shell:Creating package descriptor '/chess_ROS2_humble/ros2_ws/install/stockfish/share/stockfish/package.dsv'
[1.421s] INFO:colcon.colcon_core.shell:Creating package script '/chess_ROS2_humble/ros2_ws/install/stockfish/share/stockfish/package.sh'
[1.422s] INFO:colcon.colcon_core.shell:Creating package script '/chess_ROS2_humble/ros2_ws/install/stockfish/share/stockfish/package.bash'
[1.422s] INFO:colcon.colcon_core.shell:Creating package script '/chess_ROS2_humble/ros2_ws/install/stockfish/share/stockfish/package.zsh'
[1.422s] Level 1:colcon.colcon_core.environment:create_file_with_runtime_dependencies(/chess_ROS2_humble/ros2_ws/install/stockfish/share/colcon-core/packages/stockfish)
[1.424s] Level 1:colcon.colcon_core.environment:checking '/chess_ROS2_humble/ros2_ws/install/start' for CMake module files
[1.424s] Level 1:colcon.colcon_core.environment:checking '/chess_ROS2_humble/ros2_ws/install/start' for CMake config files
[1.425s] Level 1:colcon.colcon_core.environment:checking '/chess_ROS2_humble/ros2_ws/install/start/lib'
[1.425s] Level 1:colcon.colcon_core.environment:checking '/chess_ROS2_humble/ros2_ws/install/start/bin'
[1.425s] DEBUG:colcon.colcon_core.event_handler.log_command:Invoked command in '/chess_ROS2_humble/ros2_ws/src/start' returned '0': PYTHONPATH=/chess_ROS2_humble/ros2_ws/build/start/prefix_override:/usr/lib/python3/dist-packages/colcon_core/task/python/colcon_distutils_commands:/chess_ROS2_humble/ros2_ws/install/start/lib/python3.10/site-packages:${PYTHONPATH} /usr/bin/python3 -W ignore:setup.py install is deprecated -W ignore:easy_install command is deprecated setup.py egg_info --egg-base ../../build/start build --build-base /chess_ROS2_humble/ros2_ws/build/start/build install --record /chess_ROS2_humble/ros2_ws/build/start/install.log --single-version-externally-managed install_data
[1.425s] Level 1:colcon.colcon_core.environment:checking '/chess_ROS2_humble/ros2_ws/install/start/lib/pkgconfig/start.pc'
[1.425s] Level 1:colcon.colcon_core.environment:checking '/chess_ROS2_humble/ros2_ws/install/start/lib/python3.10/site-packages'
[1.426s] Level 1:colcon.colcon_core.shell:create_environment_hook('start', 'pythonpath')
[1.426s] INFO:colcon.colcon_core.shell:Creating environment hook '/chess_ROS2_humble/ros2_ws/install/start/share/start/hook/pythonpath.ps1'
[1.426s] INFO:colcon.colcon_core.shell:Creating environment descriptor '/chess_ROS2_humble/ros2_ws/install/start/share/start/hook/pythonpath.dsv'
[1.426s] INFO:colcon.colcon_core.shell:Creating environment hook '/chess_ROS2_humble/ros2_ws/install/start/share/start/hook/pythonpath.sh'
[1.427s] Level 1:colcon.colcon_core.environment:checking '/chess_ROS2_humble/ros2_ws/install/start/bin'
[1.427s] Level 1:colcon.colcon_core.environment:create_environment_scripts_only(start)
[1.427s] INFO:colcon.colcon_core.shell:Creating package script '/chess_ROS2_humble/ros2_ws/install/start/share/start/package.ps1'
[1.427s] INFO:colcon.colcon_core.shell:Creating package descriptor '/chess_ROS2_humble/ros2_ws/install/start/share/start/package.dsv'
[1.427s] INFO:colcon.colcon_core.shell:Creating package script '/chess_ROS2_humble/ros2_ws/install/start/share/start/package.sh'
[1.428s] INFO:colcon.colcon_core.shell:Creating package script '/chess_ROS2_humble/ros2_ws/install/start/share/start/package.bash'
[1.428s] INFO:colcon.colcon_core.shell:Creating package script '/chess_ROS2_humble/ros2_ws/install/start/share/start/package.zsh'
[1.428s] Level 1:colcon.colcon_core.environment:create_file_with_runtime_dependencies(/chess_ROS2_humble/ros2_ws/install/start/share/colcon-core/packages/start)
[1.468s] DEBUG:colcon.colcon_core.event_handler.log_command:Invoking command in '/chess_ROS2_humble/ros2_ws/src/move': AMENT_PREFIX_PATH=/chess_ROS2_humble/ros2_ws/install/interfaces:${AMENT_PREFIX_PATH} CMAKE_PREFIX_PATH=/chess_ROS2_humble/ros2_ws/install/interfaces LD_LIBRARY_PATH=/chess_ROS2_humble/ros2_ws/install/interfaces/lib:/usr/lib/x86_64-linux-gnu/gazebo-11/plugins:/opt/ros/humble/opt/rviz_ogre_vendor/lib:/opt/ros/humble/lib/x86_64-linux-gnu:/opt/ros/humble/lib:/usr/lib/x86_64-linux-gnu/gazebo-11/plugins:/usr/lib/x86_64-linux-gnu/gazebo-11/plugins:/usr/lib/x86_64-linux-gnu/gazebo-11/plugins PYTHONPATH=/chess_ROS2_humble/ros2_ws/build/move/prefix_override:/usr/lib/python3/dist-packages/colcon_core/task/python/colcon_distutils_commands:/chess_ROS2_humble/ros2_ws/install/move/lib/python3.10/site-packages:/chess_ROS2_humble/ros2_ws/install/interfaces/local/lib/python3.10/dist-packages:${PYTHONPATH} /usr/bin/python3 -W ignore:setup.py install is deprecated -W ignore:easy_install command is deprecated setup.py egg_info --egg-base ../../build/move build --build-base /chess_ROS2_humble/ros2_ws/build/move/build install --record /chess_ROS2_humble/ros2_ws/build/move/install.log --single-version-externally-managed install_data
[1.478s] Level 1:colcon.colcon_core.environment:checking '/chess_ROS2_humble/ros2_ws/install/game' for CMake module files
[1.479s] DEBUG:colcon.colcon_core.event_handler.log_command:Invoked command in '/chess_ROS2_humble/ros2_ws/src/game' returned '0': PYTHONPATH=/chess_ROS2_humble/ros2_ws/build/game/prefix_override:/usr/lib/python3/dist-packages/colcon_core/task/python/colcon_distutils_commands:/chess_ROS2_humble/ros2_ws/install/game/lib/python3.10/site-packages:${PYTHONPATH} /usr/bin/python3 -W ignore:setup.py install is deprecated -W ignore:easy_install command is deprecated setup.py egg_info --egg-base ../../build/game build --build-base /chess_ROS2_humble/ros2_ws/build/game/build install --record /chess_ROS2_humble/ros2_ws/build/game/install.log --single-version-externally-managed install_data
[1.479s] Level 1:colcon.colcon_core.environment:checking '/chess_ROS2_humble/ros2_ws/install/game' for CMake config files
[1.480s] Level 1:colcon.colcon_core.environment:checking '/chess_ROS2_humble/ros2_ws/install/game/lib'
[1.480s] Level 1:colcon.colcon_core.environment:checking '/chess_ROS2_humble/ros2_ws/install/game/bin'
[1.480s] Level 1:colcon.colcon_core.environment:checking '/chess_ROS2_humble/ros2_ws/install/game/lib/pkgconfig/game.pc'
[1.480s] Level 1:colcon.colcon_core.environment:checking '/chess_ROS2_humble/ros2_ws/install/game/lib/python3.10/site-packages'
[1.480s] Level 1:colcon.colcon_core.shell:create_environment_hook('game', 'pythonpath')
[1.481s] INFO:colcon.colcon_core.shell:Creating environment hook '/chess_ROS2_humble/ros2_ws/install/game/share/game/hook/pythonpath.ps1'
[1.481s] INFO:colcon.colcon_core.shell:Creating environment descriptor '/chess_ROS2_humble/ros2_ws/install/game/share/game/hook/pythonpath.dsv'
[1.481s] INFO:colcon.colcon_core.shell:Creating environment hook '/chess_ROS2_humble/ros2_ws/install/game/share/game/hook/pythonpath.sh'
[1.482s] Level 1:colcon.colcon_core.environment:checking '/chess_ROS2_humble/ros2_ws/install/game/bin'
[1.482s] Level 1:colcon.colcon_core.environment:create_environment_scripts_only(game)
[1.483s] INFO:colcon.colcon_core.shell:Creating package script '/chess_ROS2_humble/ros2_ws/install/game/share/game/package.ps1'
[1.483s] INFO:colcon.colcon_core.shell:Creating package descriptor '/chess_ROS2_humble/ros2_ws/install/game/share/game/package.dsv'
[1.483s] INFO:colcon.colcon_core.shell:Creating package script '/chess_ROS2_humble/ros2_ws/install/game/share/game/package.sh'
[1.484s] INFO:colcon.colcon_core.shell:Creating package script '/chess_ROS2_humble/ros2_ws/install/game/share/game/package.bash'
[1.484s] INFO:colcon.colcon_core.shell:Creating package script '/chess_ROS2_humble/ros2_ws/install/game/share/game/package.zsh'
[1.485s] Level 1:colcon.colcon_core.environment:create_file_with_runtime_dependencies(/chess_ROS2_humble/ros2_ws/install/game/share/colcon-core/packages/game)
[1.487s] DEBUG:colcon.colcon_core.event_handler.log_command:Invoking command in '/chess_ROS2_humble/ros2_ws/src/comp_vision': AMENT_PREFIX_PATH=/chess_ROS2_humble/ros2_ws/install/interfaces:${AMENT_PREFIX_PATH} CMAKE_PREFIX_PATH=/chess_ROS2_humble/ros2_ws/install/interfaces LD_LIBRARY_PATH=/chess_ROS2_humble/ros2_ws/install/interfaces/lib:/usr/lib/x86_64-linux-gnu/gazebo-11/plugins:/opt/ros/humble/opt/rviz_ogre_vendor/lib:/opt/ros/humble/lib/x86_64-linux-gnu:/opt/ros/humble/lib:/usr/lib/x86_64-linux-gnu/gazebo-11/plugins:/usr/lib/x86_64-linux-gnu/gazebo-11/plugins:/usr/lib/x86_64-linux-gnu/gazebo-11/plugins PYTHONPATH=/chess_ROS2_humble/ros2_ws/build/comp_vision/prefix_override:/usr/lib/python3/dist-packages/colcon_core/task/python/colcon_distutils_commands:/chess_ROS2_humble/ros2_ws/install/comp_vision/lib/python3.10/site-packages:/chess_ROS2_humble/ros2_ws/install/interfaces/local/lib/python3.10/dist-packages:${PYTHONPATH} /usr/bin/python3 -W ignore:setup.py install is deprecated -W ignore:easy_install command is deprecated setup.py egg_info --egg-base ../../build/comp_vision build --build-base /chess_ROS2_humble/ros2_ws/build/comp_vision/build install --record /chess_ROS2_humble/ros2_ws/build/comp_vision/install.log --single-version-externally-managed install_data
[1.646s] Level 1:colcon.colcon_core.environment:checking '/chess_ROS2_humble/ros2_ws/install/move' for CMake module files
[1.647s] DEBUG:colcon.colcon_core.event_handler.log_command:Invoked command in '/chess_ROS2_humble/ros2_ws/src/move' returned '0': AMENT_PREFIX_PATH=/chess_ROS2_humble/ros2_ws/install/interfaces:${AMENT_PREFIX_PATH} CMAKE_PREFIX_PATH=/chess_ROS2_humble/ros2_ws/install/interfaces LD_LIBRARY_PATH=/chess_ROS2_humble/ros2_ws/install/interfaces/lib:/usr/lib/x86_64-linux-gnu/gazebo-11/plugins:/opt/ros/humble/opt/rviz_ogre_vendor/lib:/opt/ros/humble/lib/x86_64-linux-gnu:/opt/ros/humble/lib:/usr/lib/x86_64-linux-gnu/gazebo-11/plugins:/usr/lib/x86_64-linux-gnu/gazebo-11/plugins:/usr/lib/x86_64-linux-gnu/gazebo-11/plugins PYTHONPATH=/chess_ROS2_humble/ros2_ws/build/move/prefix_override:/usr/lib/python3/dist-packages/colcon_core/task/python/colcon_distutils_commands:/chess_ROS2_humble/ros2_ws/install/move/lib/python3.10/site-packages:/chess_ROS2_humble/ros2_ws/install/interfaces/local/lib/python3.10/dist-packages:${PYTHONPATH} /usr/bin/python3 -W ignore:setup.py install is deprecated -W ignore:easy_install command is deprecated setup.py egg_info --egg-base ../../build/move build --build-base /chess_ROS2_humble/ros2_ws/build/move/build install --record /chess_ROS2_humble/ros2_ws/build/move/install.log --single-version-externally-managed install_data
[1.647s] Level 1:colcon.colcon_core.environment:checking '/chess_ROS2_humble/ros2_ws/install/move' for CMake config files
[1.648s] Level 1:colcon.colcon_core.environment:checking '/chess_ROS2_humble/ros2_ws/install/move/lib'
[1.648s] Level 1:colcon.colcon_core.environment:checking '/chess_ROS2_humble/ros2_ws/install/move/bin'
[1.648s] Level 1:colcon.colcon_core.environment:checking '/chess_ROS2_humble/ros2_ws/install/move/lib/pkgconfig/move.pc'
[1.648s] Level 1:colcon.colcon_core.environment:checking '/chess_ROS2_humble/ros2_ws/install/move/lib/python3.10/site-packages'
[1.648s] Level 1:colcon.colcon_core.shell:create_environment_hook('move', 'pythonpath')
[1.649s] INFO:colcon.colcon_core.shell:Creating environment hook '/chess_ROS2_humble/ros2_ws/install/move/share/move/hook/pythonpath.ps1'
[1.649s] INFO:colcon.colcon_core.shell:Creating environment descriptor '/chess_ROS2_humble/ros2_ws/install/move/share/move/hook/pythonpath.dsv'
[1.649s] INFO:colcon.colcon_core.shell:Creating environment hook '/chess_ROS2_humble/ros2_ws/install/move/share/move/hook/pythonpath.sh'
[1.650s] Level 1:colcon.colcon_core.environment:checking '/chess_ROS2_humble/ros2_ws/install/move/bin'
[1.650s] Level 1:colcon.colcon_core.environment:create_environment_scripts_only(move)
[1.651s] INFO:colcon.colcon_core.shell:Creating package script '/chess_ROS2_humble/ros2_ws/install/move/share/move/package.ps1'
[1.651s] INFO:colcon.colcon_core.shell:Creating package descriptor '/chess_ROS2_humble/ros2_ws/install/move/share/move/package.dsv'
[1.652s] INFO:colcon.colcon_core.shell:Creating package script '/chess_ROS2_humble/ros2_ws/install/move/share/move/package.sh'
[1.652s] INFO:colcon.colcon_core.shell:Creating package script '/chess_ROS2_humble/ros2_ws/install/move/share/move/package.bash'
[1.652s] INFO:colcon.colcon_core.shell:Creating package script '/chess_ROS2_humble/ros2_ws/install/move/share/move/package.zsh'
[1.653s] Level 1:colcon.colcon_core.environment:create_file_with_runtime_dependencies(/chess_ROS2_humble/ros2_ws/install/move/share/colcon-core/packages/move)
[1.665s] Level 1:colcon.colcon_core.environment:checking '/chess_ROS2_humble/ros2_ws/install/comp_vision' for CMake module files
[1.665s] DEBUG:colcon.colcon_core.event_handler.log_command:Invoked command in '/chess_ROS2_humble/ros2_ws/src/comp_vision' returned '0': AMENT_PREFIX_PATH=/chess_ROS2_humble/ros2_ws/install/interfaces:${AMENT_PREFIX_PATH} CMAKE_PREFIX_PATH=/chess_ROS2_humble/ros2_ws/install/interfaces LD_LIBRARY_PATH=/chess_ROS2_humble/ros2_ws/install/interfaces/lib:/usr/lib/x86_64-linux-gnu/gazebo-11/plugins:/opt/ros/humble/opt/rviz_ogre_vendor/lib:/opt/ros/humble/lib/x86_64-linux-gnu:/opt/ros/humble/lib:/usr/lib/x86_64-linux-gnu/gazebo-11/plugins:/usr/lib/x86_64-linux-gnu/gazebo-11/plugins:/usr/lib/x86_64-linux-gnu/gazebo-11/plugins PYTHONPATH=/chess_ROS2_humble/ros2_ws/build/comp_vision/prefix_override:/usr/lib/python3/dist-packages/colcon_core/task/python/colcon_distutils_commands:/chess_ROS2_humble/ros2_ws/install/comp_vision/lib/python3.10/site-packages:/chess_ROS2_humble/ros2_ws/install/interfaces/local/lib/python3.10/dist-packages:${PYTHONPATH} /usr/bin/python3 -W ignore:setup.py install is deprecated -W ignore:easy_install command is deprecated setup.py egg_info --egg-base ../../build/comp_vision build --build-base /chess_ROS2_humble/ros2_ws/build/comp_vision/build install --record /chess_ROS2_humble/ros2_ws/build/comp_vision/install.log --single-version-externally-managed install_data
[1.665s] Level 1:colcon.colcon_core.environment:checking '/chess_ROS2_humble/ros2_ws/install/comp_vision' for CMake config files
[1.666s] Level 1:colcon.colcon_core.environment:checking '/chess_ROS2_humble/ros2_ws/install/comp_vision/lib'
[1.666s] Level 1:colcon.colcon_core.environment:checking '/chess_ROS2_humble/ros2_ws/install/comp_vision/bin'
[1.666s] Level 1:colcon.colcon_core.environment:checking '/chess_ROS2_humble/ros2_ws/install/comp_vision/lib/pkgconfig/comp_vision.pc'
[1.666s] Level 1:colcon.colcon_core.environment:checking '/chess_ROS2_humble/ros2_ws/install/comp_vision/lib/python3.10/site-packages'
[1.666s] Level 1:colcon.colcon_core.shell:create_environment_hook('comp_vision', 'pythonpath')
[1.666s] INFO:colcon.colcon_core.shell:Creating environment hook '/chess_ROS2_humble/ros2_ws/install/comp_vision/share/comp_vision/hook/pythonpath.ps1'
[1.667s] INFO:colcon.colcon_core.shell:Creating environment descriptor '/chess_ROS2_humble/ros2_ws/install/comp_vision/share/comp_vision/hook/pythonpath.dsv'
[1.667s] INFO:colcon.colcon_core.shell:Creating environment hook '/chess_ROS2_humble/ros2_ws/install/comp_vision/share/comp_vision/hook/pythonpath.sh'
[1.667s] Level 1:colcon.colcon_core.environment:checking '/chess_ROS2_humble/ros2_ws/install/comp_vision/bin'
[1.667s] Level 1:colcon.colcon_core.environment:create_environment_scripts_only(comp_vision)
[1.667s] INFO:colcon.colcon_core.shell:Creating package script '/chess_ROS2_humble/ros2_ws/install/comp_vision/share/comp_vision/package.ps1'
[1.668s] INFO:colcon.colcon_core.shell:Creating package descriptor '/chess_ROS2_humble/ros2_ws/install/comp_vision/share/comp_vision/package.dsv'
[1.668s] INFO:colcon.colcon_core.shell:Creating package script '/chess_ROS2_humble/ros2_ws/install/comp_vision/share/comp_vision/package.sh'
[1.668s] INFO:colcon.colcon_core.shell:Creating package script '/chess_ROS2_humble/ros2_ws/install/comp_vision/share/comp_vision/package.bash'
[1.669s] INFO:colcon.colcon_core.shell:Creating package script '/chess_ROS2_humble/ros2_ws/install/comp_vision/share/comp_vision/package.zsh'
[1.669s] Level 1:colcon.colcon_core.environment:create_file_with_runtime_dependencies(/chess_ROS2_humble/ros2_ws/install/comp_vision/share/colcon-core/packages/comp_vision)
[1.669s] DEBUG:colcon.colcon_parallel_executor.executor.parallel:closing loop
[1.669s] DEBUG:colcon.colcon_parallel_executor.executor.parallel:loop closed
[1.669s] DEBUG:colcon.colcon_parallel_executor.executor.parallel:run_until_complete finished with '0'
[1.669s] DEBUG:colcon.colcon_core.event_reactor:joining thread
[1.677s] INFO:colcon.colcon_core.plugin_system:Skipping extension 'colcon_notification.desktop_notification.notify_send': Could not find 'notify-send'
[1.677s] INFO:colcon.colcon_core.plugin_system:Skipping extension 'colcon_notification.desktop_notification.terminal_notifier': Not used on non-Darwin systems
[1.677s] INFO:colcon.colcon_core.plugin_system:Skipping extension 'colcon_notification.desktop_notification.win32': Not used on non-Windows systems
[1.677s] INFO:colcon.colcon_notification.desktop_notification:Sending desktop notification using 'notify2'
[1.680s] DEBUG:colcon.colcon_notification.desktop_notification.notify2:Failed to initialize notify2: org.freedesktop.DBus.Error.Spawn.ExecFailed: /usr/bin/dbus-launch terminated abnormally without any error message
[1.681s] DEBUG:colcon.colcon_core.event_reactor:joined thread
[1.681s] INFO:colcon.colcon_core.shell:Creating prefix script '/chess_ROS2_humble/ros2_ws/install/local_setup.ps1'
[1.682s] INFO:colcon.colcon_core.shell:Creating prefix util module '/chess_ROS2_humble/ros2_ws/install/_local_setup_util_ps1.py'
[1.683s] INFO:colcon.colcon_core.shell:Creating prefix chain script '/chess_ROS2_humble/ros2_ws/install/setup.ps1'
[1.684s] INFO:colcon.colcon_core.shell:Creating prefix script '/chess_ROS2_humble/ros2_ws/install/local_setup.sh'
[1.684s] INFO:colcon.colcon_core.shell:Creating prefix util module '/chess_ROS2_humble/ros2_ws/install/_local_setup_util_sh.py'
[1.685s] INFO:colcon.colcon_core.shell:Creating prefix chain script '/chess_ROS2_humble/ros2_ws/install/setup.sh'
[1.686s] INFO:colcon.colcon_core.shell:Creating prefix script '/chess_ROS2_humble/ros2_ws/install/local_setup.bash'
[1.686s] INFO:colcon.colcon_core.shell:Creating prefix chain script '/chess_ROS2_humble/ros2_ws/install/setup.bash'
[1.687s] INFO:colcon.colcon_core.shell:Creating prefix script '/chess_ROS2_humble/ros2_ws/install/local_setup.zsh'
[1.687s] INFO:colcon.colcon_core.shell:Creating prefix chain script '/chess_ROS2_humble/ros2_ws/install/setup.zsh'
