running egg_info
writing ../../build/comp_vision/comp_vision.egg-info/PKG-INFO
writing dependency_links to ../../build/comp_vision/comp_vision.egg-info/dependency_links.txt
writing entry points to ../../build/comp_vision/comp_vision.egg-info/entry_points.txt
writing requirements to ../../build/comp_vision/comp_vision.egg-info/requires.txt
writing top-level names to ../../build/comp_vision/comp_vision.egg-info/top_level.txt
reading manifest file '../../build/comp_vision/comp_vision.egg-info/SOURCES.txt'
writing manifest file '../../build/comp_vision/comp_vision.egg-info/SOURCES.txt'
running build
running build_py
copying comp_vision/comp_vision.py -> /chess_ROS2_humble/ros2_ws/build/comp_vision/build/lib/comp_vision
running install
running install_lib
copying /chess_ROS2_humble/ros2_ws/build/comp_vision/build/lib/comp_vision/comp_vision.py -> /chess_ROS2_humble/ros2_ws/install/comp_vision/lib/python3.10/site-packages/comp_vision
byte-compiling /chess_ROS2_humble/ros2_ws/install/comp_vision/lib/python3.10/site-packages/comp_vision/comp_vision.py to comp_vision.cpython-310.pyc
running install_data
running install_egg_info
removing '/chess_ROS2_humble/ros2_ws/install/comp_vision/lib/python3.10/site-packages/comp_vision-0.0.0-py3.10.egg-info' (and everything under it)
Copying ../../build/comp_vision/comp_vision.egg-info to /chess_ROS2_humble/ros2_ws/install/comp_vision/lib/python3.10/site-packages/comp_vision-0.0.0-py3.10.egg-info
running install_scripts
Installing comp_vision script to /chess_ROS2_humble/ros2_ws/install/comp_vision/lib/comp_vision
writing list of installed files to '/chess_ROS2_humble/ros2_ws/build/comp_vision/install.log'
