running egg_info
writing ../../build/stockfish_node/stockfish_node.egg-info/PKG-INFO
writing dependency_links to ../../build/stockfish_node/stockfish_node.egg-info/dependency_links.txt
writing entry points to ../../build/stockfish_node/stockfish_node.egg-info/entry_points.txt
writing requirements to ../../build/stockfish_node/stockfish_node.egg-info/requires.txt
writing top-level names to ../../build/stockfish_node/stockfish_node.egg-info/top_level.txt
reading manifest file '../../build/stockfish_node/stockfish_node.egg-info/SOURCES.txt'
writing manifest file '../../build/stockfish_node/stockfish_node.egg-info/SOURCES.txt'
running build
running build_py
copying stockfish_node/stockfish_node.py -> /chess_ROS2_humble/ros2_ws/build/stockfish_node/build/lib/stockfish_node
running install
running install_lib
copying /chess_ROS2_humble/ros2_ws/build/stockfish_node/build/lib/stockfish_node/stockfish_node.py -> /chess_ROS2_humble/ros2_ws/install/stockfish_node/lib/python3.10/site-packages/stockfish_node
byte-compiling /chess_ROS2_humble/ros2_ws/install/stockfish_node/lib/python3.10/site-packages/stockfish_node/stockfish_node.py to stockfish_node.cpython-310.pyc
running install_data
running install_egg_info
removing '/chess_ROS2_humble/ros2_ws/install/stockfish_node/lib/python3.10/site-packages/stockfish_node-0.0.0-py3.10.egg-info' (and everything under it)
Copying ../../build/stockfish_node/stockfish_node.egg-info to /chess_ROS2_humble/ros2_ws/install/stockfish_node/lib/python3.10/site-packages/stockfish_node-0.0.0-py3.10.egg-info
running install_scripts
Installing stockfish_node script to /chess_ROS2_humble/ros2_ws/install/stockfish_node/lib/stockfish_node
writing list of installed files to '/chess_ROS2_humble/ros2_ws/build/stockfish_node/install.log'
