[0.733s] Invoking command in '/chess_ROS2_humble/ros2_ws/src/stockfish_node': LD_LIBRARY_PATH=/chess_ROS2_humble/ros2_ws/install/interfaces/lib:/chess_ROS2_humble/ros2_ws/install/comp_vision_interfaces/lib:/usr/lib/x86_64-linux-gnu/gazebo-11/plugins:/opt/ros/humble/opt/rviz_ogre_vendor/lib:/opt/ros/humble/lib/x86_64-linux-gnu:/opt/ros/humble/lib:/usr/lib/x86_64-linux-gnu/gazebo-11/plugins:/usr/lib/x86_64-linux-gnu/gazebo-11/plugins:/usr/lib/x86_64-linux-gnu/gazebo-11/plugins PYTHONPATH=/chess_ROS2_humble/ros2_ws/build/stockfish_node/prefix_override:/usr/lib/python3/dist-packages/colcon_core/task/python/colcon_distutils_commands:/chess_ROS2_humble/ros2_ws/install/stockfish_node/lib/python3.10/site-packages:${PYTHONPATH} /usr/bin/python3 -W ignore:setup.py install is deprecated -W ignore:easy_install command is deprecated setup.py egg_info --egg-base ../../build/stockfish_node build --build-base /chess_ROS2_humble/ros2_ws/build/stockfish_node/build install --record /chess_ROS2_humble/ros2_ws/build/stockfish_node/install.log --single-version-externally-managed install_data
[0.883s] running egg_info
[0.884s] writing ../../build/stockfish_node/stockfish_node.egg-info/PKG-INFO
[0.884s] writing dependency_links to ../../build/stockfish_node/stockfish_node.egg-info/dependency_links.txt
[0.884s] writing entry points to ../../build/stockfish_node/stockfish_node.egg-info/entry_points.txt
[0.884s] writing requirements to ../../build/stockfish_node/stockfish_node.egg-info/requires.txt
[0.884s] writing top-level names to ../../build/stockfish_node/stockfish_node.egg-info/top_level.txt
[0.885s] reading manifest file '../../build/stockfish_node/stockfish_node.egg-info/SOURCES.txt'
[0.886s] writing manifest file '../../build/stockfish_node/stockfish_node.egg-info/SOURCES.txt'
[0.886s] running build
[0.886s] running build_py
[0.886s] copying stockfish_node/stockfish_node.py -> /chess_ROS2_humble/ros2_ws/build/stockfish_node/build/lib/stockfish_node
[0.886s] running install
[0.886s] running install_lib
[0.887s] copying /chess_ROS2_humble/ros2_ws/build/stockfish_node/build/lib/stockfish_node/stockfish_node.py -> /chess_ROS2_humble/ros2_ws/install/stockfish_node/lib/python3.10/site-packages/stockfish_node
[0.887s] byte-compiling /chess_ROS2_humble/ros2_ws/install/stockfish_node/lib/python3.10/site-packages/stockfish_node/stockfish_node.py to stockfish_node.cpython-310.pyc
[0.887s] running install_data
[0.888s] running install_egg_info
[0.889s] removing '/chess_ROS2_humble/ros2_ws/install/stockfish_node/lib/python3.10/site-packages/stockfish_node-0.0.0-py3.10.egg-info' (and everything under it)
[0.889s] Copying ../../build/stockfish_node/stockfish_node.egg-info to /chess_ROS2_humble/ros2_ws/install/stockfish_node/lib/python3.10/site-packages/stockfish_node-0.0.0-py3.10.egg-info
[0.890s] running install_scripts
[0.905s] Installing stockfish_node script to /chess_ROS2_humble/ros2_ws/install/stockfish_node/lib/stockfish_node
[0.905s] writing list of installed files to '/chess_ROS2_humble/ros2_ws/build/stockfish_node/install.log'
[0.929s] Invoked command in '/chess_ROS2_humble/ros2_ws/src/stockfish_node' returned '0': LD_LIBRARY_PATH=/chess_ROS2_humble/ros2_ws/install/interfaces/lib:/chess_ROS2_humble/ros2_ws/install/comp_vision_interfaces/lib:/usr/lib/x86_64-linux-gnu/gazebo-11/plugins:/opt/ros/humble/opt/rviz_ogre_vendor/lib:/opt/ros/humble/lib/x86_64-linux-gnu:/opt/ros/humble/lib:/usr/lib/x86_64-linux-gnu/gazebo-11/plugins:/usr/lib/x86_64-linux-gnu/gazebo-11/plugins:/usr/lib/x86_64-linux-gnu/gazebo-11/plugins PYTHONPATH=/chess_ROS2_humble/ros2_ws/build/stockfish_node/prefix_override:/usr/lib/python3/dist-packages/colcon_core/task/python/colcon_distutils_commands:/chess_ROS2_humble/ros2_ws/install/stockfish_node/lib/python3.10/site-packages:${PYTHONPATH} /usr/bin/python3 -W ignore:setup.py install is deprecated -W ignore:easy_install command is deprecated setup.py egg_info --egg-base ../../build/stockfish_node build --build-base /chess_ROS2_humble/ros2_ws/build/stockfish_node/build install --record /chess_ROS2_humble/ros2_ws/build/stockfish_node/install.log --single-version-externally-managed install_data
