running egg_info
creating ../../build/stockfish_node/stockfish_node.egg-info
writing ../../build/stockfish_node/stockfish_node.egg-info/PKG-INFO
writing dependency_links to ../../build/stockfish_node/stockfish_node.egg-info/dependency_links.txt
writing entry points to ../../build/stockfish_node/stockfish_node.egg-info/entry_points.txt
writing requirements to ../../build/stockfish_node/stockfish_node.egg-info/requires.txt
writing top-level names to ../../build/stockfish_node/stockfish_node.egg-info/top_level.txt
writing manifest file '../../build/stockfish_node/stockfish_node.egg-info/SOURCES.txt'
reading manifest file '../../build/stockfish_node/stockfish_node.egg-info/SOURCES.txt'
writing manifest file '../../build/stockfish_node/stockfish_node.egg-info/SOURCES.txt'
running build
running build_py
creating /chess_ROS2_humble/ros2_ws/build/stockfish_node/build
creating /chess_ROS2_humble/ros2_ws/build/stockfish_node/build/lib
creating /chess_ROS2_humble/ros2_ws/build/stockfish_node/build/lib/stockfish_node
copying stockfish_node/__init__.py -> /chess_ROS2_humble/ros2_ws/build/stockfish_node/build/lib/stockfish_node
copying stockfish_node/stockfish_node.py -> /chess_ROS2_humble/ros2_ws/build/stockfish_node/build/lib/stockfish_node
running install
running install_lib
creating /chess_ROS2_humble/ros2_ws/install/stockfish_node/lib/python3.10/site-packages/stockfish_node
copying /chess_ROS2_humble/ros2_ws/build/stockfish_node/build/lib/stockfish_node/__init__.py -> /chess_ROS2_humble/ros2_ws/install/stockfish_node/lib/python3.10/site-packages/stockfish_node
copying /chess_ROS2_humble/ros2_ws/build/stockfish_node/build/lib/stockfish_node/stockfish_node.py -> /chess_ROS2_humble/ros2_ws/install/stockfish_node/lib/python3.10/site-packages/stockfish_node
byte-compiling /chess_ROS2_humble/ros2_ws/install/stockfish_node/lib/python3.10/site-packages/stockfish_node/__init__.py to __init__.cpython-310.pyc
byte-compiling /chess_ROS2_humble/ros2_ws/install/stockfish_node/lib/python3.10/site-packages/stockfish_node/stockfish_node.py to stockfish_node.cpython-310.pyc
running install_data
creating /chess_ROS2_humble/ros2_ws/install/stockfish_node/share/ament_index
creating /chess_ROS2_humble/ros2_ws/install/stockfish_node/share/ament_index/resource_index
creating /chess_ROS2_humble/ros2_ws/install/stockfish_node/share/ament_index/resource_index/packages
copying resource/stockfish_node -> /chess_ROS2_humble/ros2_ws/install/stockfish_node/share/ament_index/resource_index/packages
copying package.xml -> /chess_ROS2_humble/ros2_ws/install/stockfish_node/share/stockfish_node
running install_egg_info
Copying ../../build/stockfish_node/stockfish_node.egg-info to /chess_ROS2_humble/ros2_ws/install/stockfish_node/lib/python3.10/site-packages/stockfish_node-0.0.0-py3.10.egg-info
running install_scripts
writing list of installed files to '/chess_ROS2_humble/ros2_ws/build/stockfish_node/install.log'
