[0.755s] Invoking command in '/chess_ROS2_humble/ros2_ws/src/stockfish_node': LD_LIBRARY_PATH=/chess_ROS2_humble/ros2_ws/install/interfaces/lib:/chess_ROS2_humble/ros2_ws/install/comp_vision_interfaces/lib:/usr/lib/x86_64-linux-gnu/gazebo-11/plugins:/opt/ros/humble/opt/rviz_ogre_vendor/lib:/opt/ros/humble/lib/x86_64-linux-gnu:/opt/ros/humble/lib:/usr/lib/x86_64-linux-gnu/gazebo-11/plugins:/usr/lib/x86_64-linux-gnu/gazebo-11/plugins:/usr/lib/x86_64-linux-gnu/gazebo-11/plugins PYTHONPATH=/chess_ROS2_humble/ros2_ws/build/stockfish_node/prefix_override:/usr/lib/python3/dist-packages/colcon_core/task/python/colcon_distutils_commands:/chess_ROS2_humble/ros2_ws/install/stockfish_node/lib/python3.10/site-packages:${PYTHONPATH} /usr/bin/python3 -W ignore:setup.py install is deprecated -W ignore:easy_install command is deprecated setup.py egg_info --egg-base ../../build/stockfish_node build --build-base /chess_ROS2_humble/ros2_ws/build/stockfish_node/build install --record /chess_ROS2_humble/ros2_ws/build/stockfish_node/install.log --single-version-externally-managed install_data
[0.937s] running egg_info
[0.938s] creating ../../build/stockfish_node/stockfish_node.egg-info
[0.938s] writing ../../build/stockfish_node/stockfish_node.egg-info/PKG-INFO
[0.938s] writing dependency_links to ../../build/stockfish_node/stockfish_node.egg-info/dependency_links.txt
[0.938s] writing entry points to ../../build/stockfish_node/stockfish_node.egg-info/entry_points.txt
[0.938s] writing requirements to ../../build/stockfish_node/stockfish_node.egg-info/requires.txt
[0.938s] writing top-level names to ../../build/stockfish_node/stockfish_node.egg-info/top_level.txt
[0.938s] writing manifest file '../../build/stockfish_node/stockfish_node.egg-info/SOURCES.txt'
[0.940s] reading manifest file '../../build/stockfish_node/stockfish_node.egg-info/SOURCES.txt'
[0.940s] writing manifest file '../../build/stockfish_node/stockfish_node.egg-info/SOURCES.txt'
[0.940s] running build
[0.941s] running build_py
[0.941s] creating /chess_ROS2_humble/ros2_ws/build/stockfish_node/build
[0.941s] creating /chess_ROS2_humble/ros2_ws/build/stockfish_node/build/lib
[0.941s] creating /chess_ROS2_humble/ros2_ws/build/stockfish_node/build/lib/stockfish_node
[0.941s] copying stockfish_node/__init__.py -> /chess_ROS2_humble/ros2_ws/build/stockfish_node/build/lib/stockfish_node
[0.941s] copying stockfish_node/stockfish_node.py -> /chess_ROS2_humble/ros2_ws/build/stockfish_node/build/lib/stockfish_node
[0.941s] running install
[0.941s] running install_lib
[0.942s] creating /chess_ROS2_humble/ros2_ws/install/stockfish_node/lib/python3.10/site-packages/stockfish_node
[0.942s] copying /chess_ROS2_humble/ros2_ws/build/stockfish_node/build/lib/stockfish_node/__init__.py -> /chess_ROS2_humble/ros2_ws/install/stockfish_node/lib/python3.10/site-packages/stockfish_node
[0.942s] copying /chess_ROS2_humble/ros2_ws/build/stockfish_node/build/lib/stockfish_node/stockfish_node.py -> /chess_ROS2_humble/ros2_ws/install/stockfish_node/lib/python3.10/site-packages/stockfish_node
[0.942s] byte-compiling /chess_ROS2_humble/ros2_ws/install/stockfish_node/lib/python3.10/site-packages/stockfish_node/__init__.py to __init__.cpython-310.pyc
[0.942s] byte-compiling /chess_ROS2_humble/ros2_ws/install/stockfish_node/lib/python3.10/site-packages/stockfish_node/stockfish_node.py to stockfish_node.cpython-310.pyc
[0.943s] running install_data
[0.943s] creating /chess_ROS2_humble/ros2_ws/install/stockfish_node/share/ament_index
[0.943s] creating /chess_ROS2_humble/ros2_ws/install/stockfish_node/share/ament_index/resource_index
[0.943s] creating /chess_ROS2_humble/ros2_ws/install/stockfish_node/share/ament_index/resource_index/packages
[0.943s] copying resource/stockfish_node -> /chess_ROS2_humble/ros2_ws/install/stockfish_node/share/ament_index/resource_index/packages
[0.943s] copying package.xml -> /chess_ROS2_humble/ros2_ws/install/stockfish_node/share/stockfish_node
[0.943s] running install_egg_info
[0.945s] Copying ../../build/stockfish_node/stockfish_node.egg-info to /chess_ROS2_humble/ros2_ws/install/stockfish_node/lib/python3.10/site-packages/stockfish_node-0.0.0-py3.10.egg-info
[0.945s] running install_scripts
[0.963s] writing list of installed files to '/chess_ROS2_humble/ros2_ws/build/stockfish_node/install.log'
[0.981s] Invoked command in '/chess_ROS2_humble/ros2_ws/src/stockfish_node' returned '0': LD_LIBRARY_PATH=/chess_ROS2_humble/ros2_ws/install/interfaces/lib:/chess_ROS2_humble/ros2_ws/install/comp_vision_interfaces/lib:/usr/lib/x86_64-linux-gnu/gazebo-11/plugins:/opt/ros/humble/opt/rviz_ogre_vendor/lib:/opt/ros/humble/lib/x86_64-linux-gnu:/opt/ros/humble/lib:/usr/lib/x86_64-linux-gnu/gazebo-11/plugins:/usr/lib/x86_64-linux-gnu/gazebo-11/plugins:/usr/lib/x86_64-linux-gnu/gazebo-11/plugins PYTHONPATH=/chess_ROS2_humble/ros2_ws/build/stockfish_node/prefix_override:/usr/lib/python3/dist-packages/colcon_core/task/python/colcon_distutils_commands:/chess_ROS2_humble/ros2_ws/install/stockfish_node/lib/python3.10/site-packages:${PYTHONPATH} /usr/bin/python3 -W ignore:setup.py install is deprecated -W ignore:easy_install command is deprecated setup.py egg_info --egg-base ../../build/stockfish_node build --build-base /chess_ROS2_humble/ros2_ws/build/stockfish_node/build install --record /chess_ROS2_humble/ros2_ws/build/stockfish_node/install.log --single-version-externally-managed install_data
