[0.014s] Invoking command in '/chess_ROS2_humble/ros2_ws/build/interfaces': CMAKE_PREFIX_PATH=${CMAKE_PREFIX_PATH}:/chess_ROS2_humble/ros2_ws/install/stockfish_node:/chess_ROS2_humble/ros2_ws/install/start:/chess_ROS2_humble/ros2_ws/install/move:/chess_ROS2_humble/ros2_ws/install/comp_vision:/chess_ROS2_humble/ros2_ws/install/game:/opt/ros/humble /usr/bin/cmake --build /chess_ROS2_humble/ros2_ws/build/interfaces -- -j20 -l20
[0.176s] [  2%] Built target interfaces__cpp
[0.176s] [ 12%] Built target interfaces__rosidl_generator_c
[0.176s] [ 12%] Built target ament_cmake_python_copy_interfaces
[0.176s] [ 34%] Built target interfaces__rosidl_typesupport_c
[0.176s] [ 34%] Built target interfaces__rosidl_typesupport_introspection_cpp
[0.176s] [ 44%] Built target interfaces__rosidl_typesupport_fastrtps_c
[0.176s] [ 55%] Built target interfaces__rosidl_typesupport_cpp
[0.176s] [ 65%] Built target interfaces__rosidl_typesupport_introspection_c
[0.176s] [ 76%] Built target interfaces__rosidl_typesupport_fastrtps_cpp
[0.177s] [ 76%] Built target interfaces
[0.177s] [ 78%] Built target interfaces__py
[0.193s] [ 87%] Built target interfaces__rosidl_generator_py
[0.209s] [ 91%] Built target interfaces__rosidl_typesupport_fastrtps_c__pyext
[0.211s] [ 95%] Built target interfaces__rosidl_typesupport_c__pyext
[0.214s] [100%] Built target interfaces__rosidl_typesupport_introspection_c__pyext
[0.295s] running egg_info
[0.295s] writing interfaces.egg-info/PKG-INFO
[0.295s] writing dependency_links to interfaces.egg-info/dependency_links.txt
[0.295s] writing top-level names to interfaces.egg-info/top_level.txt
[0.298s] reading manifest file 'interfaces.egg-info/SOURCES.txt'
[0.298s] writing manifest file 'interfaces.egg-info/SOURCES.txt'
[0.317s] [100%] Built target ament_cmake_python_build_interfaces_egg
[0.407s] Invoked command in '/chess_ROS2_humble/ros2_ws/build/interfaces' returned '0': CMAKE_PREFIX_PATH=${CMAKE_PREFIX_PATH}:/chess_ROS2_humble/ros2_ws/install/stockfish_node:/chess_ROS2_humble/ros2_ws/install/start:/chess_ROS2_humble/ros2_ws/install/move:/chess_ROS2_humble/ros2_ws/install/comp_vision:/chess_ROS2_humble/ros2_ws/install/game:/opt/ros/humble /usr/bin/cmake --build /chess_ROS2_humble/ros2_ws/build/interfaces -- -j20 -l20
[0.416s] Invoking command in '/chess_ROS2_humble/ros2_ws/build/interfaces': CMAKE_PREFIX_PATH=${CMAKE_PREFIX_PATH}:/chess_ROS2_humble/ros2_ws/install/stockfish_node:/chess_ROS2_humble/ros2_ws/install/start:/chess_ROS2_humble/ros2_ws/install/move:/chess_ROS2_humble/ros2_ws/install/comp_vision:/chess_ROS2_humble/ros2_ws/install/game:/opt/ros/humble /usr/bin/cmake --install /chess_ROS2_humble/ros2_ws/build/interfaces
[0.423s] -- Install configuration: ""
[0.423s] -- Up-to-date: /chess_ROS2_humble/ros2_ws/install/interfaces/share/ament_index/resource_index/rosidl_interfaces/interfaces
[0.423s] -- Up-to-date: /chess_ROS2_humble/ros2_ws/install/interfaces/include/interfaces/interfaces
[0.423s] -- Up-to-date: /chess_ROS2_humble/ros2_ws/install/interfaces/include/interfaces/interfaces/msg
[0.423s] -- Up-to-date: /chess_ROS2_humble/ros2_ws/install/interfaces/include/interfaces/interfaces/msg/rosidl_generator_c__visibility_control.h
[0.423s] -- Up-to-date: /chess_ROS2_humble/ros2_ws/install/interfaces/include/interfaces/interfaces/srv
[0.423s] -- Up-to-date: /chess_ROS2_humble/ros2_ws/install/interfaces/include/interfaces/interfaces/srv/get_fen.h
[0.423s] -- Up-to-date: /chess_ROS2_humble/ros2_ws/install/interfaces/include/interfaces/interfaces/srv/detail
[0.423s] -- Up-to-date: /chess_ROS2_humble/ros2_ws/install/interfaces/include/interfaces/interfaces/srv/detail/get_fen__functions.c
[0.423s] -- Up-to-date: /chess_ROS2_humble/ros2_ws/install/interfaces/include/interfaces/interfaces/srv/detail/get_fen__functions.h
[0.423s] -- Up-to-date: /chess_ROS2_humble/ros2_ws/install/interfaces/include/interfaces/interfaces/srv/detail/get_fen__struct.h
[0.423s] -- Up-to-date: /chess_ROS2_humble/ros2_ws/install/interfaces/include/interfaces/interfaces/srv/detail/get_fen__type_support.h
[0.423s] -- Up-to-date: /chess_ROS2_humble/ros2_ws/install/interfaces/include/interfaces/interfaces/srv/detail/get_move__functions.c
[0.423s] -- Up-to-date: /chess_ROS2_humble/ros2_ws/install/interfaces/include/interfaces/interfaces/srv/detail/get_move__functions.h
[0.423s] -- Up-to-date: /chess_ROS2_humble/ros2_ws/install/interfaces/include/interfaces/interfaces/srv/detail/get_move__struct.h
[0.423s] -- Up-to-date: /chess_ROS2_humble/ros2_ws/install/interfaces/include/interfaces/interfaces/srv/detail/get_move__type_support.h
[0.423s] -- Up-to-date: /chess_ROS2_humble/ros2_ws/install/interfaces/include/interfaces/interfaces/srv/detail/move__functions.c
[0.423s] -- Up-to-date: /chess_ROS2_humble/ros2_ws/install/interfaces/include/interfaces/interfaces/srv/detail/move__functions.h
[0.423s] -- Up-to-date: /chess_ROS2_humble/ros2_ws/install/interfaces/include/interfaces/interfaces/srv/detail/move__struct.h
[0.423s] -- Up-to-date: /chess_ROS2_humble/ros2_ws/install/interfaces/include/interfaces/interfaces/srv/detail/move__type_support.h
[0.423s] -- Up-to-date: /chess_ROS2_humble/ros2_ws/install/interfaces/include/interfaces/interfaces/srv/get_move.h
[0.423s] -- Up-to-date: /chess_ROS2_humble/ros2_ws/install/interfaces/include/interfaces/interfaces/srv/move.h
[0.424s] -- Up-to-date: /chess_ROS2_humble/ros2_ws/install/interfaces/share/interfaces/environment/library_path.sh
[0.424s] -- Up-to-date: /chess_ROS2_humble/ros2_ws/install/interfaces/share/interfaces/environment/library_path.dsv
[0.424s] -- Up-to-date: /chess_ROS2_humble/ros2_ws/install/interfaces/lib/libinterfaces__rosidl_generator_c.so
[0.424s] -- Up-to-date: /chess_ROS2_humble/ros2_ws/install/interfaces/include/interfaces/interfaces
[0.424s] -- Up-to-date: /chess_ROS2_humble/ros2_ws/install/interfaces/include/interfaces/interfaces/msg
[0.424s] -- Up-to-date: /chess_ROS2_humble/ros2_ws/install/interfaces/include/interfaces/interfaces/msg/rosidl_typesupport_fastrtps_c__visibility_control.h
[0.424s] -- Up-to-date: /chess_ROS2_humble/ros2_ws/install/interfaces/include/interfaces/interfaces/srv
[0.424s] -- Up-to-date: /chess_ROS2_humble/ros2_ws/install/interfaces/include/interfaces/interfaces/srv/detail
[0.424s] -- Up-to-date: /chess_ROS2_humble/ros2_ws/install/interfaces/include/interfaces/interfaces/srv/detail/get_fen__rosidl_typesupport_fastrtps_c.h
[0.424s] -- Up-to-date: /chess_ROS2_humble/ros2_ws/install/interfaces/include/interfaces/interfaces/srv/detail/get_move__rosidl_typesupport_fastrtps_c.h
[0.424s] -- Up-to-date: /chess_ROS2_humble/ros2_ws/install/interfaces/include/interfaces/interfaces/srv/detail/move__rosidl_typesupport_fastrtps_c.h
[0.424s] -- Up-to-date: /chess_ROS2_humble/ros2_ws/install/interfaces/lib/libinterfaces__rosidl_typesupport_fastrtps_c.so
[0.424s] -- Up-to-date: /chess_ROS2_humble/ros2_ws/install/interfaces/include/interfaces/interfaces
[0.425s] -- Up-to-date: /chess_ROS2_humble/ros2_ws/install/interfaces/include/interfaces/interfaces/msg
[0.425s] -- Up-to-date: /chess_ROS2_humble/ros2_ws/install/interfaces/include/interfaces/interfaces/msg/rosidl_generator_cpp__visibility_control.hpp
[0.425s] -- Up-to-date: /chess_ROS2_humble/ros2_ws/install/interfaces/include/interfaces/interfaces/srv
[0.425s] -- Up-to-date: /chess_ROS2_humble/ros2_ws/install/interfaces/include/interfaces/interfaces/srv/get_fen.hpp
[0.425s] -- Up-to-date: /chess_ROS2_humble/ros2_ws/install/interfaces/include/interfaces/interfaces/srv/detail
[0.425s] -- Up-to-date: /chess_ROS2_humble/ros2_ws/install/interfaces/include/interfaces/interfaces/srv/detail/get_fen__builder.hpp
[0.425s] -- Up-to-date: /chess_ROS2_humble/ros2_ws/install/interfaces/include/interfaces/interfaces/srv/detail/get_fen__struct.hpp
[0.425s] -- Up-to-date: /chess_ROS2_humble/ros2_ws/install/interfaces/include/interfaces/interfaces/srv/detail/get_fen__traits.hpp
[0.425s] -- Up-to-date: /chess_ROS2_humble/ros2_ws/install/interfaces/include/interfaces/interfaces/srv/detail/get_fen__type_support.hpp
[0.425s] -- Up-to-date: /chess_ROS2_humble/ros2_ws/install/interfaces/include/interfaces/interfaces/srv/detail/get_move__builder.hpp
[0.425s] -- Up-to-date: /chess_ROS2_humble/ros2_ws/install/interfaces/include/interfaces/interfaces/srv/detail/get_move__struct.hpp
[0.425s] -- Up-to-date: /chess_ROS2_humble/ros2_ws/install/interfaces/include/interfaces/interfaces/srv/detail/get_move__traits.hpp
[0.425s] -- Up-to-date: /chess_ROS2_humble/ros2_ws/install/interfaces/include/interfaces/interfaces/srv/detail/get_move__type_support.hpp
[0.425s] -- Up-to-date: /chess_ROS2_humble/ros2_ws/install/interfaces/include/interfaces/interfaces/srv/detail/move__builder.hpp
[0.425s] -- Up-to-date: /chess_ROS2_humble/ros2_ws/install/interfaces/include/interfaces/interfaces/srv/detail/move__struct.hpp
[0.425s] -- Up-to-date: /chess_ROS2_humble/ros2_ws/install/interfaces/include/interfaces/interfaces/srv/detail/move__traits.hpp
[0.425s] -- Up-to-date: /chess_ROS2_humble/ros2_ws/install/interfaces/include/interfaces/interfaces/srv/detail/move__type_support.hpp
[0.425s] -- Up-to-date: /chess_ROS2_humble/ros2_ws/install/interfaces/include/interfaces/interfaces/srv/get_move.hpp
[0.425s] -- Up-to-date: /chess_ROS2_humble/ros2_ws/install/interfaces/include/interfaces/interfaces/srv/move.hpp
[0.425s] -- Up-to-date: /chess_ROS2_humble/ros2_ws/install/interfaces/include/interfaces/interfaces
[0.425s] -- Up-to-date: /chess_ROS2_humble/ros2_ws/install/interfaces/include/interfaces/interfaces/msg
[0.425s] -- Up-to-date: /chess_ROS2_humble/ros2_ws/install/interfaces/include/interfaces/interfaces/msg/rosidl_typesupport_fastrtps_cpp__visibility_control.h
[0.425s] -- Up-to-date: /chess_ROS2_humble/ros2_ws/install/interfaces/include/interfaces/interfaces/srv
[0.425s] -- Up-to-date: /chess_ROS2_humble/ros2_ws/install/interfaces/include/interfaces/interfaces/srv/detail
[0.425s] -- Up-to-date: /chess_ROS2_humble/ros2_ws/install/interfaces/include/interfaces/interfaces/srv/detail/get_fen__rosidl_typesupport_fastrtps_cpp.hpp
[0.425s] -- Up-to-date: /chess_ROS2_humble/ros2_ws/install/interfaces/include/interfaces/interfaces/srv/detail/dds_fastrtps
[0.425s] -- Up-to-date: /chess_ROS2_humble/ros2_ws/install/interfaces/include/interfaces/interfaces/srv/detail/get_move__rosidl_typesupport_fastrtps_cpp.hpp
[0.425s] -- Up-to-date: /chess_ROS2_humble/ros2_ws/install/interfaces/include/interfaces/interfaces/srv/detail/move__rosidl_typesupport_fastrtps_cpp.hpp
[0.425s] -- Up-to-date: /chess_ROS2_humble/ros2_ws/install/interfaces/lib/libinterfaces__rosidl_typesupport_fastrtps_cpp.so
[0.426s] -- Up-to-date: /chess_ROS2_humble/ros2_ws/install/interfaces/include/interfaces/interfaces
[0.426s] -- Up-to-date: /chess_ROS2_humble/ros2_ws/install/interfaces/include/interfaces/interfaces/msg
[0.426s] -- Up-to-date: /chess_ROS2_humble/ros2_ws/install/interfaces/include/interfaces/interfaces/msg/rosidl_typesupport_introspection_c__visibility_control.h
[0.426s] -- Up-to-date: /chess_ROS2_humble/ros2_ws/install/interfaces/include/interfaces/interfaces/srv
[0.426s] -- Up-to-date: /chess_ROS2_humble/ros2_ws/install/interfaces/include/interfaces/interfaces/srv/detail
[0.426s] -- Up-to-date: /chess_ROS2_humble/ros2_ws/install/interfaces/include/interfaces/interfaces/srv/detail/get_fen__rosidl_typesupport_introspection_c.h
[0.426s] -- Up-to-date: /chess_ROS2_humble/ros2_ws/install/interfaces/include/interfaces/interfaces/srv/detail/get_fen__type_support.c
[0.426s] -- Up-to-date: /chess_ROS2_humble/ros2_ws/install/interfaces/include/interfaces/interfaces/srv/detail/get_move__rosidl_typesupport_introspection_c.h
[0.426s] -- Up-to-date: /chess_ROS2_humble/ros2_ws/install/interfaces/include/interfaces/interfaces/srv/detail/get_move__type_support.c
[0.426s] -- Up-to-date: /chess_ROS2_humble/ros2_ws/install/interfaces/include/interfaces/interfaces/srv/detail/move__rosidl_typesupport_introspection_c.h
[0.426s] -- Up-to-date: /chess_ROS2_humble/ros2_ws/install/interfaces/include/interfaces/interfaces/srv/detail/move__type_support.c
[0.426s] -- Up-to-date: /chess_ROS2_humble/ros2_ws/install/interfaces/lib/libinterfaces__rosidl_typesupport_introspection_c.so
[0.427s] -- Up-to-date: /chess_ROS2_humble/ros2_ws/install/interfaces/lib/libinterfaces__rosidl_typesupport_c.so
[0.427s] -- Up-to-date: /chess_ROS2_humble/ros2_ws/install/interfaces/include/interfaces/interfaces
[0.427s] -- Up-to-date: /chess_ROS2_humble/ros2_ws/install/interfaces/include/interfaces/interfaces/srv
[0.427s] -- Up-to-date: /chess_ROS2_humble/ros2_ws/install/interfaces/include/interfaces/interfaces/srv/detail
[0.427s] -- Up-to-date: /chess_ROS2_humble/ros2_ws/install/interfaces/include/interfaces/interfaces/srv/detail/get_fen__rosidl_typesupport_introspection_cpp.hpp
[0.427s] -- Up-to-date: /chess_ROS2_humble/ros2_ws/install/interfaces/include/interfaces/interfaces/srv/detail/get_fen__type_support.cpp
[0.427s] -- Up-to-date: /chess_ROS2_humble/ros2_ws/install/interfaces/include/interfaces/interfaces/srv/detail/get_move__rosidl_typesupport_introspection_cpp.hpp
[0.427s] -- Up-to-date: /chess_ROS2_humble/ros2_ws/install/interfaces/include/interfaces/interfaces/srv/detail/get_move__type_support.cpp
[0.427s] -- Up-to-date: /chess_ROS2_humble/ros2_ws/install/interfaces/include/interfaces/interfaces/srv/detail/move__rosidl_typesupport_introspection_cpp.hpp
[0.428s] -- Up-to-date: /chess_ROS2_humble/ros2_ws/install/interfaces/include/interfaces/interfaces/srv/detail/move__type_support.cpp
[0.428s] -- Up-to-date: /chess_ROS2_humble/ros2_ws/install/interfaces/lib/libinterfaces__rosidl_typesupport_introspection_cpp.so
[0.428s] -- Up-to-date: /chess_ROS2_humble/ros2_ws/install/interfaces/lib/libinterfaces__rosidl_typesupport_cpp.so
[0.429s] -- Up-to-date: /chess_ROS2_humble/ros2_ws/install/interfaces/share/interfaces/environment/pythonpath.sh
[0.429s] -- Up-to-date: /chess_ROS2_humble/ros2_ws/install/interfaces/share/interfaces/environment/pythonpath.dsv
[0.429s] -- Up-to-date: /chess_ROS2_humble/ros2_ws/install/interfaces/local/lib/python3.10/dist-packages/interfaces-0.0.0-py3.10.egg-info
[0.429s] -- Installing: /chess_ROS2_humble/ros2_ws/install/interfaces/local/lib/python3.10/dist-packages/interfaces-0.0.0-py3.10.egg-info/PKG-INFO
[0.429s] -- Installing: /chess_ROS2_humble/ros2_ws/install/interfaces/local/lib/python3.10/dist-packages/interfaces-0.0.0-py3.10.egg-info/dependency_links.txt
[0.429s] -- Installing: /chess_ROS2_humble/ros2_ws/install/interfaces/local/lib/python3.10/dist-packages/interfaces-0.0.0-py3.10.egg-info/top_level.txt
[0.429s] -- Installing: /chess_ROS2_humble/ros2_ws/install/interfaces/local/lib/python3.10/dist-packages/interfaces-0.0.0-py3.10.egg-info/SOURCES.txt
[0.429s] -- Up-to-date: /chess_ROS2_humble/ros2_ws/install/interfaces/local/lib/python3.10/dist-packages/interfaces
[0.429s] -- Up-to-date: /chess_ROS2_humble/ros2_ws/install/interfaces/local/lib/python3.10/dist-packages/interfaces/__init__.py
[0.429s] -- Up-to-date: /chess_ROS2_humble/ros2_ws/install/interfaces/local/lib/python3.10/dist-packages/interfaces/srv
[0.429s] -- Up-to-date: /chess_ROS2_humble/ros2_ws/install/interfaces/local/lib/python3.10/dist-packages/interfaces/srv/_get_fen.py
[0.430s] -- Up-to-date: /chess_ROS2_humble/ros2_ws/install/interfaces/local/lib/python3.10/dist-packages/interfaces/srv/_get_fen_s.c
[0.430s] -- Up-to-date: /chess_ROS2_humble/ros2_ws/install/interfaces/local/lib/python3.10/dist-packages/interfaces/srv/_get_move.py
[0.430s] -- Up-to-date: /chess_ROS2_humble/ros2_ws/install/interfaces/local/lib/python3.10/dist-packages/interfaces/srv/_get_move_s.c
[0.430s] -- Up-to-date: /chess_ROS2_humble/ros2_ws/install/interfaces/local/lib/python3.10/dist-packages/interfaces/srv/_move.py
[0.430s] -- Up-to-date: /chess_ROS2_humble/ros2_ws/install/interfaces/local/lib/python3.10/dist-packages/interfaces/srv/_move_s.c
[0.430s] -- Up-to-date: /chess_ROS2_humble/ros2_ws/install/interfaces/local/lib/python3.10/dist-packages/interfaces/srv/__init__.py
[0.430s] -- Up-to-date: /chess_ROS2_humble/ros2_ws/install/interfaces/local/lib/python3.10/dist-packages/interfaces/_interfaces_s.ep.rosidl_typesupport_fastrtps_c.c
[0.430s] -- Up-to-date: /chess_ROS2_humble/ros2_ws/install/interfaces/local/lib/python3.10/dist-packages/interfaces/_interfaces_s.ep.rosidl_typesupport_introspection_c.c
[0.430s] -- Up-to-date: /chess_ROS2_humble/ros2_ws/install/interfaces/local/lib/python3.10/dist-packages/interfaces/_interfaces_s.ep.rosidl_typesupport_c.c
[0.430s] -- Up-to-date: /chess_ROS2_humble/ros2_ws/install/interfaces/local/lib/python3.10/dist-packages/interfaces/libinterfaces__rosidl_generator_py.so
[0.430s] -- Up-to-date: /chess_ROS2_humble/ros2_ws/install/interfaces/local/lib/python3.10/dist-packages/interfaces/interfaces_s__rosidl_typesupport_c.cpython-310-x86_64-linux-gnu.so
[0.430s] -- Up-to-date: /chess_ROS2_humble/ros2_ws/install/interfaces/local/lib/python3.10/dist-packages/interfaces/interfaces_s__rosidl_typesupport_introspection_c.cpython-310-x86_64-linux-gnu.so
[0.430s] -- Up-to-date: /chess_ROS2_humble/ros2_ws/install/interfaces/local/lib/python3.10/dist-packages/interfaces/interfaces_s__rosidl_typesupport_fastrtps_c.cpython-310-x86_64-linux-gnu.so
[0.471s] Listing '/chess_ROS2_humble/ros2_ws/install/interfaces/local/lib/python3.10/dist-packages/interfaces'...
[0.471s] Listing '/chess_ROS2_humble/ros2_ws/install/interfaces/local/lib/python3.10/dist-packages/interfaces/srv'...
[0.476s] -- Up-to-date: /chess_ROS2_humble/ros2_ws/install/interfaces/local/lib/python3.10/dist-packages/interfaces/interfaces_s__rosidl_typesupport_fastrtps_c.cpython-310-x86_64-linux-gnu.so
[0.477s] -- Up-to-date: /chess_ROS2_humble/ros2_ws/install/interfaces/local/lib/python3.10/dist-packages/interfaces/interfaces_s__rosidl_typesupport_introspection_c.cpython-310-x86_64-linux-gnu.so
[0.477s] -- Up-to-date: /chess_ROS2_humble/ros2_ws/install/interfaces/local/lib/python3.10/dist-packages/interfaces/interfaces_s__rosidl_typesupport_c.cpython-310-x86_64-linux-gnu.so
[0.478s] -- Up-to-date: /chess_ROS2_humble/ros2_ws/install/interfaces/lib/libinterfaces__rosidl_generator_py.so
[0.478s] -- Up-to-date: /chess_ROS2_humble/ros2_ws/install/interfaces/share/interfaces/srv/GetFEN.idl
[0.478s] -- Up-to-date: /chess_ROS2_humble/ros2_ws/install/interfaces/share/interfaces/srv/GetMove.idl
[0.478s] -- Up-to-date: /chess_ROS2_humble/ros2_ws/install/interfaces/share/interfaces/srv/Move.idl
[0.479s] -- Up-to-date: /chess_ROS2_humble/ros2_ws/install/interfaces/share/interfaces/srv/GetFEN.srv
[0.479s] -- Up-to-date: /chess_ROS2_humble/ros2_ws/install/interfaces/share/interfaces/srv/GetFEN_Request.msg
[0.479s] -- Up-to-date: /chess_ROS2_humble/ros2_ws/install/interfaces/share/interfaces/srv/GetFEN_Response.msg
[0.479s] -- Up-to-date: /chess_ROS2_humble/ros2_ws/install/interfaces/share/interfaces/srv/GetMove.srv
[0.479s] -- Up-to-date: /chess_ROS2_humble/ros2_ws/install/interfaces/share/interfaces/srv/GetMove_Request.msg
[0.479s] -- Up-to-date: /chess_ROS2_humble/ros2_ws/install/interfaces/share/interfaces/srv/GetMove_Response.msg
[0.479s] -- Up-to-date: /chess_ROS2_humble/ros2_ws/install/interfaces/share/interfaces/srv/Move.srv
[0.479s] -- Up-to-date: /chess_ROS2_humble/ros2_ws/install/interfaces/share/interfaces/srv/Move_Request.msg
[0.479s] -- Up-to-date: /chess_ROS2_humble/ros2_ws/install/interfaces/share/interfaces/srv/Move_Response.msg
[0.479s] -- Up-to-date: /chess_ROS2_humble/ros2_ws/install/interfaces/share/ament_index/resource_index/package_run_dependencies/interfaces
[0.480s] -- Up-to-date: /chess_ROS2_humble/ros2_ws/install/interfaces/share/ament_index/resource_index/parent_prefix_path/interfaces
[0.480s] -- Up-to-date: /chess_ROS2_humble/ros2_ws/install/interfaces/share/interfaces/environment/ament_prefix_path.sh
[0.480s] -- Up-to-date: /chess_ROS2_humble/ros2_ws/install/interfaces/share/interfaces/environment/ament_prefix_path.dsv
[0.480s] -- Up-to-date: /chess_ROS2_humble/ros2_ws/install/interfaces/share/interfaces/environment/path.sh
[0.480s] -- Up-to-date: /chess_ROS2_humble/ros2_ws/install/interfaces/share/interfaces/environment/path.dsv
[0.480s] -- Up-to-date: /chess_ROS2_humble/ros2_ws/install/interfaces/share/interfaces/local_setup.bash
[0.480s] -- Up-to-date: /chess_ROS2_humble/ros2_ws/install/interfaces/share/interfaces/local_setup.sh
[0.480s] -- Up-to-date: /chess_ROS2_humble/ros2_ws/install/interfaces/share/interfaces/local_setup.zsh
[0.480s] -- Up-to-date: /chess_ROS2_humble/ros2_ws/install/interfaces/share/interfaces/local_setup.dsv
[0.480s] -- Installing: /chess_ROS2_humble/ros2_ws/install/interfaces/share/interfaces/package.dsv
[0.480s] -- Up-to-date: /chess_ROS2_humble/ros2_ws/install/interfaces/share/ament_index/resource_index/packages/interfaces
[0.480s] -- Up-to-date: /chess_ROS2_humble/ros2_ws/install/interfaces/share/interfaces/cmake/export_interfaces__rosidl_generator_cExport.cmake
[0.480s] -- Up-to-date: /chess_ROS2_humble/ros2_ws/install/interfaces/share/interfaces/cmake/export_interfaces__rosidl_generator_cExport-noconfig.cmake
[0.480s] -- Up-to-date: /chess_ROS2_humble/ros2_ws/install/interfaces/share/interfaces/cmake/export_interfaces__rosidl_typesupport_fastrtps_cExport.cmake
[0.480s] -- Up-to-date: /chess_ROS2_humble/ros2_ws/install/interfaces/share/interfaces/cmake/export_interfaces__rosidl_typesupport_fastrtps_cExport-noconfig.cmake
[0.481s] -- Up-to-date: /chess_ROS2_humble/ros2_ws/install/interfaces/share/interfaces/cmake/export_interfaces__rosidl_generator_cppExport.cmake
[0.481s] -- Up-to-date: /chess_ROS2_humble/ros2_ws/install/interfaces/share/interfaces/cmake/export_interfaces__rosidl_typesupport_fastrtps_cppExport.cmake
[0.481s] -- Up-to-date: /chess_ROS2_humble/ros2_ws/install/interfaces/share/interfaces/cmake/export_interfaces__rosidl_typesupport_fastrtps_cppExport-noconfig.cmake
[0.481s] -- Up-to-date: /chess_ROS2_humble/ros2_ws/install/interfaces/share/interfaces/cmake/interfaces__rosidl_typesupport_introspection_cExport.cmake
[0.481s] -- Up-to-date: /chess_ROS2_humble/ros2_ws/install/interfaces/share/interfaces/cmake/interfaces__rosidl_typesupport_introspection_cExport-noconfig.cmake
[0.481s] -- Up-to-date: /chess_ROS2_humble/ros2_ws/install/interfaces/share/interfaces/cmake/interfaces__rosidl_typesupport_cExport.cmake
[0.482s] -- Up-to-date: /chess_ROS2_humble/ros2_ws/install/interfaces/share/interfaces/cmake/interfaces__rosidl_typesupport_cExport-noconfig.cmake
[0.482s] -- Up-to-date: /chess_ROS2_humble/ros2_ws/install/interfaces/share/interfaces/cmake/interfaces__rosidl_typesupport_introspection_cppExport.cmake
[0.482s] -- Up-to-date: /chess_ROS2_humble/ros2_ws/install/interfaces/share/interfaces/cmake/interfaces__rosidl_typesupport_introspection_cppExport-noconfig.cmake
[0.483s] -- Up-to-date: /chess_ROS2_humble/ros2_ws/install/interfaces/share/interfaces/cmake/interfaces__rosidl_typesupport_cppExport.cmake
[0.483s] -- Up-to-date: /chess_ROS2_humble/ros2_ws/install/interfaces/share/interfaces/cmake/interfaces__rosidl_typesupport_cppExport-noconfig.cmake
[0.483s] -- Up-to-date: /chess_ROS2_humble/ros2_ws/install/interfaces/share/interfaces/cmake/export_interfaces__rosidl_generator_pyExport.cmake
[0.483s] -- Up-to-date: /chess_ROS2_humble/ros2_ws/install/interfaces/share/interfaces/cmake/export_interfaces__rosidl_generator_pyExport-noconfig.cmake
[0.483s] -- Up-to-date: /chess_ROS2_humble/ros2_ws/install/interfaces/share/interfaces/cmake/rosidl_cmake-extras.cmake
[0.483s] -- Up-to-date: /chess_ROS2_humble/ros2_ws/install/interfaces/share/interfaces/cmake/ament_cmake_export_dependencies-extras.cmake
[0.483s] -- Up-to-date: /chess_ROS2_humble/ros2_ws/install/interfaces/share/interfaces/cmake/ament_cmake_export_include_directories-extras.cmake
[0.483s] -- Up-to-date: /chess_ROS2_humble/ros2_ws/install/interfaces/share/interfaces/cmake/ament_cmake_export_libraries-extras.cmake
[0.483s] -- Up-to-date: /chess_ROS2_humble/ros2_ws/install/interfaces/share/interfaces/cmake/ament_cmake_export_targets-extras.cmake
[0.483s] -- Up-to-date: /chess_ROS2_humble/ros2_ws/install/interfaces/share/interfaces/cmake/rosidl_cmake_export_typesupport_targets-extras.cmake
[0.484s] -- Up-to-date: /chess_ROS2_humble/ros2_ws/install/interfaces/share/interfaces/cmake/rosidl_cmake_export_typesupport_libraries-extras.cmake
[0.484s] -- Up-to-date: /chess_ROS2_humble/ros2_ws/install/interfaces/share/interfaces/cmake/interfacesConfig.cmake
[0.484s] -- Up-to-date: /chess_ROS2_humble/ros2_ws/install/interfaces/share/interfaces/cmake/interfacesConfig-version.cmake
[0.484s] -- Up-to-date: /chess_ROS2_humble/ros2_ws/install/interfaces/share/interfaces/package.xml
[0.486s] Invoked command in '/chess_ROS2_humble/ros2_ws/build/interfaces' returned '0': CMAKE_PREFIX_PATH=${CMAKE_PREFIX_PATH}:/chess_ROS2_humble/ros2_ws/install/stockfish_node:/chess_ROS2_humble/ros2_ws/install/start:/chess_ROS2_humble/ros2_ws/install/move:/chess_ROS2_humble/ros2_ws/install/comp_vision:/chess_ROS2_humble/ros2_ws/install/game:/opt/ros/humble /usr/bin/cmake --install /chess_ROS2_humble/ros2_ws/build/interfaces
