running egg_info
creating ../../build/stockfish/stockfish.egg-info
writing ../../build/stockfish/stockfish.egg-info/PKG-INFO
writing dependency_links to ../../build/stockfish/stockfish.egg-info/dependency_links.txt
writing entry points to ../../build/stockfish/stockfish.egg-info/entry_points.txt
writing requirements to ../../build/stockfish/stockfish.egg-info/requires.txt
writing top-level names to ../../build/stockfish/stockfish.egg-info/top_level.txt
writing manifest file '../../build/stockfish/stockfish.egg-info/SOURCES.txt'
reading manifest file '../../build/stockfish/stockfish.egg-info/SOURCES.txt'
writing manifest file '../../build/stockfish/stockfish.egg-info/SOURCES.txt'
running build
running build_py
creating /chess_ROS2_humble/ros2_ws/build/stockfish/build
creating /chess_ROS2_humble/ros2_ws/build/stockfish/build/lib
creating /chess_ROS2_humble/ros2_ws/build/stockfish/build/lib/stockfish
copying stockfish/__init__.py -> /chess_ROS2_humble/ros2_ws/build/stockfish/build/lib/stockfish
copying stockfish/stockfish.py -> /chess_ROS2_humble/ros2_ws/build/stockfish/build/lib/stockfish
running install
running install_lib
creating /chess_ROS2_humble/ros2_ws/install/stockfish/lib/python3.10/site-packages/stockfish
copying /chess_ROS2_humble/ros2_ws/build/stockfish/build/lib/stockfish/__init__.py -> /chess_ROS2_humble/ros2_ws/install/stockfish/lib/python3.10/site-packages/stockfish
copying /chess_ROS2_humble/ros2_ws/build/stockfish/build/lib/stockfish/stockfish.py -> /chess_ROS2_humble/ros2_ws/install/stockfish/lib/python3.10/site-packages/stockfish
byte-compiling /chess_ROS2_humble/ros2_ws/install/stockfish/lib/python3.10/site-packages/stockfish/__init__.py to __init__.cpython-310.pyc
byte-compiling /chess_ROS2_humble/ros2_ws/install/stockfish/lib/python3.10/site-packages/stockfish/stockfish.py to stockfish.cpython-310.pyc
running install_data
creating /chess_ROS2_humble/ros2_ws/install/stockfish/share
creating /chess_ROS2_humble/ros2_ws/install/stockfish/share/ament_index
creating /chess_ROS2_humble/ros2_ws/install/stockfish/share/ament_index/resource_index
creating /chess_ROS2_humble/ros2_ws/install/stockfish/share/ament_index/resource_index/packages
copying resource/stockfish -> /chess_ROS2_humble/ros2_ws/install/stockfish/share/ament_index/resource_index/packages
creating /chess_ROS2_humble/ros2_ws/install/stockfish/share/stockfish
copying package.xml -> /chess_ROS2_humble/ros2_ws/install/stockfish/share/stockfish
running install_egg_info
Copying ../../build/stockfish/stockfish.egg-info to /chess_ROS2_humble/ros2_ws/install/stockfish/lib/python3.10/site-packages/stockfish-0.0.0-py3.10.egg-info
running install_scripts
Installing stockfish script to /chess_ROS2_humble/ros2_ws/install/stockfish/lib/stockfish
writing list of installed files to '/chess_ROS2_humble/ros2_ws/build/stockfish/install.log'
