running egg_info
creating ../../build/move/move.egg-info
writing ../../build/move/move.egg-info/PKG-INFO
writing dependency_links to ../../build/move/move.egg-info/dependency_links.txt
writing entry points to ../../build/move/move.egg-info/entry_points.txt
writing requirements to ../../build/move/move.egg-info/requires.txt
writing top-level names to ../../build/move/move.egg-info/top_level.txt
writing manifest file '../../build/move/move.egg-info/SOURCES.txt'
reading manifest file '../../build/move/move.egg-info/SOURCES.txt'
writing manifest file '../../build/move/move.egg-info/SOURCES.txt'
running build
running build_py
creating /chess_ROS2_humble/ros2_ws/build/move/build
creating /chess_ROS2_humble/ros2_ws/build/move/build/lib
creating /chess_ROS2_humble/ros2_ws/build/move/build/lib/move
copying move/__init__.py -> /chess_ROS2_humble/ros2_ws/build/move/build/lib/move
copying move/move.py -> /chess_ROS2_humble/ros2_ws/build/move/build/lib/move
running install
running install_lib
creating /chess_ROS2_humble/ros2_ws/install/move/lib/python3.10/site-packages/move
copying /chess_ROS2_humble/ros2_ws/build/move/build/lib/move/__init__.py -> /chess_ROS2_humble/ros2_ws/install/move/lib/python3.10/site-packages/move
copying /chess_ROS2_humble/ros2_ws/build/move/build/lib/move/move.py -> /chess_ROS2_humble/ros2_ws/install/move/lib/python3.10/site-packages/move
byte-compiling /chess_ROS2_humble/ros2_ws/install/move/lib/python3.10/site-packages/move/__init__.py to __init__.cpython-310.pyc
byte-compiling /chess_ROS2_humble/ros2_ws/install/move/lib/python3.10/site-packages/move/move.py to move.cpython-310.pyc
running install_data
creating /chess_ROS2_humble/ros2_ws/install/move/share/ament_index
creating /chess_ROS2_humble/ros2_ws/install/move/share/ament_index/resource_index
creating /chess_ROS2_humble/ros2_ws/install/move/share/ament_index/resource_index/packages
copying resource/move -> /chess_ROS2_humble/ros2_ws/install/move/share/ament_index/resource_index/packages
copying package.xml -> /chess_ROS2_humble/ros2_ws/install/move/share/move
running install_egg_info
Copying ../../build/move/move.egg-info to /chess_ROS2_humble/ros2_ws/install/move/lib/python3.10/site-packages/move-0.0.0-py3.10.egg-info
running install_scripts
Installing move script to /chess_ROS2_humble/ros2_ws/install/move/lib/move
writing list of installed files to '/chess_ROS2_humble/ros2_ws/build/move/install.log'
