[0.583s] Invoking command in '/chess_ROS2_humble/ros2_ws/src/move': AMENT_PREFIX_PATH=/chess_ROS2_humble/ros2_ws/install/interfaces:${AMENT_PREFIX_PATH} CMAKE_PREFIX_PATH=/chess_ROS2_humble/ros2_ws/install/interfaces LD_LIBRARY_PATH=/chess_ROS2_humble/ros2_ws/install/interfaces/lib:/usr/lib/x86_64-linux-gnu/gazebo-11/plugins:/opt/ros/humble/opt/rviz_ogre_vendor/lib:/opt/ros/humble/lib/x86_64-linux-gnu:/opt/ros/humble/lib:/usr/lib/x86_64-linux-gnu/gazebo-11/plugins:/usr/lib/x86_64-linux-gnu/gazebo-11/plugins:/usr/lib/x86_64-linux-gnu/gazebo-11/plugins PYTHONPATH=/chess_ROS2_humble/ros2_ws/build/move/prefix_override:/usr/lib/python3/dist-packages/colcon_core/task/python/colcon_distutils_commands:/chess_ROS2_humble/ros2_ws/install/move/lib/python3.10/site-packages:/chess_ROS2_humble/ros2_ws/install/interfaces/local/lib/python3.10/dist-packages:${PYTHONPATH} /usr/bin/python3 -W ignore:setup.py install is deprecated -W ignore:easy_install command is deprecated setup.py egg_info --egg-base ../../build/move build --build-base /chess_ROS2_humble/ros2_ws/build/move/build install --record /chess_ROS2_humble/ros2_ws/build/move/install.log --single-version-externally-managed install_data
[0.725s] running egg_info
[0.726s] creating ../../build/move/move.egg-info
[0.726s] writing ../../build/move/move.egg-info/PKG-INFO
[0.726s] writing dependency_links to ../../build/move/move.egg-info/dependency_links.txt
[0.726s] writing entry points to ../../build/move/move.egg-info/entry_points.txt
[0.726s] writing requirements to ../../build/move/move.egg-info/requires.txt
[0.726s] writing top-level names to ../../build/move/move.egg-info/top_level.txt
[0.726s] writing manifest file '../../build/move/move.egg-info/SOURCES.txt'
[0.727s] reading manifest file '../../build/move/move.egg-info/SOURCES.txt'
[0.727s] writing manifest file '../../build/move/move.egg-info/SOURCES.txt'
[0.727s] running build
[0.727s] running build_py
[0.727s] creating /chess_ROS2_humble/ros2_ws/build/move/build
[0.727s] creating /chess_ROS2_humble/ros2_ws/build/move/build/lib
[0.727s] creating /chess_ROS2_humble/ros2_ws/build/move/build/lib/move
[0.728s] copying move/__init__.py -> /chess_ROS2_humble/ros2_ws/build/move/build/lib/move
[0.728s] copying move/move.py -> /chess_ROS2_humble/ros2_ws/build/move/build/lib/move
[0.728s] running install
[0.728s] running install_lib
[0.728s] creating /chess_ROS2_humble/ros2_ws/install/move/lib/python3.10/site-packages/move
[0.728s] copying /chess_ROS2_humble/ros2_ws/build/move/build/lib/move/__init__.py -> /chess_ROS2_humble/ros2_ws/install/move/lib/python3.10/site-packages/move
[0.728s] copying /chess_ROS2_humble/ros2_ws/build/move/build/lib/move/move.py -> /chess_ROS2_humble/ros2_ws/install/move/lib/python3.10/site-packages/move
[0.729s] byte-compiling /chess_ROS2_humble/ros2_ws/install/move/lib/python3.10/site-packages/move/__init__.py to __init__.cpython-310.pyc
[0.729s] byte-compiling /chess_ROS2_humble/ros2_ws/install/move/lib/python3.10/site-packages/move/move.py to move.cpython-310.pyc
[0.729s] running install_data
[0.729s] creating /chess_ROS2_humble/ros2_ws/install/move/share/ament_index
[0.729s] creating /chess_ROS2_humble/ros2_ws/install/move/share/ament_index/resource_index
[0.729s] creating /chess_ROS2_humble/ros2_ws/install/move/share/ament_index/resource_index/packages
[0.729s] copying resource/move -> /chess_ROS2_humble/ros2_ws/install/move/share/ament_index/resource_index/packages
[0.730s] copying package.xml -> /chess_ROS2_humble/ros2_ws/install/move/share/move
[0.730s] running install_egg_info
[0.730s] Copying ../../build/move/move.egg-info to /chess_ROS2_humble/ros2_ws/install/move/lib/python3.10/site-packages/move-0.0.0-py3.10.egg-info
[0.731s] running install_scripts
[0.745s] Installing move script to /chess_ROS2_humble/ros2_ws/install/move/lib/move
[0.745s] writing list of installed files to '/chess_ROS2_humble/ros2_ws/build/move/install.log'
[0.762s] Invoked command in '/chess_ROS2_humble/ros2_ws/src/move' returned '0': AMENT_PREFIX_PATH=/chess_ROS2_humble/ros2_ws/install/interfaces:${AMENT_PREFIX_PATH} CMAKE_PREFIX_PATH=/chess_ROS2_humble/ros2_ws/install/interfaces LD_LIBRARY_PATH=/chess_ROS2_humble/ros2_ws/install/interfaces/lib:/usr/lib/x86_64-linux-gnu/gazebo-11/plugins:/opt/ros/humble/opt/rviz_ogre_vendor/lib:/opt/ros/humble/lib/x86_64-linux-gnu:/opt/ros/humble/lib:/usr/lib/x86_64-linux-gnu/gazebo-11/plugins:/usr/lib/x86_64-linux-gnu/gazebo-11/plugins:/usr/lib/x86_64-linux-gnu/gazebo-11/plugins PYTHONPATH=/chess_ROS2_humble/ros2_ws/build/move/prefix_override:/usr/lib/python3/dist-packages/colcon_core/task/python/colcon_distutils_commands:/chess_ROS2_humble/ros2_ws/install/move/lib/python3.10/site-packages:/chess_ROS2_humble/ros2_ws/install/interfaces/local/lib/python3.10/dist-packages:${PYTHONPATH} /usr/bin/python3 -W ignore:setup.py install is deprecated -W ignore:easy_install command is deprecated setup.py egg_info --egg-base ../../build/move build --build-base /chess_ROS2_humble/ros2_ws/build/move/build install --record /chess_ROS2_humble/ros2_ws/build/move/install.log --single-version-externally-managed install_data
