-- The C compiler identification is GNU 11.4.0
-- The CXX compiler identification is GNU 11.4.0
-- Detecting C compiler ABI info
-- Detecting C compiler ABI info - done
-- Check for working C compiler: /usr/bin/cc - skipped
-- Detecting C compile features
-- Detecting C compile features - done
-- Detecting CXX compiler ABI info
-- Detecting CXX compiler ABI info - done
-- Check for working CXX compiler: /usr/bin/c++ - skipped
-- Detecting CXX compile features
-- Detecting CXX compile features - done
-- Found ament_cmake: 1.3.13 (/opt/ros/humble/share/ament_cmake/cmake)
-- Found Python3: /usr/bin/python3 (found version "3.10.12") found components: Interpreter 
-- Found builtin_interfaces: 1.2.2 (/opt/ros/humble/share/builtin_interfaces/cmake)
-- Found rosidl_generator_c: 3.1.8 (/opt/ros/humble/share/rosidl_generator_c/cmake)
-- Found rosidl_adapter: 3.1.8 (/opt/ros/humble/share/rosidl_adapter/cmake)
-- Found rosidl_generator_cpp: 3.1.8 (/opt/ros/humble/share/rosidl_generator_cpp/cmake)
-- Using all available rosidl_typesupport_c: rosidl_typesupport_fastrtps_c;rosidl_typesupport_introspection_c
-- Using all available rosidl_typesupport_cpp: rosidl_typesupport_fastrtps_cpp;rosidl_typesupport_introspection_cpp
-- Found rosidl_default_generators: 1.2.0 (/opt/ros/humble/share/rosidl_default_generators/cmake)
-- Found ament_cmake_ros: 0.10.0 (/opt/ros/humble/share/ament_cmake_ros/cmake)
-- Using all available rosidl_typesupport_c: rosidl_typesupport_fastrtps_c;rosidl_typesupport_introspection_c
-- Using all available rosidl_typesupport_cpp: rosidl_typesupport_fastrtps_cpp;rosidl_typesupport_introspection_cpp
-- Found PythonInterp: /usr/bin/python3 (found suitable version "3.10.12", minimum required is "3.6") 
-- Found python_cmake_module: 0.10.0 (/opt/ros/humble/share/python_cmake_module/cmake)
-- Found PythonLibs: /usr/lib/x86_64-linux-gnu/libpython3.10.so (found suitable version "3.10.12", minimum required is "3.5") 
-- Using PYTHON_EXECUTABLE: /usr/bin/python3
-- Using PYTHON_INCLUDE_DIRS: /usr/include/python3.10
-- Using PYTHON_LIBRARIES: /usr/lib/x86_64-linux-gnu/libpython3.10.so
-- Found PythonExtra: .so  
-- Found ament_lint_auto: 0.12.15 (/opt/ros/humble/share/ament_lint_auto/cmake)
-- Added test 'lint_cmake' to check CMake code style
-- Added test 'xmllint' to check XML markup files
-- Configuring done
-- Generating done
-- Build files have been written to: /chess_ROS2_humble/ros2_ws/build/comp_vision_interfaces
[  3%] [34m[1mGenerating C code for ROS interfaces[0m
[  6%] [34m[1mGenerating C++ code for ROS interfaces[0m
[  6%] Built target ament_cmake_python_copy_comp_vision_interfaces
running egg_info
creating comp_vision_interfaces.egg-info
writing comp_vision_interfaces.egg-info/PKG-INFO
writing dependency_links to comp_vision_interfaces.egg-info/dependency_links.txt
writing top-level names to comp_vision_interfaces.egg-info/top_level.txt
writing manifest file 'comp_vision_interfaces.egg-info/SOURCES.txt'
reading manifest file 'comp_vision_interfaces.egg-info/SOURCES.txt'
writing manifest file 'comp_vision_interfaces.egg-info/SOURCES.txt'
[  6%] Built target comp_vision_interfaces__cpp
[  6%] Built target ament_cmake_python_build_comp_vision_interfaces_egg
[  9%] [34m[1mGenerating C++ type support dispatch for ROS interfaces[0m
[ 12%] [34m[1mGenerating C++ introspection for ROS interfaces[0m
[ 16%] [34m[1mGenerating C++ type support for eProsima Fast-RTPS[0m
[ 19%] [32mBuilding C object CMakeFiles/comp_vision_interfaces__rosidl_generator_c.dir/rosidl_generator_c/comp_vision_interfaces/srv/detail/get_fen__functions.c.o[0m
[ 22%] [32m[1mLinking C shared library libcomp_vision_interfaces__rosidl_generator_c.so[0m
[ 22%] Built target comp_vision_interfaces__rosidl_generator_c
[ 25%] [34m[1mGenerating C introspection for ROS interfaces[0m
[ 29%] [34m[1mGenerating C type support dispatch for ROS interfaces[0m
[ 32%] [34m[1mGenerating C type support for eProsima Fast-RTPS[0m
[ 35%] [32mBuilding CXX object CMakeFiles/comp_vision_interfaces__rosidl_typesupport_cpp.dir/rosidl_typesupport_cpp/comp_vision_interfaces/srv/get_fen__type_support.cpp.o[0m
[ 38%] [32mBuilding CXX object CMakeFiles/comp_vision_interfaces__rosidl_typesupport_introspection_cpp.dir/rosidl_typesupport_introspection_cpp/comp_vision_interfaces/srv/detail/get_fen__type_support.cpp.o[0m
[ 41%] [32mBuilding CXX object CMakeFiles/comp_vision_interfaces__rosidl_typesupport_fastrtps_cpp.dir/rosidl_typesupport_fastrtps_cpp/comp_vision_interfaces/srv/detail/dds_fastrtps/get_fen__type_support.cpp.o[0m
[ 45%] [32mBuilding CXX object CMakeFiles/comp_vision_interfaces__rosidl_typesupport_c.dir/rosidl_typesupport_c/comp_vision_interfaces/srv/get_fen__type_support.cpp.o[0m
[ 48%] [32mBuilding C object CMakeFiles/comp_vision_interfaces__rosidl_typesupport_introspection_c.dir/rosidl_typesupport_introspection_c/comp_vision_interfaces/srv/detail/get_fen__type_support.c.o[0m
[ 51%] [32m[1mLinking CXX shared library libcomp_vision_interfaces__rosidl_typesupport_c.so[0m
[ 54%] [32m[1mLinking C shared library libcomp_vision_interfaces__rosidl_typesupport_introspection_c.so[0m
[ 54%] Built target comp_vision_interfaces__rosidl_typesupport_c
[ 58%] [32mBuilding CXX object CMakeFiles/comp_vision_interfaces__rosidl_typesupport_fastrtps_c.dir/rosidl_typesupport_fastrtps_c/comp_vision_interfaces/srv/detail/get_fen__type_support_c.cpp.o[0m
[ 58%] Built target comp_vision_interfaces__rosidl_typesupport_introspection_c
[ 61%] [32m[1mLinking CXX shared library libcomp_vision_interfaces__rosidl_typesupport_cpp.so[0m
[ 64%] [32m[1mLinking CXX shared library libcomp_vision_interfaces__rosidl_typesupport_introspection_cpp.so[0m
[ 64%] Built target comp_vision_interfaces__rosidl_typesupport_cpp
[ 64%] Built target comp_vision_interfaces__rosidl_typesupport_introspection_cpp
[ 67%] [32m[1mLinking CXX shared library libcomp_vision_interfaces__rosidl_typesupport_fastrtps_c.so[0m
[ 70%] [32m[1mLinking CXX shared library libcomp_vision_interfaces__rosidl_typesupport_fastrtps_cpp.so[0m
[ 70%] Built target comp_vision_interfaces__rosidl_typesupport_fastrtps_c
[ 70%] Built target comp_vision_interfaces__rosidl_typesupport_fastrtps_cpp
[ 70%] Built target comp_vision_interfaces
[ 74%] [34m[1mGenerating Python code for ROS interfaces[0m
[ 74%] Built target comp_vision_interfaces__py
[ 77%] [32mBuilding C object CMakeFiles/comp_vision_interfaces__rosidl_generator_py.dir/rosidl_generator_py/comp_vision_interfaces/srv/_get_fen_s.c.o[0m
[ 80%] [32m[1mLinking C shared library rosidl_generator_py/comp_vision_interfaces/libcomp_vision_interfaces__rosidl_generator_py.so[0m
[ 80%] Built target comp_vision_interfaces__rosidl_generator_py
[ 83%] [32mBuilding C object CMakeFiles/comp_vision_interfaces__rosidl_typesupport_c__pyext.dir/rosidl_generator_py/comp_vision_interfaces/_comp_vision_interfaces_s.ep.rosidl_typesupport_c.c.o[0m
[ 87%] [32mBuilding C object CMakeFiles/comp_vision_interfaces__rosidl_typesupport_introspection_c__pyext.dir/rosidl_generator_py/comp_vision_interfaces/_comp_vision_interfaces_s.ep.rosidl_typesupport_introspection_c.c.o[0m
[ 90%] [32mBuilding C object CMakeFiles/comp_vision_interfaces__rosidl_typesupport_fastrtps_c__pyext.dir/rosidl_generator_py/comp_vision_interfaces/_comp_vision_interfaces_s.ep.rosidl_typesupport_fastrtps_c.c.o[0m
[ 93%] [32m[1mLinking C shared library rosidl_generator_py/comp_vision_interfaces/comp_vision_interfaces_s__rosidl_typesupport_fastrtps_c.cpython-310-x86_64-linux-gnu.so[0m
[ 96%] [32m[1mLinking C shared library rosidl_generator_py/comp_vision_interfaces/comp_vision_interfaces_s__rosidl_typesupport_introspection_c.cpython-310-x86_64-linux-gnu.so[0m
[100%] [32m[1mLinking C shared library rosidl_generator_py/comp_vision_interfaces/comp_vision_interfaces_s__rosidl_typesupport_c.cpython-310-x86_64-linux-gnu.so[0m
[100%] Built target comp_vision_interfaces__rosidl_typesupport_fastrtps_c__pyext
[100%] Built target comp_vision_interfaces__rosidl_typesupport_introspection_c__pyext
[100%] Built target comp_vision_interfaces__rosidl_typesupport_c__pyext
-- Install configuration: ""
-- Installing: /chess_ROS2_humble/ros2_ws/install/comp_vision_interfaces/share/ament_index/resource_index/rosidl_interfaces/comp_vision_interfaces
-- Installing: /chess_ROS2_humble/ros2_ws/install/comp_vision_interfaces/include/comp_vision_interfaces/comp_vision_interfaces
-- Installing: /chess_ROS2_humble/ros2_ws/install/comp_vision_interfaces/include/comp_vision_interfaces/comp_vision_interfaces/msg
-- Installing: /chess_ROS2_humble/ros2_ws/install/comp_vision_interfaces/include/comp_vision_interfaces/comp_vision_interfaces/msg/rosidl_generator_c__visibility_control.h
-- Installing: /chess_ROS2_humble/ros2_ws/install/comp_vision_interfaces/include/comp_vision_interfaces/comp_vision_interfaces/srv
-- Installing: /chess_ROS2_humble/ros2_ws/install/comp_vision_interfaces/include/comp_vision_interfaces/comp_vision_interfaces/srv/get_fen.h
-- Installing: /chess_ROS2_humble/ros2_ws/install/comp_vision_interfaces/include/comp_vision_interfaces/comp_vision_interfaces/srv/detail
-- Installing: /chess_ROS2_humble/ros2_ws/install/comp_vision_interfaces/include/comp_vision_interfaces/comp_vision_interfaces/srv/detail/get_fen__functions.c
-- Installing: /chess_ROS2_humble/ros2_ws/install/comp_vision_interfaces/include/comp_vision_interfaces/comp_vision_interfaces/srv/detail/get_fen__functions.h
-- Installing: /chess_ROS2_humble/ros2_ws/install/comp_vision_interfaces/include/comp_vision_interfaces/comp_vision_interfaces/srv/detail/get_fen__struct.h
-- Installing: /chess_ROS2_humble/ros2_ws/install/comp_vision_interfaces/include/comp_vision_interfaces/comp_vision_interfaces/srv/detail/get_fen__type_support.h
-- Installing: /chess_ROS2_humble/ros2_ws/install/comp_vision_interfaces/share/comp_vision_interfaces/environment/library_path.sh
-- Installing: /chess_ROS2_humble/ros2_ws/install/comp_vision_interfaces/share/comp_vision_interfaces/environment/library_path.dsv
-- Installing: /chess_ROS2_humble/ros2_ws/install/comp_vision_interfaces/lib/libcomp_vision_interfaces__rosidl_generator_c.so
-- Set runtime path of "/chess_ROS2_humble/ros2_ws/install/comp_vision_interfaces/lib/libcomp_vision_interfaces__rosidl_generator_c.so" to ""
-- Up-to-date: /chess_ROS2_humble/ros2_ws/install/comp_vision_interfaces/include/comp_vision_interfaces/comp_vision_interfaces
-- Up-to-date: /chess_ROS2_humble/ros2_ws/install/comp_vision_interfaces/include/comp_vision_interfaces/comp_vision_interfaces/msg
-- Installing: /chess_ROS2_humble/ros2_ws/install/comp_vision_interfaces/include/comp_vision_interfaces/comp_vision_interfaces/msg/rosidl_typesupport_fastrtps_c__visibility_control.h
-- Up-to-date: /chess_ROS2_humble/ros2_ws/install/comp_vision_interfaces/include/comp_vision_interfaces/comp_vision_interfaces/srv
-- Up-to-date: /chess_ROS2_humble/ros2_ws/install/comp_vision_interfaces/include/comp_vision_interfaces/comp_vision_interfaces/srv/detail
-- Installing: /chess_ROS2_humble/ros2_ws/install/comp_vision_interfaces/include/comp_vision_interfaces/comp_vision_interfaces/srv/detail/get_fen__rosidl_typesupport_fastrtps_c.h
-- Installing: /chess_ROS2_humble/ros2_ws/install/comp_vision_interfaces/lib/libcomp_vision_interfaces__rosidl_typesupport_fastrtps_c.so
-- Set runtime path of "/chess_ROS2_humble/ros2_ws/install/comp_vision_interfaces/lib/libcomp_vision_interfaces__rosidl_typesupport_fastrtps_c.so" to ""
-- Up-to-date: /chess_ROS2_humble/ros2_ws/install/comp_vision_interfaces/include/comp_vision_interfaces/comp_vision_interfaces
-- Up-to-date: /chess_ROS2_humble/ros2_ws/install/comp_vision_interfaces/include/comp_vision_interfaces/comp_vision_interfaces/msg
-- Installing: /chess_ROS2_humble/ros2_ws/install/comp_vision_interfaces/include/comp_vision_interfaces/comp_vision_interfaces/msg/rosidl_generator_cpp__visibility_control.hpp
-- Up-to-date: /chess_ROS2_humble/ros2_ws/install/comp_vision_interfaces/include/comp_vision_interfaces/comp_vision_interfaces/srv
-- Installing: /chess_ROS2_humble/ros2_ws/install/comp_vision_interfaces/include/comp_vision_interfaces/comp_vision_interfaces/srv/get_fen.hpp
-- Up-to-date: /chess_ROS2_humble/ros2_ws/install/comp_vision_interfaces/include/comp_vision_interfaces/comp_vision_interfaces/srv/detail
-- Installing: /chess_ROS2_humble/ros2_ws/install/comp_vision_interfaces/include/comp_vision_interfaces/comp_vision_interfaces/srv/detail/get_fen__builder.hpp
-- Installing: /chess_ROS2_humble/ros2_ws/install/comp_vision_interfaces/include/comp_vision_interfaces/comp_vision_interfaces/srv/detail/get_fen__struct.hpp
-- Installing: /chess_ROS2_humble/ros2_ws/install/comp_vision_interfaces/include/comp_vision_interfaces/comp_vision_interfaces/srv/detail/get_fen__traits.hpp
-- Installing: /chess_ROS2_humble/ros2_ws/install/comp_vision_interfaces/include/comp_vision_interfaces/comp_vision_interfaces/srv/detail/get_fen__type_support.hpp
-- Up-to-date: /chess_ROS2_humble/ros2_ws/install/comp_vision_interfaces/include/comp_vision_interfaces/comp_vision_interfaces
-- Up-to-date: /chess_ROS2_humble/ros2_ws/install/comp_vision_interfaces/include/comp_vision_interfaces/comp_vision_interfaces/msg
-- Installing: /chess_ROS2_humble/ros2_ws/install/comp_vision_interfaces/include/comp_vision_interfaces/comp_vision_interfaces/msg/rosidl_typesupport_fastrtps_cpp__visibility_control.h
-- Up-to-date: /chess_ROS2_humble/ros2_ws/install/comp_vision_interfaces/include/comp_vision_interfaces/comp_vision_interfaces/srv
-- Up-to-date: /chess_ROS2_humble/ros2_ws/install/comp_vision_interfaces/include/comp_vision_interfaces/comp_vision_interfaces/srv/detail
-- Installing: /chess_ROS2_humble/ros2_ws/install/comp_vision_interfaces/include/comp_vision_interfaces/comp_vision_interfaces/srv/detail/get_fen__rosidl_typesupport_fastrtps_cpp.hpp
-- Installing: /chess_ROS2_humble/ros2_ws/install/comp_vision_interfaces/include/comp_vision_interfaces/comp_vision_interfaces/srv/detail/dds_fastrtps
-- Installing: /chess_ROS2_humble/ros2_ws/install/comp_vision_interfaces/lib/libcomp_vision_interfaces__rosidl_typesupport_fastrtps_cpp.so
-- Set runtime path of "/chess_ROS2_humble/ros2_ws/install/comp_vision_interfaces/lib/libcomp_vision_interfaces__rosidl_typesupport_fastrtps_cpp.so" to ""
-- Up-to-date: /chess_ROS2_humble/ros2_ws/install/comp_vision_interfaces/include/comp_vision_interfaces/comp_vision_interfaces
-- Up-to-date: /chess_ROS2_humble/ros2_ws/install/comp_vision_interfaces/include/comp_vision_interfaces/comp_vision_interfaces/msg
-- Installing: /chess_ROS2_humble/ros2_ws/install/comp_vision_interfaces/include/comp_vision_interfaces/comp_vision_interfaces/msg/rosidl_typesupport_introspection_c__visibility_control.h
-- Up-to-date: /chess_ROS2_humble/ros2_ws/install/comp_vision_interfaces/include/comp_vision_interfaces/comp_vision_interfaces/srv
-- Up-to-date: /chess_ROS2_humble/ros2_ws/install/comp_vision_interfaces/include/comp_vision_interfaces/comp_vision_interfaces/srv/detail
-- Installing: /chess_ROS2_humble/ros2_ws/install/comp_vision_interfaces/include/comp_vision_interfaces/comp_vision_interfaces/srv/detail/get_fen__rosidl_typesupport_introspection_c.h
-- Installing: /chess_ROS2_humble/ros2_ws/install/comp_vision_interfaces/include/comp_vision_interfaces/comp_vision_interfaces/srv/detail/get_fen__type_support.c
-- Installing: /chess_ROS2_humble/ros2_ws/install/comp_vision_interfaces/lib/libcomp_vision_interfaces__rosidl_typesupport_introspection_c.so
-- Set runtime path of "/chess_ROS2_humble/ros2_ws/install/comp_vision_interfaces/lib/libcomp_vision_interfaces__rosidl_typesupport_introspection_c.so" to ""
-- Installing: /chess_ROS2_humble/ros2_ws/install/comp_vision_interfaces/lib/libcomp_vision_interfaces__rosidl_typesupport_c.so
-- Set runtime path of "/chess_ROS2_humble/ros2_ws/install/comp_vision_interfaces/lib/libcomp_vision_interfaces__rosidl_typesupport_c.so" to ""
-- Up-to-date: /chess_ROS2_humble/ros2_ws/install/comp_vision_interfaces/include/comp_vision_interfaces/comp_vision_interfaces
-- Up-to-date: /chess_ROS2_humble/ros2_ws/install/comp_vision_interfaces/include/comp_vision_interfaces/comp_vision_interfaces/srv
-- Up-to-date: /chess_ROS2_humble/ros2_ws/install/comp_vision_interfaces/include/comp_vision_interfaces/comp_vision_interfaces/srv/detail
-- Installing: /chess_ROS2_humble/ros2_ws/install/comp_vision_interfaces/include/comp_vision_interfaces/comp_vision_interfaces/srv/detail/get_fen__rosidl_typesupport_introspection_cpp.hpp
-- Installing: /chess_ROS2_humble/ros2_ws/install/comp_vision_interfaces/include/comp_vision_interfaces/comp_vision_interfaces/srv/detail/get_fen__type_support.cpp
-- Installing: /chess_ROS2_humble/ros2_ws/install/comp_vision_interfaces/lib/libcomp_vision_interfaces__rosidl_typesupport_introspection_cpp.so
-- Set runtime path of "/chess_ROS2_humble/ros2_ws/install/comp_vision_interfaces/lib/libcomp_vision_interfaces__rosidl_typesupport_introspection_cpp.so" to ""
-- Installing: /chess_ROS2_humble/ros2_ws/install/comp_vision_interfaces/lib/libcomp_vision_interfaces__rosidl_typesupport_cpp.so
-- Set runtime path of "/chess_ROS2_humble/ros2_ws/install/comp_vision_interfaces/lib/libcomp_vision_interfaces__rosidl_typesupport_cpp.so" to ""
-- Installing: /chess_ROS2_humble/ros2_ws/install/comp_vision_interfaces/share/comp_vision_interfaces/environment/pythonpath.sh
-- Installing: /chess_ROS2_humble/ros2_ws/install/comp_vision_interfaces/share/comp_vision_interfaces/environment/pythonpath.dsv
-- Installing: /chess_ROS2_humble/ros2_ws/install/comp_vision_interfaces/local/lib/python3.10/dist-packages/comp_vision_interfaces-0.0.0-py3.10.egg-info
-- Installing: /chess_ROS2_humble/ros2_ws/install/comp_vision_interfaces/local/lib/python3.10/dist-packages/comp_vision_interfaces-0.0.0-py3.10.egg-info/PKG-INFO
-- Installing: /chess_ROS2_humble/ros2_ws/install/comp_vision_interfaces/local/lib/python3.10/dist-packages/comp_vision_interfaces-0.0.0-py3.10.egg-info/dependency_links.txt
-- Installing: /chess_ROS2_humble/ros2_ws/install/comp_vision_interfaces/local/lib/python3.10/dist-packages/comp_vision_interfaces-0.0.0-py3.10.egg-info/top_level.txt
-- Installing: /chess_ROS2_humble/ros2_ws/install/comp_vision_interfaces/local/lib/python3.10/dist-packages/comp_vision_interfaces-0.0.0-py3.10.egg-info/SOURCES.txt
-- Installing: /chess_ROS2_humble/ros2_ws/install/comp_vision_interfaces/local/lib/python3.10/dist-packages/comp_vision_interfaces
-- Installing: /chess_ROS2_humble/ros2_ws/install/comp_vision_interfaces/local/lib/python3.10/dist-packages/comp_vision_interfaces/__init__.py
-- Installing: /chess_ROS2_humble/ros2_ws/install/comp_vision_interfaces/local/lib/python3.10/dist-packages/comp_vision_interfaces/srv
-- Installing: /chess_ROS2_humble/ros2_ws/install/comp_vision_interfaces/local/lib/python3.10/dist-packages/comp_vision_interfaces/srv/_get_fen.py
-- Installing: /chess_ROS2_humble/ros2_ws/install/comp_vision_interfaces/local/lib/python3.10/dist-packages/comp_vision_interfaces/srv/_get_fen_s.c
-- Installing: /chess_ROS2_humble/ros2_ws/install/comp_vision_interfaces/local/lib/python3.10/dist-packages/comp_vision_interfaces/srv/__init__.py
-- Installing: /chess_ROS2_humble/ros2_ws/install/comp_vision_interfaces/local/lib/python3.10/dist-packages/comp_vision_interfaces/_comp_vision_interfaces_s.ep.rosidl_typesupport_fastrtps_c.c
-- Installing: /chess_ROS2_humble/ros2_ws/install/comp_vision_interfaces/local/lib/python3.10/dist-packages/comp_vision_interfaces/_comp_vision_interfaces_s.ep.rosidl_typesupport_introspection_c.c
-- Installing: /chess_ROS2_humble/ros2_ws/install/comp_vision_interfaces/local/lib/python3.10/dist-packages/comp_vision_interfaces/_comp_vision_interfaces_s.ep.rosidl_typesupport_c.c
-- Installing: /chess_ROS2_humble/ros2_ws/install/comp_vision_interfaces/local/lib/python3.10/dist-packages/comp_vision_interfaces/libcomp_vision_interfaces__rosidl_generator_py.so
-- Installing: /chess_ROS2_humble/ros2_ws/install/comp_vision_interfaces/local/lib/python3.10/dist-packages/comp_vision_interfaces/comp_vision_interfaces_s__rosidl_typesupport_fastrtps_c.cpython-310-x86_64-linux-gnu.so
-- Installing: /chess_ROS2_humble/ros2_ws/install/comp_vision_interfaces/local/lib/python3.10/dist-packages/comp_vision_interfaces/comp_vision_interfaces_s__rosidl_typesupport_introspection_c.cpython-310-x86_64-linux-gnu.so
-- Installing: /chess_ROS2_humble/ros2_ws/install/comp_vision_interfaces/local/lib/python3.10/dist-packages/comp_vision_interfaces/comp_vision_interfaces_s__rosidl_typesupport_c.cpython-310-x86_64-linux-gnu.so
Listing '/chess_ROS2_humble/ros2_ws/install/comp_vision_interfaces/local/lib/python3.10/dist-packages/comp_vision_interfaces'...
Compiling '/chess_ROS2_humble/ros2_ws/install/comp_vision_interfaces/local/lib/python3.10/dist-packages/comp_vision_interfaces/__init__.py'...
Listing '/chess_ROS2_humble/ros2_ws/install/comp_vision_interfaces/local/lib/python3.10/dist-packages/comp_vision_interfaces/srv'...
Compiling '/chess_ROS2_humble/ros2_ws/install/comp_vision_interfaces/local/lib/python3.10/dist-packages/comp_vision_interfaces/srv/__init__.py'...
Compiling '/chess_ROS2_humble/ros2_ws/install/comp_vision_interfaces/local/lib/python3.10/dist-packages/comp_vision_interfaces/srv/_get_fen.py'...
-- Installing: /chess_ROS2_humble/ros2_ws/install/comp_vision_interfaces/local/lib/python3.10/dist-packages/comp_vision_interfaces/comp_vision_interfaces_s__rosidl_typesupport_fastrtps_c.cpython-310-x86_64-linux-gnu.so
-- Set runtime path of "/chess_ROS2_humble/ros2_ws/install/comp_vision_interfaces/local/lib/python3.10/dist-packages/comp_vision_interfaces/comp_vision_interfaces_s__rosidl_typesupport_fastrtps_c.cpython-310-x86_64-linux-gnu.so" to ""
-- Installing: /chess_ROS2_humble/ros2_ws/install/comp_vision_interfaces/local/lib/python3.10/dist-packages/comp_vision_interfaces/comp_vision_interfaces_s__rosidl_typesupport_introspection_c.cpython-310-x86_64-linux-gnu.so
-- Set runtime path of "/chess_ROS2_humble/ros2_ws/install/comp_vision_interfaces/local/lib/python3.10/dist-packages/comp_vision_interfaces/comp_vision_interfaces_s__rosidl_typesupport_introspection_c.cpython-310-x86_64-linux-gnu.so" to ""
-- Installing: /chess_ROS2_humble/ros2_ws/install/comp_vision_interfaces/local/lib/python3.10/dist-packages/comp_vision_interfaces/comp_vision_interfaces_s__rosidl_typesupport_c.cpython-310-x86_64-linux-gnu.so
-- Set runtime path of "/chess_ROS2_humble/ros2_ws/install/comp_vision_interfaces/local/lib/python3.10/dist-packages/comp_vision_interfaces/comp_vision_interfaces_s__rosidl_typesupport_c.cpython-310-x86_64-linux-gnu.so" to ""
-- Installing: /chess_ROS2_humble/ros2_ws/install/comp_vision_interfaces/lib/libcomp_vision_interfaces__rosidl_generator_py.so
-- Set runtime path of "/chess_ROS2_humble/ros2_ws/install/comp_vision_interfaces/lib/libcomp_vision_interfaces__rosidl_generator_py.so" to ""
-- Installing: /chess_ROS2_humble/ros2_ws/install/comp_vision_interfaces/share/comp_vision_interfaces/srv/GetFEN.idl
-- Installing: /chess_ROS2_humble/ros2_ws/install/comp_vision_interfaces/share/comp_vision_interfaces/srv/GetFEN.srv
-- Installing: /chess_ROS2_humble/ros2_ws/install/comp_vision_interfaces/share/comp_vision_interfaces/srv/GetFEN_Request.msg
-- Installing: /chess_ROS2_humble/ros2_ws/install/comp_vision_interfaces/share/comp_vision_interfaces/srv/GetFEN_Response.msg
-- Installing: /chess_ROS2_humble/ros2_ws/install/comp_vision_interfaces/share/ament_index/resource_index/package_run_dependencies/comp_vision_interfaces
-- Installing: /chess_ROS2_humble/ros2_ws/install/comp_vision_interfaces/share/ament_index/resource_index/parent_prefix_path/comp_vision_interfaces
-- Installing: /chess_ROS2_humble/ros2_ws/install/comp_vision_interfaces/share/comp_vision_interfaces/environment/ament_prefix_path.sh
-- Installing: /chess_ROS2_humble/ros2_ws/install/comp_vision_interfaces/share/comp_vision_interfaces/environment/ament_prefix_path.dsv
-- Installing: /chess_ROS2_humble/ros2_ws/install/comp_vision_interfaces/share/comp_vision_interfaces/environment/path.sh
-- Installing: /chess_ROS2_humble/ros2_ws/install/comp_vision_interfaces/share/comp_vision_interfaces/environment/path.dsv
-- Installing: /chess_ROS2_humble/ros2_ws/install/comp_vision_interfaces/share/comp_vision_interfaces/local_setup.bash
-- Installing: /chess_ROS2_humble/ros2_ws/install/comp_vision_interfaces/share/comp_vision_interfaces/local_setup.sh
-- Installing: /chess_ROS2_humble/ros2_ws/install/comp_vision_interfaces/share/comp_vision_interfaces/local_setup.zsh
-- Installing: /chess_ROS2_humble/ros2_ws/install/comp_vision_interfaces/share/comp_vision_interfaces/local_setup.dsv
-- Installing: /chess_ROS2_humble/ros2_ws/install/comp_vision_interfaces/share/comp_vision_interfaces/package.dsv
-- Installing: /chess_ROS2_humble/ros2_ws/install/comp_vision_interfaces/share/ament_index/resource_index/packages/comp_vision_interfaces
-- Installing: /chess_ROS2_humble/ros2_ws/install/comp_vision_interfaces/share/comp_vision_interfaces/cmake/export_comp_vision_interfaces__rosidl_generator_cExport.cmake
-- Installing: /chess_ROS2_humble/ros2_ws/install/comp_vision_interfaces/share/comp_vision_interfaces/cmake/export_comp_vision_interfaces__rosidl_generator_cExport-noconfig.cmake
-- Installing: /chess_ROS2_humble/ros2_ws/install/comp_vision_interfaces/share/comp_vision_interfaces/cmake/export_comp_vision_interfaces__rosidl_typesupport_fastrtps_cExport.cmake
-- Installing: /chess_ROS2_humble/ros2_ws/install/comp_vision_interfaces/share/comp_vision_interfaces/cmake/export_comp_vision_interfaces__rosidl_typesupport_fastrtps_cExport-noconfig.cmake
-- Installing: /chess_ROS2_humble/ros2_ws/install/comp_vision_interfaces/share/comp_vision_interfaces/cmake/export_comp_vision_interfaces__rosidl_generator_cppExport.cmake
-- Installing: /chess_ROS2_humble/ros2_ws/install/comp_vision_interfaces/share/comp_vision_interfaces/cmake/export_comp_vision_interfaces__rosidl_typesupport_fastrtps_cppExport.cmake
-- Installing: /chess_ROS2_humble/ros2_ws/install/comp_vision_interfaces/share/comp_vision_interfaces/cmake/export_comp_vision_interfaces__rosidl_typesupport_fastrtps_cppExport-noconfig.cmake
-- Installing: /chess_ROS2_humble/ros2_ws/install/comp_vision_interfaces/share/comp_vision_interfaces/cmake/comp_vision_interfaces__rosidl_typesupport_introspection_cExport.cmake
-- Installing: /chess_ROS2_humble/ros2_ws/install/comp_vision_interfaces/share/comp_vision_interfaces/cmake/comp_vision_interfaces__rosidl_typesupport_introspection_cExport-noconfig.cmake
-- Installing: /chess_ROS2_humble/ros2_ws/install/comp_vision_interfaces/share/comp_vision_interfaces/cmake/comp_vision_interfaces__rosidl_typesupport_cExport.cmake
-- Installing: /chess_ROS2_humble/ros2_ws/install/comp_vision_interfaces/share/comp_vision_interfaces/cmake/comp_vision_interfaces__rosidl_typesupport_cExport-noconfig.cmake
-- Installing: /chess_ROS2_humble/ros2_ws/install/comp_vision_interfaces/share/comp_vision_interfaces/cmake/comp_vision_interfaces__rosidl_typesupport_introspection_cppExport.cmake
-- Installing: /chess_ROS2_humble/ros2_ws/install/comp_vision_interfaces/share/comp_vision_interfaces/cmake/comp_vision_interfaces__rosidl_typesupport_introspection_cppExport-noconfig.cmake
-- Installing: /chess_ROS2_humble/ros2_ws/install/comp_vision_interfaces/share/comp_vision_interfaces/cmake/comp_vision_interfaces__rosidl_typesupport_cppExport.cmake
-- Installing: /chess_ROS2_humble/ros2_ws/install/comp_vision_interfaces/share/comp_vision_interfaces/cmake/comp_vision_interfaces__rosidl_typesupport_cppExport-noconfig.cmake
-- Installing: /chess_ROS2_humble/ros2_ws/install/comp_vision_interfaces/share/comp_vision_interfaces/cmake/export_comp_vision_interfaces__rosidl_generator_pyExport.cmake
-- Installing: /chess_ROS2_humble/ros2_ws/install/comp_vision_interfaces/share/comp_vision_interfaces/cmake/export_comp_vision_interfaces__rosidl_generator_pyExport-noconfig.cmake
-- Installing: /chess_ROS2_humble/ros2_ws/install/comp_vision_interfaces/share/comp_vision_interfaces/cmake/rosidl_cmake-extras.cmake
-- Installing: /chess_ROS2_humble/ros2_ws/install/comp_vision_interfaces/share/comp_vision_interfaces/cmake/ament_cmake_export_dependencies-extras.cmake
-- Installing: /chess_ROS2_humble/ros2_ws/install/comp_vision_interfaces/share/comp_vision_interfaces/cmake/ament_cmake_export_include_directories-extras.cmake
-- Installing: /chess_ROS2_humble/ros2_ws/install/comp_vision_interfaces/share/comp_vision_interfaces/cmake/ament_cmake_export_libraries-extras.cmake
-- Installing: /chess_ROS2_humble/ros2_ws/install/comp_vision_interfaces/share/comp_vision_interfaces/cmake/ament_cmake_export_targets-extras.cmake
-- Installing: /chess_ROS2_humble/ros2_ws/install/comp_vision_interfaces/share/comp_vision_interfaces/cmake/rosidl_cmake_export_typesupport_targets-extras.cmake
-- Installing: /chess_ROS2_humble/ros2_ws/install/comp_vision_interfaces/share/comp_vision_interfaces/cmake/rosidl_cmake_export_typesupport_libraries-extras.cmake
-- Installing: /chess_ROS2_humble/ros2_ws/install/comp_vision_interfaces/share/comp_vision_interfaces/cmake/comp_vision_interfacesConfig.cmake
-- Installing: /chess_ROS2_humble/ros2_ws/install/comp_vision_interfaces/share/comp_vision_interfaces/cmake/comp_vision_interfacesConfig-version.cmake
-- Installing: /chess_ROS2_humble/ros2_ws/install/comp_vision_interfaces/share/comp_vision_interfaces/package.xml
