[0.022s] Invoking command in '/chess_ROS2_humble/ros2_ws/build/comp_vision_interfaces': CMAKE_PREFIX_PATH=/opt/ros/humble /usr/bin/cmake /chess_ROS2_humble/ros2_ws/src/comp_vision_interfaces -DCMAKE_INSTALL_PREFIX=/chess_ROS2_humble/ros2_ws/install/comp_vision_interfaces
[0.132s] -- The C compiler identification is GNU 11.4.0
[0.207s] -- The CXX compiler identification is GNU 11.4.0
[0.218s] -- Detecting C compiler ABI info
[0.279s] -- Detecting C compiler ABI info - done
[0.284s] -- Check for working C compiler: /usr/bin/cc - skipped
[0.284s] -- Detecting C compile features
[0.285s] -- Detecting C compile features - done
[0.288s] -- Detecting CXX compiler ABI info
[0.360s] -- Detecting CXX compiler ABI info - done
[0.369s] -- Check for working CXX compiler: /usr/bin/c++ - skipped
[0.370s] -- Detecting CXX compile features
[0.370s] -- Detecting CXX compile features - done
[0.390s] -- Found ament_cmake: 1.3.13 (/opt/ros/humble/share/ament_cmake/cmake)
[0.521s] -- Found Python3: /usr/bin/python3 (found version "3.10.12") found components: Interpreter 
[0.616s] -- Found builtin_interfaces: 1.2.2 (/opt/ros/humble/share/builtin_interfaces/cmake)
[0.670s] -- Found rosidl_generator_c: 3.1.8 (/opt/ros/humble/share/rosidl_generator_c/cmake)
[0.676s] -- Found rosidl_adapter: 3.1.8 (/opt/ros/humble/share/rosidl_adapter/cmake)
[0.686s] -- Found rosidl_generator_cpp: 3.1.8 (/opt/ros/humble/share/rosidl_generator_cpp/cmake)
[0.701s] -- Using all available rosidl_typesupport_c: rosidl_typesupport_fastrtps_c;rosidl_typesupport_introspection_c
[0.718s] -- Using all available rosidl_typesupport_cpp: rosidl_typesupport_fastrtps_cpp;rosidl_typesupport_introspection_cpp
[0.735s] -- Found rosidl_default_generators: 1.2.0 (/opt/ros/humble/share/rosidl_default_generators/cmake)
[0.953s] -- Found ament_cmake_ros: 0.10.0 (/opt/ros/humble/share/ament_cmake_ros/cmake)
[1.206s] -- Using all available rosidl_typesupport_c: rosidl_typesupport_fastrtps_c;rosidl_typesupport_introspection_c
[1.304s] -- Using all available rosidl_typesupport_cpp: rosidl_typesupport_fastrtps_cpp;rosidl_typesupport_introspection_cpp
[1.323s] -- Found PythonInterp: /usr/bin/python3 (found suitable version "3.10.12", minimum required is "3.6") 
[1.326s] -- Found python_cmake_module: 0.10.0 (/opt/ros/humble/share/python_cmake_module/cmake)
[1.350s] -- Found PythonLibs: /usr/lib/x86_64-linux-gnu/libpython3.10.so (found suitable version "3.10.12", minimum required is "3.5") 
[1.350s] -- Using PYTHON_EXECUTABLE: /usr/bin/python3
[1.350s] -- Using PYTHON_INCLUDE_DIRS: /usr/include/python3.10
[1.350s] -- Using PYTHON_LIBRARIES: /usr/lib/x86_64-linux-gnu/libpython3.10.so
[1.367s] -- Found PythonExtra: .so  
[1.397s] -- Found ament_lint_auto: 0.12.15 (/opt/ros/humble/share/ament_lint_auto/cmake)
[1.421s] -- Added test 'lint_cmake' to check CMake code style
[1.422s] -- Added test 'xmllint' to check XML markup files
[1.424s] -- Configuring done
[1.445s] -- Generating done
[1.454s] -- Build files have been written to: /chess_ROS2_humble/ros2_ws/build/comp_vision_interfaces
[1.460s] Invoked command in '/chess_ROS2_humble/ros2_ws/build/comp_vision_interfaces' returned '0': CMAKE_PREFIX_PATH=/opt/ros/humble /usr/bin/cmake /chess_ROS2_humble/ros2_ws/src/comp_vision_interfaces -DCMAKE_INSTALL_PREFIX=/chess_ROS2_humble/ros2_ws/install/comp_vision_interfaces
[1.461s] Invoking command in '/chess_ROS2_humble/ros2_ws/build/comp_vision_interfaces': CMAKE_PREFIX_PATH=/opt/ros/humble /usr/bin/cmake --build /chess_ROS2_humble/ros2_ws/build/comp_vision_interfaces -- -j20 -l20
[1.493s] [  3%] [34m[1mGenerating C code for ROS interfaces[0m
[1.503s] [  6%] [34m[1mGenerating C++ code for ROS interfaces[0m
[1.517s] [  6%] Built target ament_cmake_python_copy_comp_vision_interfaces
[1.720s] running egg_info
[1.721s] creating comp_vision_interfaces.egg-info
[1.722s] writing comp_vision_interfaces.egg-info/PKG-INFO
[1.722s] writing dependency_links to comp_vision_interfaces.egg-info/dependency_links.txt
[1.722s] writing top-level names to comp_vision_interfaces.egg-info/top_level.txt
[1.723s] writing manifest file 'comp_vision_interfaces.egg-info/SOURCES.txt'
[1.727s] reading manifest file 'comp_vision_interfaces.egg-info/SOURCES.txt'
[1.728s] writing manifest file 'comp_vision_interfaces.egg-info/SOURCES.txt'
[1.768s] [  6%] Built target comp_vision_interfaces__cpp
[1.771s] [  6%] Built target ament_cmake_python_build_comp_vision_interfaces_egg
[1.777s] [  9%] [34m[1mGenerating C++ type support dispatch for ROS interfaces[0m
[1.777s] [ 12%] [34m[1mGenerating C++ introspection for ROS interfaces[0m
[1.778s] [ 16%] [34m[1mGenerating C++ type support for eProsima Fast-RTPS[0m
[1.790s] [ 19%] [32mBuilding C object CMakeFiles/comp_vision_interfaces__rosidl_generator_c.dir/rosidl_generator_c/comp_vision_interfaces/srv/detail/get_fen__functions.c.o[0m
[1.858s] [ 22%] [32m[1mLinking C shared library libcomp_vision_interfaces__rosidl_generator_c.so[0m
[1.908s] [ 22%] Built target comp_vision_interfaces__rosidl_generator_c
[1.918s] [ 25%] [34m[1mGenerating C introspection for ROS interfaces[0m
[1.918s] [ 29%] [34m[1mGenerating C type support dispatch for ROS interfaces[0m
[1.921s] [ 32%] [34m[1mGenerating C type support for eProsima Fast-RTPS[0m
[1.990s] [ 35%] [32mBuilding CXX object CMakeFiles/comp_vision_interfaces__rosidl_typesupport_cpp.dir/rosidl_typesupport_cpp/comp_vision_interfaces/srv/get_fen__type_support.cpp.o[0m
[2.055s] [ 38%] [32mBuilding CXX object CMakeFiles/comp_vision_interfaces__rosidl_typesupport_introspection_cpp.dir/rosidl_typesupport_introspection_cpp/comp_vision_interfaces/srv/detail/get_fen__type_support.cpp.o[0m
[2.086s] [ 41%] [32mBuilding CXX object CMakeFiles/comp_vision_interfaces__rosidl_typesupport_fastrtps_cpp.dir/rosidl_typesupport_fastrtps_cpp/comp_vision_interfaces/srv/detail/dds_fastrtps/get_fen__type_support.cpp.o[0m
[2.128s] [ 45%] [32mBuilding CXX object CMakeFiles/comp_vision_interfaces__rosidl_typesupport_c.dir/rosidl_typesupport_c/comp_vision_interfaces/srv/get_fen__type_support.cpp.o[0m
[2.154s] [ 48%] [32mBuilding C object CMakeFiles/comp_vision_interfaces__rosidl_typesupport_introspection_c.dir/rosidl_typesupport_introspection_c/comp_vision_interfaces/srv/detail/get_fen__type_support.c.o[0m
[2.161s] [ 51%] [32m[1mLinking CXX shared library libcomp_vision_interfaces__rosidl_typesupport_c.so[0m
[2.191s] [ 54%] [32m[1mLinking C shared library libcomp_vision_interfaces__rosidl_typesupport_introspection_c.so[0m
[2.204s] [ 54%] Built target comp_vision_interfaces__rosidl_typesupport_c
[2.216s] [ 58%] [32mBuilding CXX object CMakeFiles/comp_vision_interfaces__rosidl_typesupport_fastrtps_c.dir/rosidl_typesupport_fastrtps_c/comp_vision_interfaces/srv/detail/get_fen__type_support_c.cpp.o[0m
[2.228s] [ 58%] Built target comp_vision_interfaces__rosidl_typesupport_introspection_c
[2.374s] [ 61%] [32m[1mLinking CXX shared library libcomp_vision_interfaces__rosidl_typesupport_cpp.so[0m
[2.400s] [ 64%] [32m[1mLinking CXX shared library libcomp_vision_interfaces__rosidl_typesupport_introspection_cpp.so[0m
[2.416s] [ 64%] Built target comp_vision_interfaces__rosidl_typesupport_cpp
[2.470s] [ 64%] Built target comp_vision_interfaces__rosidl_typesupport_introspection_cpp
[2.496s] [ 67%] [32m[1mLinking CXX shared library libcomp_vision_interfaces__rosidl_typesupport_fastrtps_c.so[0m
[2.515s] [ 70%] [32m[1mLinking CXX shared library libcomp_vision_interfaces__rosidl_typesupport_fastrtps_cpp.so[0m
[2.572s] [ 70%] Built target comp_vision_interfaces__rosidl_typesupport_fastrtps_c
[2.578s] [ 70%] Built target comp_vision_interfaces__rosidl_typesupport_fastrtps_cpp
[2.600s] [ 70%] Built target comp_vision_interfaces
[2.615s] [ 74%] [34m[1mGenerating Python code for ROS interfaces[0m
[2.887s] [ 74%] Built target comp_vision_interfaces__py
[2.905s] [ 77%] [32mBuilding C object CMakeFiles/comp_vision_interfaces__rosidl_generator_py.dir/rosidl_generator_py/comp_vision_interfaces/srv/_get_fen_s.c.o[0m
[3.009s] [ 80%] [32m[1mLinking C shared library rosidl_generator_py/comp_vision_interfaces/libcomp_vision_interfaces__rosidl_generator_py.so[0m
[3.041s] [ 80%] Built target comp_vision_interfaces__rosidl_generator_py
[3.060s] [ 83%] [32mBuilding C object CMakeFiles/comp_vision_interfaces__rosidl_typesupport_c__pyext.dir/rosidl_generator_py/comp_vision_interfaces/_comp_vision_interfaces_s.ep.rosidl_typesupport_c.c.o[0m
[3.060s] [ 87%] [32mBuilding C object CMakeFiles/comp_vision_interfaces__rosidl_typesupport_introspection_c__pyext.dir/rosidl_generator_py/comp_vision_interfaces/_comp_vision_interfaces_s.ep.rosidl_typesupport_introspection_c.c.o[0m
[3.060s] [ 90%] [32mBuilding C object CMakeFiles/comp_vision_interfaces__rosidl_typesupport_fastrtps_c__pyext.dir/rosidl_generator_py/comp_vision_interfaces/_comp_vision_interfaces_s.ep.rosidl_typesupport_fastrtps_c.c.o[0m
[3.145s] [ 93%] [32m[1mLinking C shared library rosidl_generator_py/comp_vision_interfaces/comp_vision_interfaces_s__rosidl_typesupport_fastrtps_c.cpython-310-x86_64-linux-gnu.so[0m
[3.148s] [ 96%] [32m[1mLinking C shared library rosidl_generator_py/comp_vision_interfaces/comp_vision_interfaces_s__rosidl_typesupport_introspection_c.cpython-310-x86_64-linux-gnu.so[0m
[3.154s] [100%] [32m[1mLinking C shared library rosidl_generator_py/comp_vision_interfaces/comp_vision_interfaces_s__rosidl_typesupport_c.cpython-310-x86_64-linux-gnu.so[0m
[3.176s] [100%] Built target comp_vision_interfaces__rosidl_typesupport_fastrtps_c__pyext
[3.185s] [100%] Built target comp_vision_interfaces__rosidl_typesupport_introspection_c__pyext
[3.188s] [100%] Built target comp_vision_interfaces__rosidl_typesupport_c__pyext
[3.198s] Invoked command in '/chess_ROS2_humble/ros2_ws/build/comp_vision_interfaces' returned '0': CMAKE_PREFIX_PATH=/opt/ros/humble /usr/bin/cmake --build /chess_ROS2_humble/ros2_ws/build/comp_vision_interfaces -- -j20 -l20
[3.207s] Invoking command in '/chess_ROS2_humble/ros2_ws/build/comp_vision_interfaces': CMAKE_PREFIX_PATH=/opt/ros/humble /usr/bin/cmake --install /chess_ROS2_humble/ros2_ws/build/comp_vision_interfaces
[3.213s] -- Install configuration: ""
[3.213s] -- Installing: /chess_ROS2_humble/ros2_ws/install/comp_vision_interfaces/share/ament_index/resource_index/rosidl_interfaces/comp_vision_interfaces
[3.213s] -- Installing: /chess_ROS2_humble/ros2_ws/install/comp_vision_interfaces/include/comp_vision_interfaces/comp_vision_interfaces
[3.213s] -- Installing: /chess_ROS2_humble/ros2_ws/install/comp_vision_interfaces/include/comp_vision_interfaces/comp_vision_interfaces/msg
[3.213s] -- Installing: /chess_ROS2_humble/ros2_ws/install/comp_vision_interfaces/include/comp_vision_interfaces/comp_vision_interfaces/msg/rosidl_generator_c__visibility_control.h
[3.213s] -- Installing: /chess_ROS2_humble/ros2_ws/install/comp_vision_interfaces/include/comp_vision_interfaces/comp_vision_interfaces/srv
[3.213s] -- Installing: /chess_ROS2_humble/ros2_ws/install/comp_vision_interfaces/include/comp_vision_interfaces/comp_vision_interfaces/srv/get_fen.h
[3.213s] -- Installing: /chess_ROS2_humble/ros2_ws/install/comp_vision_interfaces/include/comp_vision_interfaces/comp_vision_interfaces/srv/detail
[3.213s] -- Installing: /chess_ROS2_humble/ros2_ws/install/comp_vision_interfaces/include/comp_vision_interfaces/comp_vision_interfaces/srv/detail/get_fen__functions.c
[3.213s] -- Installing: /chess_ROS2_humble/ros2_ws/install/comp_vision_interfaces/include/comp_vision_interfaces/comp_vision_interfaces/srv/detail/get_fen__functions.h
[3.214s] -- Installing: /chess_ROS2_humble/ros2_ws/install/comp_vision_interfaces/include/comp_vision_interfaces/comp_vision_interfaces/srv/detail/get_fen__struct.h
[3.214s] -- Installing: /chess_ROS2_humble/ros2_ws/install/comp_vision_interfaces/include/comp_vision_interfaces/comp_vision_interfaces/srv/detail/get_fen__type_support.h
[3.214s] -- Installing: /chess_ROS2_humble/ros2_ws/install/comp_vision_interfaces/share/comp_vision_interfaces/environment/library_path.sh
[3.214s] -- Installing: /chess_ROS2_humble/ros2_ws/install/comp_vision_interfaces/share/comp_vision_interfaces/environment/library_path.dsv
[3.214s] -- Installing: /chess_ROS2_humble/ros2_ws/install/comp_vision_interfaces/lib/libcomp_vision_interfaces__rosidl_generator_c.so
[3.215s] -- Set runtime path of "/chess_ROS2_humble/ros2_ws/install/comp_vision_interfaces/lib/libcomp_vision_interfaces__rosidl_generator_c.so" to ""
[3.215s] -- Up-to-date: /chess_ROS2_humble/ros2_ws/install/comp_vision_interfaces/include/comp_vision_interfaces/comp_vision_interfaces
[3.215s] -- Up-to-date: /chess_ROS2_humble/ros2_ws/install/comp_vision_interfaces/include/comp_vision_interfaces/comp_vision_interfaces/msg
[3.215s] -- Installing: /chess_ROS2_humble/ros2_ws/install/comp_vision_interfaces/include/comp_vision_interfaces/comp_vision_interfaces/msg/rosidl_typesupport_fastrtps_c__visibility_control.h
[3.215s] -- Up-to-date: /chess_ROS2_humble/ros2_ws/install/comp_vision_interfaces/include/comp_vision_interfaces/comp_vision_interfaces/srv
[3.215s] -- Up-to-date: /chess_ROS2_humble/ros2_ws/install/comp_vision_interfaces/include/comp_vision_interfaces/comp_vision_interfaces/srv/detail
[3.215s] -- Installing: /chess_ROS2_humble/ros2_ws/install/comp_vision_interfaces/include/comp_vision_interfaces/comp_vision_interfaces/srv/detail/get_fen__rosidl_typesupport_fastrtps_c.h
[3.215s] -- Installing: /chess_ROS2_humble/ros2_ws/install/comp_vision_interfaces/lib/libcomp_vision_interfaces__rosidl_typesupport_fastrtps_c.so
[3.216s] -- Set runtime path of "/chess_ROS2_humble/ros2_ws/install/comp_vision_interfaces/lib/libcomp_vision_interfaces__rosidl_typesupport_fastrtps_c.so" to ""
[3.216s] -- Up-to-date: /chess_ROS2_humble/ros2_ws/install/comp_vision_interfaces/include/comp_vision_interfaces/comp_vision_interfaces
[3.216s] -- Up-to-date: /chess_ROS2_humble/ros2_ws/install/comp_vision_interfaces/include/comp_vision_interfaces/comp_vision_interfaces/msg
[3.216s] -- Installing: /chess_ROS2_humble/ros2_ws/install/comp_vision_interfaces/include/comp_vision_interfaces/comp_vision_interfaces/msg/rosidl_generator_cpp__visibility_control.hpp
[3.216s] -- Up-to-date: /chess_ROS2_humble/ros2_ws/install/comp_vision_interfaces/include/comp_vision_interfaces/comp_vision_interfaces/srv
[3.216s] -- Installing: /chess_ROS2_humble/ros2_ws/install/comp_vision_interfaces/include/comp_vision_interfaces/comp_vision_interfaces/srv/get_fen.hpp
[3.216s] -- Up-to-date: /chess_ROS2_humble/ros2_ws/install/comp_vision_interfaces/include/comp_vision_interfaces/comp_vision_interfaces/srv/detail
[3.216s] -- Installing: /chess_ROS2_humble/ros2_ws/install/comp_vision_interfaces/include/comp_vision_interfaces/comp_vision_interfaces/srv/detail/get_fen__builder.hpp
[3.216s] -- Installing: /chess_ROS2_humble/ros2_ws/install/comp_vision_interfaces/include/comp_vision_interfaces/comp_vision_interfaces/srv/detail/get_fen__struct.hpp
[3.217s] -- Installing: /chess_ROS2_humble/ros2_ws/install/comp_vision_interfaces/include/comp_vision_interfaces/comp_vision_interfaces/srv/detail/get_fen__traits.hpp
[3.217s] -- Installing: /chess_ROS2_humble/ros2_ws/install/comp_vision_interfaces/include/comp_vision_interfaces/comp_vision_interfaces/srv/detail/get_fen__type_support.hpp
[3.217s] -- Up-to-date: /chess_ROS2_humble/ros2_ws/install/comp_vision_interfaces/include/comp_vision_interfaces/comp_vision_interfaces
[3.217s] -- Up-to-date: /chess_ROS2_humble/ros2_ws/install/comp_vision_interfaces/include/comp_vision_interfaces/comp_vision_interfaces/msg
[3.217s] -- Installing: /chess_ROS2_humble/ros2_ws/install/comp_vision_interfaces/include/comp_vision_interfaces/comp_vision_interfaces/msg/rosidl_typesupport_fastrtps_cpp__visibility_control.h
[3.217s] -- Up-to-date: /chess_ROS2_humble/ros2_ws/install/comp_vision_interfaces/include/comp_vision_interfaces/comp_vision_interfaces/srv
[3.217s] -- Up-to-date: /chess_ROS2_humble/ros2_ws/install/comp_vision_interfaces/include/comp_vision_interfaces/comp_vision_interfaces/srv/detail
[3.217s] -- Installing: /chess_ROS2_humble/ros2_ws/install/comp_vision_interfaces/include/comp_vision_interfaces/comp_vision_interfaces/srv/detail/get_fen__rosidl_typesupport_fastrtps_cpp.hpp
[3.217s] -- Installing: /chess_ROS2_humble/ros2_ws/install/comp_vision_interfaces/include/comp_vision_interfaces/comp_vision_interfaces/srv/detail/dds_fastrtps
[3.217s] -- Installing: /chess_ROS2_humble/ros2_ws/install/comp_vision_interfaces/lib/libcomp_vision_interfaces__rosidl_typesupport_fastrtps_cpp.so
[3.218s] -- Set runtime path of "/chess_ROS2_humble/ros2_ws/install/comp_vision_interfaces/lib/libcomp_vision_interfaces__rosidl_typesupport_fastrtps_cpp.so" to ""
[3.218s] -- Up-to-date: /chess_ROS2_humble/ros2_ws/install/comp_vision_interfaces/include/comp_vision_interfaces/comp_vision_interfaces
[3.218s] -- Up-to-date: /chess_ROS2_humble/ros2_ws/install/comp_vision_interfaces/include/comp_vision_interfaces/comp_vision_interfaces/msg
[3.218s] -- Installing: /chess_ROS2_humble/ros2_ws/install/comp_vision_interfaces/include/comp_vision_interfaces/comp_vision_interfaces/msg/rosidl_typesupport_introspection_c__visibility_control.h
[3.218s] -- Up-to-date: /chess_ROS2_humble/ros2_ws/install/comp_vision_interfaces/include/comp_vision_interfaces/comp_vision_interfaces/srv
[3.218s] -- Up-to-date: /chess_ROS2_humble/ros2_ws/install/comp_vision_interfaces/include/comp_vision_interfaces/comp_vision_interfaces/srv/detail
[3.218s] -- Installing: /chess_ROS2_humble/ros2_ws/install/comp_vision_interfaces/include/comp_vision_interfaces/comp_vision_interfaces/srv/detail/get_fen__rosidl_typesupport_introspection_c.h
[3.218s] -- Installing: /chess_ROS2_humble/ros2_ws/install/comp_vision_interfaces/include/comp_vision_interfaces/comp_vision_interfaces/srv/detail/get_fen__type_support.c
[3.218s] -- Installing: /chess_ROS2_humble/ros2_ws/install/comp_vision_interfaces/lib/libcomp_vision_interfaces__rosidl_typesupport_introspection_c.so
[3.218s] -- Set runtime path of "/chess_ROS2_humble/ros2_ws/install/comp_vision_interfaces/lib/libcomp_vision_interfaces__rosidl_typesupport_introspection_c.so" to ""
[3.218s] -- Installing: /chess_ROS2_humble/ros2_ws/install/comp_vision_interfaces/lib/libcomp_vision_interfaces__rosidl_typesupport_c.so
[3.219s] -- Set runtime path of "/chess_ROS2_humble/ros2_ws/install/comp_vision_interfaces/lib/libcomp_vision_interfaces__rosidl_typesupport_c.so" to ""
[3.219s] -- Up-to-date: /chess_ROS2_humble/ros2_ws/install/comp_vision_interfaces/include/comp_vision_interfaces/comp_vision_interfaces
[3.219s] -- Up-to-date: /chess_ROS2_humble/ros2_ws/install/comp_vision_interfaces/include/comp_vision_interfaces/comp_vision_interfaces/srv
[3.219s] -- Up-to-date: /chess_ROS2_humble/ros2_ws/install/comp_vision_interfaces/include/comp_vision_interfaces/comp_vision_interfaces/srv/detail
[3.219s] -- Installing: /chess_ROS2_humble/ros2_ws/install/comp_vision_interfaces/include/comp_vision_interfaces/comp_vision_interfaces/srv/detail/get_fen__rosidl_typesupport_introspection_cpp.hpp
[3.219s] -- Installing: /chess_ROS2_humble/ros2_ws/install/comp_vision_interfaces/include/comp_vision_interfaces/comp_vision_interfaces/srv/detail/get_fen__type_support.cpp
[3.219s] -- Installing: /chess_ROS2_humble/ros2_ws/install/comp_vision_interfaces/lib/libcomp_vision_interfaces__rosidl_typesupport_introspection_cpp.so
[3.220s] -- Set runtime path of "/chess_ROS2_humble/ros2_ws/install/comp_vision_interfaces/lib/libcomp_vision_interfaces__rosidl_typesupport_introspection_cpp.so" to ""
[3.220s] -- Installing: /chess_ROS2_humble/ros2_ws/install/comp_vision_interfaces/lib/libcomp_vision_interfaces__rosidl_typesupport_cpp.so
[3.220s] -- Set runtime path of "/chess_ROS2_humble/ros2_ws/install/comp_vision_interfaces/lib/libcomp_vision_interfaces__rosidl_typesupport_cpp.so" to ""
[3.220s] -- Installing: /chess_ROS2_humble/ros2_ws/install/comp_vision_interfaces/share/comp_vision_interfaces/environment/pythonpath.sh
[3.220s] -- Installing: /chess_ROS2_humble/ros2_ws/install/comp_vision_interfaces/share/comp_vision_interfaces/environment/pythonpath.dsv
[3.220s] -- Installing: /chess_ROS2_humble/ros2_ws/install/comp_vision_interfaces/local/lib/python3.10/dist-packages/comp_vision_interfaces-0.0.0-py3.10.egg-info
[3.220s] -- Installing: /chess_ROS2_humble/ros2_ws/install/comp_vision_interfaces/local/lib/python3.10/dist-packages/comp_vision_interfaces-0.0.0-py3.10.egg-info/PKG-INFO
[3.221s] -- Installing: /chess_ROS2_humble/ros2_ws/install/comp_vision_interfaces/local/lib/python3.10/dist-packages/comp_vision_interfaces-0.0.0-py3.10.egg-info/dependency_links.txt
[3.221s] -- Installing: /chess_ROS2_humble/ros2_ws/install/comp_vision_interfaces/local/lib/python3.10/dist-packages/comp_vision_interfaces-0.0.0-py3.10.egg-info/top_level.txt
[3.221s] -- Installing: /chess_ROS2_humble/ros2_ws/install/comp_vision_interfaces/local/lib/python3.10/dist-packages/comp_vision_interfaces-0.0.0-py3.10.egg-info/SOURCES.txt
[3.221s] -- Installing: /chess_ROS2_humble/ros2_ws/install/comp_vision_interfaces/local/lib/python3.10/dist-packages/comp_vision_interfaces
[3.221s] -- Installing: /chess_ROS2_humble/ros2_ws/install/comp_vision_interfaces/local/lib/python3.10/dist-packages/comp_vision_interfaces/__init__.py
[3.221s] -- Installing: /chess_ROS2_humble/ros2_ws/install/comp_vision_interfaces/local/lib/python3.10/dist-packages/comp_vision_interfaces/srv
[3.221s] -- Installing: /chess_ROS2_humble/ros2_ws/install/comp_vision_interfaces/local/lib/python3.10/dist-packages/comp_vision_interfaces/srv/_get_fen.py
[3.221s] -- Installing: /chess_ROS2_humble/ros2_ws/install/comp_vision_interfaces/local/lib/python3.10/dist-packages/comp_vision_interfaces/srv/_get_fen_s.c
[3.221s] -- Installing: /chess_ROS2_humble/ros2_ws/install/comp_vision_interfaces/local/lib/python3.10/dist-packages/comp_vision_interfaces/srv/__init__.py
[3.221s] -- Installing: /chess_ROS2_humble/ros2_ws/install/comp_vision_interfaces/local/lib/python3.10/dist-packages/comp_vision_interfaces/_comp_vision_interfaces_s.ep.rosidl_typesupport_fastrtps_c.c
[3.221s] -- Installing: /chess_ROS2_humble/ros2_ws/install/comp_vision_interfaces/local/lib/python3.10/dist-packages/comp_vision_interfaces/_comp_vision_interfaces_s.ep.rosidl_typesupport_introspection_c.c
[3.221s] -- Installing: /chess_ROS2_humble/ros2_ws/install/comp_vision_interfaces/local/lib/python3.10/dist-packages/comp_vision_interfaces/_comp_vision_interfaces_s.ep.rosidl_typesupport_c.c
[3.222s] -- Installing: /chess_ROS2_humble/ros2_ws/install/comp_vision_interfaces/local/lib/python3.10/dist-packages/comp_vision_interfaces/libcomp_vision_interfaces__rosidl_generator_py.so
[3.222s] -- Installing: /chess_ROS2_humble/ros2_ws/install/comp_vision_interfaces/local/lib/python3.10/dist-packages/comp_vision_interfaces/comp_vision_interfaces_s__rosidl_typesupport_fastrtps_c.cpython-310-x86_64-linux-gnu.so
[3.222s] -- Installing: /chess_ROS2_humble/ros2_ws/install/comp_vision_interfaces/local/lib/python3.10/dist-packages/comp_vision_interfaces/comp_vision_interfaces_s__rosidl_typesupport_introspection_c.cpython-310-x86_64-linux-gnu.so
[3.222s] -- Installing: /chess_ROS2_humble/ros2_ws/install/comp_vision_interfaces/local/lib/python3.10/dist-packages/comp_vision_interfaces/comp_vision_interfaces_s__rosidl_typesupport_c.cpython-310-x86_64-linux-gnu.so
[3.248s] Listing '/chess_ROS2_humble/ros2_ws/install/comp_vision_interfaces/local/lib/python3.10/dist-packages/comp_vision_interfaces'...
[3.248s] Compiling '/chess_ROS2_humble/ros2_ws/install/comp_vision_interfaces/local/lib/python3.10/dist-packages/comp_vision_interfaces/__init__.py'...
[3.248s] Listing '/chess_ROS2_humble/ros2_ws/install/comp_vision_interfaces/local/lib/python3.10/dist-packages/comp_vision_interfaces/srv'...
[3.248s] Compiling '/chess_ROS2_humble/ros2_ws/install/comp_vision_interfaces/local/lib/python3.10/dist-packages/comp_vision_interfaces/srv/__init__.py'...
[3.248s] Compiling '/chess_ROS2_humble/ros2_ws/install/comp_vision_interfaces/local/lib/python3.10/dist-packages/comp_vision_interfaces/srv/_get_fen.py'...
[3.252s] -- Installing: /chess_ROS2_humble/ros2_ws/install/comp_vision_interfaces/local/lib/python3.10/dist-packages/comp_vision_interfaces/comp_vision_interfaces_s__rosidl_typesupport_fastrtps_c.cpython-310-x86_64-linux-gnu.so
[3.252s] -- Set runtime path of "/chess_ROS2_humble/ros2_ws/install/comp_vision_interfaces/local/lib/python3.10/dist-packages/comp_vision_interfaces/comp_vision_interfaces_s__rosidl_typesupport_fastrtps_c.cpython-310-x86_64-linux-gnu.so" to ""
[3.252s] -- Installing: /chess_ROS2_humble/ros2_ws/install/comp_vision_interfaces/local/lib/python3.10/dist-packages/comp_vision_interfaces/comp_vision_interfaces_s__rosidl_typesupport_introspection_c.cpython-310-x86_64-linux-gnu.so
[3.252s] -- Set runtime path of "/chess_ROS2_humble/ros2_ws/install/comp_vision_interfaces/local/lib/python3.10/dist-packages/comp_vision_interfaces/comp_vision_interfaces_s__rosidl_typesupport_introspection_c.cpython-310-x86_64-linux-gnu.so" to ""
[3.252s] -- Installing: /chess_ROS2_humble/ros2_ws/install/comp_vision_interfaces/local/lib/python3.10/dist-packages/comp_vision_interfaces/comp_vision_interfaces_s__rosidl_typesupport_c.cpython-310-x86_64-linux-gnu.so
[3.253s] -- Set runtime path of "/chess_ROS2_humble/ros2_ws/install/comp_vision_interfaces/local/lib/python3.10/dist-packages/comp_vision_interfaces/comp_vision_interfaces_s__rosidl_typesupport_c.cpython-310-x86_64-linux-gnu.so" to ""
[3.253s] -- Installing: /chess_ROS2_humble/ros2_ws/install/comp_vision_interfaces/lib/libcomp_vision_interfaces__rosidl_generator_py.so
[3.253s] -- Set runtime path of "/chess_ROS2_humble/ros2_ws/install/comp_vision_interfaces/lib/libcomp_vision_interfaces__rosidl_generator_py.so" to ""
[3.253s] -- Installing: /chess_ROS2_humble/ros2_ws/install/comp_vision_interfaces/share/comp_vision_interfaces/srv/GetFEN.idl
[3.253s] -- Installing: /chess_ROS2_humble/ros2_ws/install/comp_vision_interfaces/share/comp_vision_interfaces/srv/GetFEN.srv
[3.253s] -- Installing: /chess_ROS2_humble/ros2_ws/install/comp_vision_interfaces/share/comp_vision_interfaces/srv/GetFEN_Request.msg
[3.253s] -- Installing: /chess_ROS2_humble/ros2_ws/install/comp_vision_interfaces/share/comp_vision_interfaces/srv/GetFEN_Response.msg
[3.254s] -- Installing: /chess_ROS2_humble/ros2_ws/install/comp_vision_interfaces/share/ament_index/resource_index/package_run_dependencies/comp_vision_interfaces
[3.254s] -- Installing: /chess_ROS2_humble/ros2_ws/install/comp_vision_interfaces/share/ament_index/resource_index/parent_prefix_path/comp_vision_interfaces
[3.254s] -- Installing: /chess_ROS2_humble/ros2_ws/install/comp_vision_interfaces/share/comp_vision_interfaces/environment/ament_prefix_path.sh
[3.254s] -- Installing: /chess_ROS2_humble/ros2_ws/install/comp_vision_interfaces/share/comp_vision_interfaces/environment/ament_prefix_path.dsv
[3.254s] -- Installing: /chess_ROS2_humble/ros2_ws/install/comp_vision_interfaces/share/comp_vision_interfaces/environment/path.sh
[3.254s] -- Installing: /chess_ROS2_humble/ros2_ws/install/comp_vision_interfaces/share/comp_vision_interfaces/environment/path.dsv
[3.254s] -- Installing: /chess_ROS2_humble/ros2_ws/install/comp_vision_interfaces/share/comp_vision_interfaces/local_setup.bash
[3.254s] -- Installing: /chess_ROS2_humble/ros2_ws/install/comp_vision_interfaces/share/comp_vision_interfaces/local_setup.sh
[3.254s] -- Installing: /chess_ROS2_humble/ros2_ws/install/comp_vision_interfaces/share/comp_vision_interfaces/local_setup.zsh
[3.254s] -- Installing: /chess_ROS2_humble/ros2_ws/install/comp_vision_interfaces/share/comp_vision_interfaces/local_setup.dsv
[3.255s] -- Installing: /chess_ROS2_humble/ros2_ws/install/comp_vision_interfaces/share/comp_vision_interfaces/package.dsv
[3.255s] -- Installing: /chess_ROS2_humble/ros2_ws/install/comp_vision_interfaces/share/ament_index/resource_index/packages/comp_vision_interfaces
[3.255s] -- Installing: /chess_ROS2_humble/ros2_ws/install/comp_vision_interfaces/share/comp_vision_interfaces/cmake/export_comp_vision_interfaces__rosidl_generator_cExport.cmake
[3.255s] -- Installing: /chess_ROS2_humble/ros2_ws/install/comp_vision_interfaces/share/comp_vision_interfaces/cmake/export_comp_vision_interfaces__rosidl_generator_cExport-noconfig.cmake
[3.255s] -- Installing: /chess_ROS2_humble/ros2_ws/install/comp_vision_interfaces/share/comp_vision_interfaces/cmake/export_comp_vision_interfaces__rosidl_typesupport_fastrtps_cExport.cmake
[3.255s] -- Installing: /chess_ROS2_humble/ros2_ws/install/comp_vision_interfaces/share/comp_vision_interfaces/cmake/export_comp_vision_interfaces__rosidl_typesupport_fastrtps_cExport-noconfig.cmake
[3.255s] -- Installing: /chess_ROS2_humble/ros2_ws/install/comp_vision_interfaces/share/comp_vision_interfaces/cmake/export_comp_vision_interfaces__rosidl_generator_cppExport.cmake
[3.255s] -- Installing: /chess_ROS2_humble/ros2_ws/install/comp_vision_interfaces/share/comp_vision_interfaces/cmake/export_comp_vision_interfaces__rosidl_typesupport_fastrtps_cppExport.cmake
[3.255s] -- Installing: /chess_ROS2_humble/ros2_ws/install/comp_vision_interfaces/share/comp_vision_interfaces/cmake/export_comp_vision_interfaces__rosidl_typesupport_fastrtps_cppExport-noconfig.cmake
[3.255s] -- Installing: /chess_ROS2_humble/ros2_ws/install/comp_vision_interfaces/share/comp_vision_interfaces/cmake/comp_vision_interfaces__rosidl_typesupport_introspection_cExport.cmake
[3.255s] -- Installing: /chess_ROS2_humble/ros2_ws/install/comp_vision_interfaces/share/comp_vision_interfaces/cmake/comp_vision_interfaces__rosidl_typesupport_introspection_cExport-noconfig.cmake
[3.256s] -- Installing: /chess_ROS2_humble/ros2_ws/install/comp_vision_interfaces/share/comp_vision_interfaces/cmake/comp_vision_interfaces__rosidl_typesupport_cExport.cmake
[3.256s] -- Installing: /chess_ROS2_humble/ros2_ws/install/comp_vision_interfaces/share/comp_vision_interfaces/cmake/comp_vision_interfaces__rosidl_typesupport_cExport-noconfig.cmake
[3.256s] -- Installing: /chess_ROS2_humble/ros2_ws/install/comp_vision_interfaces/share/comp_vision_interfaces/cmake/comp_vision_interfaces__rosidl_typesupport_introspection_cppExport.cmake
[3.256s] -- Installing: /chess_ROS2_humble/ros2_ws/install/comp_vision_interfaces/share/comp_vision_interfaces/cmake/comp_vision_interfaces__rosidl_typesupport_introspection_cppExport-noconfig.cmake
[3.256s] -- Installing: /chess_ROS2_humble/ros2_ws/install/comp_vision_interfaces/share/comp_vision_interfaces/cmake/comp_vision_interfaces__rosidl_typesupport_cppExport.cmake
[3.257s] -- Installing: /chess_ROS2_humble/ros2_ws/install/comp_vision_interfaces/share/comp_vision_interfaces/cmake/comp_vision_interfaces__rosidl_typesupport_cppExport-noconfig.cmake
[3.257s] -- Installing: /chess_ROS2_humble/ros2_ws/install/comp_vision_interfaces/share/comp_vision_interfaces/cmake/export_comp_vision_interfaces__rosidl_generator_pyExport.cmake
[3.257s] -- Installing: /chess_ROS2_humble/ros2_ws/install/comp_vision_interfaces/share/comp_vision_interfaces/cmake/export_comp_vision_interfaces__rosidl_generator_pyExport-noconfig.cmake
[3.257s] -- Installing: /chess_ROS2_humble/ros2_ws/install/comp_vision_interfaces/share/comp_vision_interfaces/cmake/rosidl_cmake-extras.cmake
[3.257s] -- Installing: /chess_ROS2_humble/ros2_ws/install/comp_vision_interfaces/share/comp_vision_interfaces/cmake/ament_cmake_export_dependencies-extras.cmake
[3.257s] -- Installing: /chess_ROS2_humble/ros2_ws/install/comp_vision_interfaces/share/comp_vision_interfaces/cmake/ament_cmake_export_include_directories-extras.cmake
[3.257s] -- Installing: /chess_ROS2_humble/ros2_ws/install/comp_vision_interfaces/share/comp_vision_interfaces/cmake/ament_cmake_export_libraries-extras.cmake
[3.257s] -- Installing: /chess_ROS2_humble/ros2_ws/install/comp_vision_interfaces/share/comp_vision_interfaces/cmake/ament_cmake_export_targets-extras.cmake
[3.258s] -- Installing: /chess_ROS2_humble/ros2_ws/install/comp_vision_interfaces/share/comp_vision_interfaces/cmake/rosidl_cmake_export_typesupport_targets-extras.cmake
[3.258s] -- Installing: /chess_ROS2_humble/ros2_ws/install/comp_vision_interfaces/share/comp_vision_interfaces/cmake/rosidl_cmake_export_typesupport_libraries-extras.cmake
[3.258s] -- Installing: /chess_ROS2_humble/ros2_ws/install/comp_vision_interfaces/share/comp_vision_interfaces/cmake/comp_vision_interfacesConfig.cmake
[3.258s] -- Installing: /chess_ROS2_humble/ros2_ws/install/comp_vision_interfaces/share/comp_vision_interfaces/cmake/comp_vision_interfacesConfig-version.cmake
[3.258s] -- Installing: /chess_ROS2_humble/ros2_ws/install/comp_vision_interfaces/share/comp_vision_interfaces/package.xml
[3.260s] Invoked command in '/chess_ROS2_humble/ros2_ws/build/comp_vision_interfaces' returned '0': CMAKE_PREFIX_PATH=/opt/ros/humble /usr/bin/cmake --install /chess_ROS2_humble/ros2_ws/build/comp_vision_interfaces
