[0.717s] Invoking command in '/chess_ROS2_humble/ros2_ws/src/move': LD_LIBRARY_PATH=/chess_ROS2_humble/ros2_ws/install/interfaces/lib:/chess_ROS2_humble/ros2_ws/install/comp_vision_interfaces/lib:/usr/lib/x86_64-linux-gnu/gazebo-11/plugins:/opt/ros/humble/opt/rviz_ogre_vendor/lib:/opt/ros/humble/lib/x86_64-linux-gnu:/opt/ros/humble/lib:/usr/lib/x86_64-linux-gnu/gazebo-11/plugins:/usr/lib/x86_64-linux-gnu/gazebo-11/plugins:/usr/lib/x86_64-linux-gnu/gazebo-11/plugins PYTHONPATH=/chess_ROS2_humble/ros2_ws/build/move/prefix_override:/usr/lib/python3/dist-packages/colcon_core/task/python/colcon_distutils_commands:/chess_ROS2_humble/ros2_ws/install/move/lib/python3.10/site-packages:${PYTHONPATH} /usr/bin/python3 -W ignore:setup.py install is deprecated -W ignore:easy_install command is deprecated setup.py egg_info --egg-base ../../build/move build --build-base /chess_ROS2_humble/ros2_ws/build/move/build install --record /chess_ROS2_humble/ros2_ws/build/move/install.log --single-version-externally-managed install_data
[0.866s] running egg_info
[0.866s] writing ../../build/move/move.egg-info/PKG-INFO
[0.866s] writing dependency_links to ../../build/move/move.egg-info/dependency_links.txt
[0.866s] writing entry points to ../../build/move/move.egg-info/entry_points.txt
[0.866s] writing requirements to ../../build/move/move.egg-info/requires.txt
[0.866s] writing top-level names to ../../build/move/move.egg-info/top_level.txt
[0.867s] reading manifest file '../../build/move/move.egg-info/SOURCES.txt'
[0.868s] writing manifest file '../../build/move/move.egg-info/SOURCES.txt'
[0.868s] running build
[0.868s] running build_py
[0.868s] copying move/move.py -> /chess_ROS2_humble/ros2_ws/build/move/build/lib/move
[0.868s] running install
[0.868s] running install_lib
[0.869s] copying /chess_ROS2_humble/ros2_ws/build/move/build/lib/move/move.py -> /chess_ROS2_humble/ros2_ws/install/move/lib/python3.10/site-packages/move
[0.869s] byte-compiling /chess_ROS2_humble/ros2_ws/install/move/lib/python3.10/site-packages/move/move.py to move.cpython-310.pyc
[0.870s] running install_data
[0.870s] running install_egg_info
[0.871s] removing '/chess_ROS2_humble/ros2_ws/install/move/lib/python3.10/site-packages/move-0.0.0-py3.10.egg-info' (and everything under it)
[0.871s] Copying ../../build/move/move.egg-info to /chess_ROS2_humble/ros2_ws/install/move/lib/python3.10/site-packages/move-0.0.0-py3.10.egg-info
[0.871s] running install_scripts
[0.887s] Installing move script to /chess_ROS2_humble/ros2_ws/install/move/lib/move
[0.887s] writing list of installed files to '/chess_ROS2_humble/ros2_ws/build/move/install.log'
[0.911s] Invoked command in '/chess_ROS2_humble/ros2_ws/src/move' returned '0': LD_LIBRARY_PATH=/chess_ROS2_humble/ros2_ws/install/interfaces/lib:/chess_ROS2_humble/ros2_ws/install/comp_vision_interfaces/lib:/usr/lib/x86_64-linux-gnu/gazebo-11/plugins:/opt/ros/humble/opt/rviz_ogre_vendor/lib:/opt/ros/humble/lib/x86_64-linux-gnu:/opt/ros/humble/lib:/usr/lib/x86_64-linux-gnu/gazebo-11/plugins:/usr/lib/x86_64-linux-gnu/gazebo-11/plugins:/usr/lib/x86_64-linux-gnu/gazebo-11/plugins PYTHONPATH=/chess_ROS2_humble/ros2_ws/build/move/prefix_override:/usr/lib/python3/dist-packages/colcon_core/task/python/colcon_distutils_commands:/chess_ROS2_humble/ros2_ws/install/move/lib/python3.10/site-packages:${PYTHONPATH} /usr/bin/python3 -W ignore:setup.py install is deprecated -W ignore:easy_install command is deprecated setup.py egg_info --egg-base ../../build/move build --build-base /chess_ROS2_humble/ros2_ws/build/move/build install --record /chess_ROS2_humble/ros2_ws/build/move/install.log --single-version-externally-managed install_data
