[ 10%] Built target interfaces__rosidl_generator_c
[ 12%] Built target interfaces__cpp
[ 12%] Built target ament_cmake_python_copy_interfaces
[ 23%] Built target interfaces__rosidl_typesupport_c
[ 34%] Built target interfaces__rosidl_typesupport_introspection_c
[ 44%] Built target interfaces__rosidl_typesupport_cpp
[ 55%] Built target interfaces__rosidl_typesupport_introspection_cpp
[ 65%] Built target interfaces__rosidl_typesupport_fastrtps_c
[ 76%] Built target interfaces__rosidl_typesupport_fastrtps_cpp
[ 76%] Built target interfaces
[ 78%] Built target interfaces__py
[ 87%] Built target interfaces__rosidl_generator_py
[ 91%] Built target interfaces__rosidl_typesupport_c__pyext
[100%] Built target interfaces__rosidl_typesupport_introspection_c__pyext
[100%] Built target interfaces__rosidl_typesupport_fastrtps_c__pyext
running egg_info
writing interfaces.egg-info/PKG-INFO
writing dependency_links to interfaces.egg-info/dependency_links.txt
writing top-level names to interfaces.egg-info/top_level.txt
reading manifest file 'interfaces.egg-info/SOURCES.txt'
writing manifest file 'interfaces.egg-info/SOURCES.txt'
[100%] Built target ament_cmake_python_build_interfaces_egg
-- Install configuration: ""
-- Up-to-date: /chess_ROS2_humble/ros2_ws/install/interfaces/share/ament_index/resource_index/rosidl_interfaces/interfaces
-- Up-to-date: /chess_ROS2_humble/ros2_ws/install/interfaces/include/interfaces/interfaces
-- Up-to-date: /chess_ROS2_humble/ros2_ws/install/interfaces/include/interfaces/interfaces/msg
-- Up-to-date: /chess_ROS2_humble/ros2_ws/install/interfaces/include/interfaces/interfaces/msg/rosidl_generator_c__visibility_control.h
-- Up-to-date: /chess_ROS2_humble/ros2_ws/install/interfaces/include/interfaces/interfaces/srv
-- Installing: /chess_ROS2_humble/ros2_ws/install/interfaces/include/interfaces/interfaces/srv/get_fen.h
-- Up-to-date: /chess_ROS2_humble/ros2_ws/install/interfaces/include/interfaces/interfaces/srv/detail
-- Installing: /chess_ROS2_humble/ros2_ws/install/interfaces/include/interfaces/interfaces/srv/detail/get_fen__functions.c
-- Installing: /chess_ROS2_humble/ros2_ws/install/interfaces/include/interfaces/interfaces/srv/detail/get_fen__functions.h
-- Installing: /chess_ROS2_humble/ros2_ws/install/interfaces/include/interfaces/interfaces/srv/detail/get_fen__struct.h
-- Installing: /chess_ROS2_humble/ros2_ws/install/interfaces/include/interfaces/interfaces/srv/detail/get_fen__type_support.h
-- Installing: /chess_ROS2_humble/ros2_ws/install/interfaces/include/interfaces/interfaces/srv/detail/get_move__functions.c
-- Installing: /chess_ROS2_humble/ros2_ws/install/interfaces/include/interfaces/interfaces/srv/detail/get_move__functions.h
-- Installing: /chess_ROS2_humble/ros2_ws/install/interfaces/include/interfaces/interfaces/srv/detail/get_move__struct.h
-- Installing: /chess_ROS2_humble/ros2_ws/install/interfaces/include/interfaces/interfaces/srv/detail/get_move__type_support.h
-- Installing: /chess_ROS2_humble/ros2_ws/install/interfaces/include/interfaces/interfaces/srv/detail/move__functions.c
-- Installing: /chess_ROS2_humble/ros2_ws/install/interfaces/include/interfaces/interfaces/srv/detail/move__functions.h
-- Installing: /chess_ROS2_humble/ros2_ws/install/interfaces/include/interfaces/interfaces/srv/detail/move__struct.h
-- Installing: /chess_ROS2_humble/ros2_ws/install/interfaces/include/interfaces/interfaces/srv/detail/move__type_support.h
-- Installing: /chess_ROS2_humble/ros2_ws/install/interfaces/include/interfaces/interfaces/srv/get_move.h
-- Installing: /chess_ROS2_humble/ros2_ws/install/interfaces/include/interfaces/interfaces/srv/move.h
-- Up-to-date: /chess_ROS2_humble/ros2_ws/install/interfaces/share/interfaces/environment/library_path.sh
-- Installing: /chess_ROS2_humble/ros2_ws/install/interfaces/share/interfaces/environment/library_path.dsv
-- Installing: /chess_ROS2_humble/ros2_ws/install/interfaces/lib/libinterfaces__rosidl_generator_c.so
-- Set runtime path of "/chess_ROS2_humble/ros2_ws/install/interfaces/lib/libinterfaces__rosidl_generator_c.so" to ""
-- Up-to-date: /chess_ROS2_humble/ros2_ws/install/interfaces/include/interfaces/interfaces
-- Up-to-date: /chess_ROS2_humble/ros2_ws/install/interfaces/include/interfaces/interfaces/msg
-- Up-to-date: /chess_ROS2_humble/ros2_ws/install/interfaces/include/interfaces/interfaces/msg/rosidl_typesupport_fastrtps_c__visibility_control.h
-- Up-to-date: /chess_ROS2_humble/ros2_ws/install/interfaces/include/interfaces/interfaces/srv
-- Up-to-date: /chess_ROS2_humble/ros2_ws/install/interfaces/include/interfaces/interfaces/srv/detail
-- Installing: /chess_ROS2_humble/ros2_ws/install/interfaces/include/interfaces/interfaces/srv/detail/get_fen__rosidl_typesupport_fastrtps_c.h
-- Installing: /chess_ROS2_humble/ros2_ws/install/interfaces/include/interfaces/interfaces/srv/detail/get_move__rosidl_typesupport_fastrtps_c.h
-- Installing: /chess_ROS2_humble/ros2_ws/install/interfaces/include/interfaces/interfaces/srv/detail/move__rosidl_typesupport_fastrtps_c.h
-- Installing: /chess_ROS2_humble/ros2_ws/install/interfaces/lib/libinterfaces__rosidl_typesupport_fastrtps_c.so
-- Set runtime path of "/chess_ROS2_humble/ros2_ws/install/interfaces/lib/libinterfaces__rosidl_typesupport_fastrtps_c.so" to ""
-- Up-to-date: /chess_ROS2_humble/ros2_ws/install/interfaces/include/interfaces/interfaces
-- Up-to-date: /chess_ROS2_humble/ros2_ws/install/interfaces/include/interfaces/interfaces/msg
-- Up-to-date: /chess_ROS2_humble/ros2_ws/install/interfaces/include/interfaces/interfaces/msg/rosidl_generator_cpp__visibility_control.hpp
-- Up-to-date: /chess_ROS2_humble/ros2_ws/install/interfaces/include/interfaces/interfaces/srv
-- Installing: /chess_ROS2_humble/ros2_ws/install/interfaces/include/interfaces/interfaces/srv/get_fen.hpp
-- Up-to-date: /chess_ROS2_humble/ros2_ws/install/interfaces/include/interfaces/interfaces/srv/detail
-- Installing: /chess_ROS2_humble/ros2_ws/install/interfaces/include/interfaces/interfaces/srv/detail/get_fen__builder.hpp
-- Installing: /chess_ROS2_humble/ros2_ws/install/interfaces/include/interfaces/interfaces/srv/detail/get_fen__struct.hpp
-- Installing: /chess_ROS2_humble/ros2_ws/install/interfaces/include/interfaces/interfaces/srv/detail/get_fen__traits.hpp
-- Installing: /chess_ROS2_humble/ros2_ws/install/interfaces/include/interfaces/interfaces/srv/detail/get_fen__type_support.hpp
-- Installing: /chess_ROS2_humble/ros2_ws/install/interfaces/include/interfaces/interfaces/srv/detail/get_move__builder.hpp
-- Installing: /chess_ROS2_humble/ros2_ws/install/interfaces/include/interfaces/interfaces/srv/detail/get_move__struct.hpp
-- Installing: /chess_ROS2_humble/ros2_ws/install/interfaces/include/interfaces/interfaces/srv/detail/get_move__traits.hpp
-- Installing: /chess_ROS2_humble/ros2_ws/install/interfaces/include/interfaces/interfaces/srv/detail/get_move__type_support.hpp
-- Installing: /chess_ROS2_humble/ros2_ws/install/interfaces/include/interfaces/interfaces/srv/detail/move__builder.hpp
-- Installing: /chess_ROS2_humble/ros2_ws/install/interfaces/include/interfaces/interfaces/srv/detail/move__struct.hpp
-- Installing: /chess_ROS2_humble/ros2_ws/install/interfaces/include/interfaces/interfaces/srv/detail/move__traits.hpp
-- Installing: /chess_ROS2_humble/ros2_ws/install/interfaces/include/interfaces/interfaces/srv/detail/move__type_support.hpp
-- Installing: /chess_ROS2_humble/ros2_ws/install/interfaces/include/interfaces/interfaces/srv/get_move.hpp
-- Installing: /chess_ROS2_humble/ros2_ws/install/interfaces/include/interfaces/interfaces/srv/move.hpp
-- Up-to-date: /chess_ROS2_humble/ros2_ws/install/interfaces/include/interfaces/interfaces
-- Up-to-date: /chess_ROS2_humble/ros2_ws/install/interfaces/include/interfaces/interfaces/msg
-- Up-to-date: /chess_ROS2_humble/ros2_ws/install/interfaces/include/interfaces/interfaces/msg/rosidl_typesupport_fastrtps_cpp__visibility_control.h
-- Up-to-date: /chess_ROS2_humble/ros2_ws/install/interfaces/include/interfaces/interfaces/srv
-- Up-to-date: /chess_ROS2_humble/ros2_ws/install/interfaces/include/interfaces/interfaces/srv/detail
-- Installing: /chess_ROS2_humble/ros2_ws/install/interfaces/include/interfaces/interfaces/srv/detail/get_fen__rosidl_typesupport_fastrtps_cpp.hpp
-- Up-to-date: /chess_ROS2_humble/ros2_ws/install/interfaces/include/interfaces/interfaces/srv/detail/dds_fastrtps
-- Installing: /chess_ROS2_humble/ros2_ws/install/interfaces/include/interfaces/interfaces/srv/detail/get_move__rosidl_typesupport_fastrtps_cpp.hpp
-- Installing: /chess_ROS2_humble/ros2_ws/install/interfaces/include/interfaces/interfaces/srv/detail/move__rosidl_typesupport_fastrtps_cpp.hpp
-- Installing: /chess_ROS2_humble/ros2_ws/install/interfaces/lib/libinterfaces__rosidl_typesupport_fastrtps_cpp.so
-- Set runtime path of "/chess_ROS2_humble/ros2_ws/install/interfaces/lib/libinterfaces__rosidl_typesupport_fastrtps_cpp.so" to ""
-- Up-to-date: /chess_ROS2_humble/ros2_ws/install/interfaces/include/interfaces/interfaces
-- Up-to-date: /chess_ROS2_humble/ros2_ws/install/interfaces/include/interfaces/interfaces/msg
-- Up-to-date: /chess_ROS2_humble/ros2_ws/install/interfaces/include/interfaces/interfaces/msg/rosidl_typesupport_introspection_c__visibility_control.h
-- Up-to-date: /chess_ROS2_humble/ros2_ws/install/interfaces/include/interfaces/interfaces/srv
-- Up-to-date: /chess_ROS2_humble/ros2_ws/install/interfaces/include/interfaces/interfaces/srv/detail
-- Installing: /chess_ROS2_humble/ros2_ws/install/interfaces/include/interfaces/interfaces/srv/detail/get_fen__rosidl_typesupport_introspection_c.h
-- Installing: /chess_ROS2_humble/ros2_ws/install/interfaces/include/interfaces/interfaces/srv/detail/get_fen__type_support.c
-- Installing: /chess_ROS2_humble/ros2_ws/install/interfaces/include/interfaces/interfaces/srv/detail/get_move__rosidl_typesupport_introspection_c.h
-- Installing: /chess_ROS2_humble/ros2_ws/install/interfaces/include/interfaces/interfaces/srv/detail/get_move__type_support.c
-- Installing: /chess_ROS2_humble/ros2_ws/install/interfaces/include/interfaces/interfaces/srv/detail/move__rosidl_typesupport_introspection_c.h
-- Installing: /chess_ROS2_humble/ros2_ws/install/interfaces/include/interfaces/interfaces/srv/detail/move__type_support.c
-- Installing: /chess_ROS2_humble/ros2_ws/install/interfaces/lib/libinterfaces__rosidl_typesupport_introspection_c.so
-- Set runtime path of "/chess_ROS2_humble/ros2_ws/install/interfaces/lib/libinterfaces__rosidl_typesupport_introspection_c.so" to ""
-- Installing: /chess_ROS2_humble/ros2_ws/install/interfaces/lib/libinterfaces__rosidl_typesupport_c.so
-- Set runtime path of "/chess_ROS2_humble/ros2_ws/install/interfaces/lib/libinterfaces__rosidl_typesupport_c.so" to ""
-- Up-to-date: /chess_ROS2_humble/ros2_ws/install/interfaces/include/interfaces/interfaces
-- Up-to-date: /chess_ROS2_humble/ros2_ws/install/interfaces/include/interfaces/interfaces/srv
-- Up-to-date: /chess_ROS2_humble/ros2_ws/install/interfaces/include/interfaces/interfaces/srv/detail
-- Installing: /chess_ROS2_humble/ros2_ws/install/interfaces/include/interfaces/interfaces/srv/detail/get_fen__rosidl_typesupport_introspection_cpp.hpp
-- Installing: /chess_ROS2_humble/ros2_ws/install/interfaces/include/interfaces/interfaces/srv/detail/get_fen__type_support.cpp
-- Installing: /chess_ROS2_humble/ros2_ws/install/interfaces/include/interfaces/interfaces/srv/detail/get_move__rosidl_typesupport_introspection_cpp.hpp
-- Installing: /chess_ROS2_humble/ros2_ws/install/interfaces/include/interfaces/interfaces/srv/detail/get_move__type_support.cpp
-- Installing: /chess_ROS2_humble/ros2_ws/install/interfaces/include/interfaces/interfaces/srv/detail/move__rosidl_typesupport_introspection_cpp.hpp
-- Installing: /chess_ROS2_humble/ros2_ws/install/interfaces/include/interfaces/interfaces/srv/detail/move__type_support.cpp
-- Installing: /chess_ROS2_humble/ros2_ws/install/interfaces/lib/libinterfaces__rosidl_typesupport_introspection_cpp.so
-- Set runtime path of "/chess_ROS2_humble/ros2_ws/install/interfaces/lib/libinterfaces__rosidl_typesupport_introspection_cpp.so" to ""
-- Installing: /chess_ROS2_humble/ros2_ws/install/interfaces/lib/libinterfaces__rosidl_typesupport_cpp.so
-- Set runtime path of "/chess_ROS2_humble/ros2_ws/install/interfaces/lib/libinterfaces__rosidl_typesupport_cpp.so" to ""
-- Up-to-date: /chess_ROS2_humble/ros2_ws/install/interfaces/share/interfaces/environment/pythonpath.sh
-- Installing: /chess_ROS2_humble/ros2_ws/install/interfaces/share/interfaces/environment/pythonpath.dsv
-- Up-to-date: /chess_ROS2_humble/ros2_ws/install/interfaces/local/lib/python3.10/dist-packages/interfaces-0.0.0-py3.10.egg-info
-- Installing: /chess_ROS2_humble/ros2_ws/install/interfaces/local/lib/python3.10/dist-packages/interfaces-0.0.0-py3.10.egg-info/PKG-INFO
-- Installing: /chess_ROS2_humble/ros2_ws/install/interfaces/local/lib/python3.10/dist-packages/interfaces-0.0.0-py3.10.egg-info/dependency_links.txt
-- Installing: /chess_ROS2_humble/ros2_ws/install/interfaces/local/lib/python3.10/dist-packages/interfaces-0.0.0-py3.10.egg-info/top_level.txt
-- Installing: /chess_ROS2_humble/ros2_ws/install/interfaces/local/lib/python3.10/dist-packages/interfaces-0.0.0-py3.10.egg-info/SOURCES.txt
-- Up-to-date: /chess_ROS2_humble/ros2_ws/install/interfaces/local/lib/python3.10/dist-packages/interfaces
-- Installing: /chess_ROS2_humble/ros2_ws/install/interfaces/local/lib/python3.10/dist-packages/interfaces/__init__.py
-- Up-to-date: /chess_ROS2_humble/ros2_ws/install/interfaces/local/lib/python3.10/dist-packages/interfaces/srv
-- Installing: /chess_ROS2_humble/ros2_ws/install/interfaces/local/lib/python3.10/dist-packages/interfaces/srv/_get_fen.py
-- Installing: /chess_ROS2_humble/ros2_ws/install/interfaces/local/lib/python3.10/dist-packages/interfaces/srv/_get_fen_s.c
-- Installing: /chess_ROS2_humble/ros2_ws/install/interfaces/local/lib/python3.10/dist-packages/interfaces/srv/_get_move.py
-- Installing: /chess_ROS2_humble/ros2_ws/install/interfaces/local/lib/python3.10/dist-packages/interfaces/srv/_get_move_s.c
-- Installing: /chess_ROS2_humble/ros2_ws/install/interfaces/local/lib/python3.10/dist-packages/interfaces/srv/_move.py
-- Installing: /chess_ROS2_humble/ros2_ws/install/interfaces/local/lib/python3.10/dist-packages/interfaces/srv/_move_s.c
-- Installing: /chess_ROS2_humble/ros2_ws/install/interfaces/local/lib/python3.10/dist-packages/interfaces/srv/__init__.py
-- Installing: /chess_ROS2_humble/ros2_ws/install/interfaces/local/lib/python3.10/dist-packages/interfaces/_interfaces_s.ep.rosidl_typesupport_fastrtps_c.c
-- Installing: /chess_ROS2_humble/ros2_ws/install/interfaces/local/lib/python3.10/dist-packages/interfaces/_interfaces_s.ep.rosidl_typesupport_introspection_c.c
-- Installing: /chess_ROS2_humble/ros2_ws/install/interfaces/local/lib/python3.10/dist-packages/interfaces/_interfaces_s.ep.rosidl_typesupport_c.c
-- Installing: /chess_ROS2_humble/ros2_ws/install/interfaces/local/lib/python3.10/dist-packages/interfaces/libinterfaces__rosidl_generator_py.so
-- Installing: /chess_ROS2_humble/ros2_ws/install/interfaces/local/lib/python3.10/dist-packages/interfaces/interfaces_s__rosidl_typesupport_c.cpython-310-x86_64-linux-gnu.so
-- Installing: /chess_ROS2_humble/ros2_ws/install/interfaces/local/lib/python3.10/dist-packages/interfaces/interfaces_s__rosidl_typesupport_introspection_c.cpython-310-x86_64-linux-gnu.so
-- Installing: /chess_ROS2_humble/ros2_ws/install/interfaces/local/lib/python3.10/dist-packages/interfaces/interfaces_s__rosidl_typesupport_fastrtps_c.cpython-310-x86_64-linux-gnu.so
Listing '/chess_ROS2_humble/ros2_ws/install/interfaces/local/lib/python3.10/dist-packages/interfaces'...
Compiling '/chess_ROS2_humble/ros2_ws/install/interfaces/local/lib/python3.10/dist-packages/interfaces/__init__.py'...
Listing '/chess_ROS2_humble/ros2_ws/install/interfaces/local/lib/python3.10/dist-packages/interfaces/srv'...
Compiling '/chess_ROS2_humble/ros2_ws/install/interfaces/local/lib/python3.10/dist-packages/interfaces/srv/__init__.py'...
Compiling '/chess_ROS2_humble/ros2_ws/install/interfaces/local/lib/python3.10/dist-packages/interfaces/srv/_get_fen.py'...
Compiling '/chess_ROS2_humble/ros2_ws/install/interfaces/local/lib/python3.10/dist-packages/interfaces/srv/_get_move.py'...
Compiling '/chess_ROS2_humble/ros2_ws/install/interfaces/local/lib/python3.10/dist-packages/interfaces/srv/_move.py'...
-- Installing: /chess_ROS2_humble/ros2_ws/install/interfaces/local/lib/python3.10/dist-packages/interfaces/interfaces_s__rosidl_typesupport_fastrtps_c.cpython-310-x86_64-linux-gnu.so
-- Set runtime path of "/chess_ROS2_humble/ros2_ws/install/interfaces/local/lib/python3.10/dist-packages/interfaces/interfaces_s__rosidl_typesupport_fastrtps_c.cpython-310-x86_64-linux-gnu.so" to ""
-- Installing: /chess_ROS2_humble/ros2_ws/install/interfaces/local/lib/python3.10/dist-packages/interfaces/interfaces_s__rosidl_typesupport_introspection_c.cpython-310-x86_64-linux-gnu.so
-- Set runtime path of "/chess_ROS2_humble/ros2_ws/install/interfaces/local/lib/python3.10/dist-packages/interfaces/interfaces_s__rosidl_typesupport_introspection_c.cpython-310-x86_64-linux-gnu.so" to ""
-- Installing: /chess_ROS2_humble/ros2_ws/install/interfaces/local/lib/python3.10/dist-packages/interfaces/interfaces_s__rosidl_typesupport_c.cpython-310-x86_64-linux-gnu.so
-- Set runtime path of "/chess_ROS2_humble/ros2_ws/install/interfaces/local/lib/python3.10/dist-packages/interfaces/interfaces_s__rosidl_typesupport_c.cpython-310-x86_64-linux-gnu.so" to ""
-- Installing: /chess_ROS2_humble/ros2_ws/install/interfaces/lib/libinterfaces__rosidl_generator_py.so
-- Set runtime path of "/chess_ROS2_humble/ros2_ws/install/interfaces/lib/libinterfaces__rosidl_generator_py.so" to ""
-- Up-to-date: /chess_ROS2_humble/ros2_ws/install/interfaces/share/interfaces/srv/GetFEN.idl
-- Up-to-date: /chess_ROS2_humble/ros2_ws/install/interfaces/share/interfaces/srv/GetMove.idl
-- Installing: /chess_ROS2_humble/ros2_ws/install/interfaces/share/interfaces/srv/Move.idl
-- Up-to-date: /chess_ROS2_humble/ros2_ws/install/interfaces/share/interfaces/srv/GetFEN.srv
-- Up-to-date: /chess_ROS2_humble/ros2_ws/install/interfaces/share/interfaces/srv/GetFEN_Request.msg
-- Up-to-date: /chess_ROS2_humble/ros2_ws/install/interfaces/share/interfaces/srv/GetFEN_Response.msg
-- Up-to-date: /chess_ROS2_humble/ros2_ws/install/interfaces/share/interfaces/srv/GetMove.srv
-- Up-to-date: /chess_ROS2_humble/ros2_ws/install/interfaces/share/interfaces/srv/GetMove_Request.msg
-- Up-to-date: /chess_ROS2_humble/ros2_ws/install/interfaces/share/interfaces/srv/GetMove_Response.msg
-- Installing: /chess_ROS2_humble/ros2_ws/install/interfaces/share/interfaces/srv/Move.srv
-- Up-to-date: /chess_ROS2_humble/ros2_ws/install/interfaces/share/interfaces/srv/Move_Request.msg
-- Installing: /chess_ROS2_humble/ros2_ws/install/interfaces/share/interfaces/srv/Move_Response.msg
-- Up-to-date: /chess_ROS2_humble/ros2_ws/install/interfaces/share/ament_index/resource_index/package_run_dependencies/interfaces
-- Installing: /chess_ROS2_humble/ros2_ws/install/interfaces/share/ament_index/resource_index/parent_prefix_path/interfaces
-- Up-to-date: /chess_ROS2_humble/ros2_ws/install/interfaces/share/interfaces/environment/ament_prefix_path.sh
-- Installing: /chess_ROS2_humble/ros2_ws/install/interfaces/share/interfaces/environment/ament_prefix_path.dsv
-- Up-to-date: /chess_ROS2_humble/ros2_ws/install/interfaces/share/interfaces/environment/path.sh
-- Installing: /chess_ROS2_humble/ros2_ws/install/interfaces/share/interfaces/environment/path.dsv
-- Up-to-date: /chess_ROS2_humble/ros2_ws/install/interfaces/share/interfaces/local_setup.bash
-- Up-to-date: /chess_ROS2_humble/ros2_ws/install/interfaces/share/interfaces/local_setup.sh
-- Up-to-date: /chess_ROS2_humble/ros2_ws/install/interfaces/share/interfaces/local_setup.zsh
-- Installing: /chess_ROS2_humble/ros2_ws/install/interfaces/share/interfaces/local_setup.dsv
-- Installing: /chess_ROS2_humble/ros2_ws/install/interfaces/share/interfaces/package.dsv
-- Up-to-date: /chess_ROS2_humble/ros2_ws/install/interfaces/share/ament_index/resource_index/packages/interfaces
-- Up-to-date: /chess_ROS2_humble/ros2_ws/install/interfaces/share/interfaces/cmake/export_interfaces__rosidl_generator_cExport.cmake
-- Up-to-date: /chess_ROS2_humble/ros2_ws/install/interfaces/share/interfaces/cmake/export_interfaces__rosidl_generator_cExport-noconfig.cmake
-- Up-to-date: /chess_ROS2_humble/ros2_ws/install/interfaces/share/interfaces/cmake/export_interfaces__rosidl_typesupport_fastrtps_cExport.cmake
-- Up-to-date: /chess_ROS2_humble/ros2_ws/install/interfaces/share/interfaces/cmake/export_interfaces__rosidl_typesupport_fastrtps_cExport-noconfig.cmake
-- Up-to-date: /chess_ROS2_humble/ros2_ws/install/interfaces/share/interfaces/cmake/export_interfaces__rosidl_generator_cppExport.cmake
-- Up-to-date: /chess_ROS2_humble/ros2_ws/install/interfaces/share/interfaces/cmake/export_interfaces__rosidl_typesupport_fastrtps_cppExport.cmake
-- Up-to-date: /chess_ROS2_humble/ros2_ws/install/interfaces/share/interfaces/cmake/export_interfaces__rosidl_typesupport_fastrtps_cppExport-noconfig.cmake
-- Up-to-date: /chess_ROS2_humble/ros2_ws/install/interfaces/share/interfaces/cmake/interfaces__rosidl_typesupport_introspection_cExport.cmake
-- Up-to-date: /chess_ROS2_humble/ros2_ws/install/interfaces/share/interfaces/cmake/interfaces__rosidl_typesupport_introspection_cExport-noconfig.cmake
-- Up-to-date: /chess_ROS2_humble/ros2_ws/install/interfaces/share/interfaces/cmake/interfaces__rosidl_typesupport_cExport.cmake
-- Up-to-date: /chess_ROS2_humble/ros2_ws/install/interfaces/share/interfaces/cmake/interfaces__rosidl_typesupport_cExport-noconfig.cmake
-- Up-to-date: /chess_ROS2_humble/ros2_ws/install/interfaces/share/interfaces/cmake/interfaces__rosidl_typesupport_introspection_cppExport.cmake
-- Up-to-date: /chess_ROS2_humble/ros2_ws/install/interfaces/share/interfaces/cmake/interfaces__rosidl_typesupport_introspection_cppExport-noconfig.cmake
-- Up-to-date: /chess_ROS2_humble/ros2_ws/install/interfaces/share/interfaces/cmake/interfaces__rosidl_typesupport_cppExport.cmake
-- Up-to-date: /chess_ROS2_humble/ros2_ws/install/interfaces/share/interfaces/cmake/interfaces__rosidl_typesupport_cppExport-noconfig.cmake
-- Up-to-date: /chess_ROS2_humble/ros2_ws/install/interfaces/share/interfaces/cmake/export_interfaces__rosidl_generator_pyExport.cmake
-- Up-to-date: /chess_ROS2_humble/ros2_ws/install/interfaces/share/interfaces/cmake/export_interfaces__rosidl_generator_pyExport-noconfig.cmake
-- Up-to-date: /chess_ROS2_humble/ros2_ws/install/interfaces/share/interfaces/cmake/rosidl_cmake-extras.cmake
-- Up-to-date: /chess_ROS2_humble/ros2_ws/install/interfaces/share/interfaces/cmake/ament_cmake_export_dependencies-extras.cmake
-- Up-to-date: /chess_ROS2_humble/ros2_ws/install/interfaces/share/interfaces/cmake/ament_cmake_export_include_directories-extras.cmake
-- Up-to-date: /chess_ROS2_humble/ros2_ws/install/interfaces/share/interfaces/cmake/ament_cmake_export_libraries-extras.cmake
-- Up-to-date: /chess_ROS2_humble/ros2_ws/install/interfaces/share/interfaces/cmake/ament_cmake_export_targets-extras.cmake
-- Up-to-date: /chess_ROS2_humble/ros2_ws/install/interfaces/share/interfaces/cmake/rosidl_cmake_export_typesupport_targets-extras.cmake
-- Up-to-date: /chess_ROS2_humble/ros2_ws/install/interfaces/share/interfaces/cmake/rosidl_cmake_export_typesupport_libraries-extras.cmake
-- Up-to-date: /chess_ROS2_humble/ros2_ws/install/interfaces/share/interfaces/cmake/interfacesConfig.cmake
-- Up-to-date: /chess_ROS2_humble/ros2_ws/install/interfaces/share/interfaces/cmake/interfacesConfig-version.cmake
-- Up-to-date: /chess_ROS2_humble/ros2_ws/install/interfaces/share/interfaces/package.xml
