running egg_info
creating ../../build/start/start.egg-info
writing ../../build/start/start.egg-info/PKG-INFO
writing dependency_links to ../../build/start/start.egg-info/dependency_links.txt
writing entry points to ../../build/start/start.egg-info/entry_points.txt
writing requirements to ../../build/start/start.egg-info/requires.txt
writing top-level names to ../../build/start/start.egg-info/top_level.txt
writing manifest file '../../build/start/start.egg-info/SOURCES.txt'
reading manifest file '../../build/start/start.egg-info/SOURCES.txt'
writing manifest file '../../build/start/start.egg-info/SOURCES.txt'
running build
running build_py
creating /chess_ROS2_humble/ros2_ws/build/start/build
creating /chess_ROS2_humble/ros2_ws/build/start/build/lib
creating /chess_ROS2_humble/ros2_ws/build/start/build/lib/start
copying start/__init__.py -> /chess_ROS2_humble/ros2_ws/build/start/build/lib/start
running install
running install_lib
creating /chess_ROS2_humble/ros2_ws/install/start/lib/python3.10/site-packages/start
copying /chess_ROS2_humble/ros2_ws/build/start/build/lib/start/__init__.py -> /chess_ROS2_humble/ros2_ws/install/start/lib/python3.10/site-packages/start
byte-compiling /chess_ROS2_humble/ros2_ws/install/start/lib/python3.10/site-packages/start/__init__.py to __init__.cpython-310.pyc
running install_data
creating /chess_ROS2_humble/ros2_ws/install/start/share/ament_index
creating /chess_ROS2_humble/ros2_ws/install/start/share/ament_index/resource_index
creating /chess_ROS2_humble/ros2_ws/install/start/share/ament_index/resource_index/packages
copying resource/start -> /chess_ROS2_humble/ros2_ws/install/start/share/ament_index/resource_index/packages
copying package.xml -> /chess_ROS2_humble/ros2_ws/install/start/share/start
creating /chess_ROS2_humble/ros2_ws/install/start/share/start/launch
copying launch/start.launch.py -> /chess_ROS2_humble/ros2_ws/install/start/share/start/launch
running install_egg_info
Copying ../../build/start/start.egg-info to /chess_ROS2_humble/ros2_ws/install/start/lib/python3.10/site-packages/start-0.0.0-py3.10.egg-info
running install_scripts
writing list of installed files to '/chess_ROS2_humble/ros2_ws/build/start/install.log'
