[0.886s] Invoking command in '/chess_ROS2_humble/ros2_ws/src/start': PYTHONPATH=/chess_ROS2_humble/ros2_ws/build/start/prefix_override:/usr/lib/python3/dist-packages/colcon_core/task/python/colcon_distutils_commands:/chess_ROS2_humble/ros2_ws/install/start/lib/python3.10/site-packages:${PYTHONPATH} /usr/bin/python3 -W ignore:setup.py install is deprecated -W ignore:easy_install command is deprecated setup.py egg_info --egg-base ../../build/start build --build-base /chess_ROS2_humble/ros2_ws/build/start/build install --record /chess_ROS2_humble/ros2_ws/build/start/install.log --single-version-externally-managed install_data
[1.045s] running egg_info
[1.045s] creating ../../build/start/start.egg-info
[1.045s] writing ../../build/start/start.egg-info/PKG-INFO
[1.045s] writing dependency_links to ../../build/start/start.egg-info/dependency_links.txt
[1.046s] writing entry points to ../../build/start/start.egg-info/entry_points.txt
[1.046s] writing requirements to ../../build/start/start.egg-info/requires.txt
[1.046s] writing top-level names to ../../build/start/start.egg-info/top_level.txt
[1.046s] writing manifest file '../../build/start/start.egg-info/SOURCES.txt'
[1.047s] reading manifest file '../../build/start/start.egg-info/SOURCES.txt'
[1.047s] writing manifest file '../../build/start/start.egg-info/SOURCES.txt'
[1.048s] running build
[1.048s] running build_py
[1.048s] creating /chess_ROS2_humble/ros2_ws/build/start/build
[1.048s] creating /chess_ROS2_humble/ros2_ws/build/start/build/lib
[1.048s] creating /chess_ROS2_humble/ros2_ws/build/start/build/lib/start
[1.048s] copying start/__init__.py -> /chess_ROS2_humble/ros2_ws/build/start/build/lib/start
[1.048s] running install
[1.048s] running install_lib
[1.048s] creating /chess_ROS2_humble/ros2_ws/install/start/lib/python3.10/site-packages/start
[1.049s] copying /chess_ROS2_humble/ros2_ws/build/start/build/lib/start/__init__.py -> /chess_ROS2_humble/ros2_ws/install/start/lib/python3.10/site-packages/start
[1.049s] byte-compiling /chess_ROS2_humble/ros2_ws/install/start/lib/python3.10/site-packages/start/__init__.py to __init__.cpython-310.pyc
[1.049s] running install_data
[1.049s] creating /chess_ROS2_humble/ros2_ws/install/start/share/ament_index
[1.049s] creating /chess_ROS2_humble/ros2_ws/install/start/share/ament_index/resource_index
[1.049s] creating /chess_ROS2_humble/ros2_ws/install/start/share/ament_index/resource_index/packages
[1.049s] copying resource/start -> /chess_ROS2_humble/ros2_ws/install/start/share/ament_index/resource_index/packages
[1.049s] copying package.xml -> /chess_ROS2_humble/ros2_ws/install/start/share/start
[1.049s] creating /chess_ROS2_humble/ros2_ws/install/start/share/start/launch
[1.049s] copying launch/start.launch.py -> /chess_ROS2_humble/ros2_ws/install/start/share/start/launch
[1.050s] running install_egg_info
[1.051s] Copying ../../build/start/start.egg-info to /chess_ROS2_humble/ros2_ws/install/start/lib/python3.10/site-packages/start-0.0.0-py3.10.egg-info
[1.051s] running install_scripts
[1.067s] writing list of installed files to '/chess_ROS2_humble/ros2_ws/build/start/install.log'
[1.087s] Invoked command in '/chess_ROS2_humble/ros2_ws/src/start' returned '0': PYTHONPATH=/chess_ROS2_humble/ros2_ws/build/start/prefix_override:/usr/lib/python3/dist-packages/colcon_core/task/python/colcon_distutils_commands:/chess_ROS2_humble/ros2_ws/install/start/lib/python3.10/site-packages:${PYTHONPATH} /usr/bin/python3 -W ignore:setup.py install is deprecated -W ignore:easy_install command is deprecated setup.py egg_info --egg-base ../../build/start build --build-base /chess_ROS2_humble/ros2_ws/build/start/build install --record /chess_ROS2_humble/ros2_ws/build/start/install.log --single-version-externally-managed install_data
