[0.895s] Invoking command in '/chess_ROS2_humble/ros2_ws/src/game': PYTHONPATH=/chess_ROS2_humble/ros2_ws/build/game/prefix_override:/usr/lib/python3/dist-packages/colcon_core/task/python/colcon_distutils_commands:/chess_ROS2_humble/ros2_ws/install/game/lib/python3.10/site-packages:${PYTHONPATH} /usr/bin/python3 -W ignore:setup.py install is deprecated -W ignore:easy_install command is deprecated setup.py egg_info --egg-base ../../build/game build --build-base /chess_ROS2_humble/ros2_ws/build/game/build install --record /chess_ROS2_humble/ros2_ws/build/game/install.log --single-version-externally-managed install_data
[1.064s] running egg_info
[1.065s] writing ../../build/game/game.egg-info/PKG-INFO
[1.065s] writing dependency_links to ../../build/game/game.egg-info/dependency_links.txt
[1.065s] writing entry points to ../../build/game/game.egg-info/entry_points.txt
[1.065s] writing requirements to ../../build/game/game.egg-info/requires.txt
[1.065s] writing top-level names to ../../build/game/game.egg-info/top_level.txt
[1.067s] reading manifest file '../../build/game/game.egg-info/SOURCES.txt'
[1.067s] writing manifest file '../../build/game/game.egg-info/SOURCES.txt'
[1.067s] running build
[1.067s] running build_py
[1.067s] running install
[1.068s] running install_lib
[1.069s] running install_data
[1.069s] running install_egg_info
[1.070s] removing '/chess_ROS2_humble/ros2_ws/install/game/lib/python3.10/site-packages/game-0.0.0-py3.10.egg-info' (and everything under it)
[1.071s] Copying ../../build/game/game.egg-info to /chess_ROS2_humble/ros2_ws/install/game/lib/python3.10/site-packages/game-0.0.0-py3.10.egg-info
[1.071s] running install_scripts
[1.089s] Installing game script to /chess_ROS2_humble/ros2_ws/install/game/lib/game
[1.089s] writing list of installed files to '/chess_ROS2_humble/ros2_ws/build/game/install.log'
[1.109s] Invoked command in '/chess_ROS2_humble/ros2_ws/src/game' returned '0': PYTHONPATH=/chess_ROS2_humble/ros2_ws/build/game/prefix_override:/usr/lib/python3/dist-packages/colcon_core/task/python/colcon_distutils_commands:/chess_ROS2_humble/ros2_ws/install/game/lib/python3.10/site-packages:${PYTHONPATH} /usr/bin/python3 -W ignore:setup.py install is deprecated -W ignore:easy_install command is deprecated setup.py egg_info --egg-base ../../build/game build --build-base /chess_ROS2_humble/ros2_ws/build/game/build install --record /chess_ROS2_humble/ros2_ws/build/game/install.log --single-version-externally-managed install_data
