running egg_info
creating ../../build/game/game.egg-info
writing ../../build/game/game.egg-info/PKG-INFO
writing dependency_links to ../../build/game/game.egg-info/dependency_links.txt
writing entry points to ../../build/game/game.egg-info/entry_points.txt
writing requirements to ../../build/game/game.egg-info/requires.txt
writing top-level names to ../../build/game/game.egg-info/top_level.txt
writing manifest file '../../build/game/game.egg-info/SOURCES.txt'
reading manifest file '../../build/game/game.egg-info/SOURCES.txt'
writing manifest file '../../build/game/game.egg-info/SOURCES.txt'
running build
running build_py
creating /chess_ROS2_humble/ros2_ws/build/game/build
creating /chess_ROS2_humble/ros2_ws/build/game/build/lib
creating /chess_ROS2_humble/ros2_ws/build/game/build/lib/game
copying game/__init__.py -> /chess_ROS2_humble/ros2_ws/build/game/build/lib/game
copying game/game.py -> /chess_ROS2_humble/ros2_ws/build/game/build/lib/game
running install
running install_lib
creating /chess_ROS2_humble/ros2_ws/install/game/lib/python3.10/site-packages/game
copying /chess_ROS2_humble/ros2_ws/build/game/build/lib/game/__init__.py -> /chess_ROS2_humble/ros2_ws/install/game/lib/python3.10/site-packages/game
copying /chess_ROS2_humble/ros2_ws/build/game/build/lib/game/game.py -> /chess_ROS2_humble/ros2_ws/install/game/lib/python3.10/site-packages/game
byte-compiling /chess_ROS2_humble/ros2_ws/install/game/lib/python3.10/site-packages/game/__init__.py to __init__.cpython-310.pyc
byte-compiling /chess_ROS2_humble/ros2_ws/install/game/lib/python3.10/site-packages/game/game.py to game.cpython-310.pyc
running install_data
creating /chess_ROS2_humble/ros2_ws/install/game/share/ament_index
creating /chess_ROS2_humble/ros2_ws/install/game/share/ament_index/resource_index
creating /chess_ROS2_humble/ros2_ws/install/game/share/ament_index/resource_index/packages
copying resource/game -> /chess_ROS2_humble/ros2_ws/install/game/share/ament_index/resource_index/packages
copying package.xml -> /chess_ROS2_humble/ros2_ws/install/game/share/game
running install_egg_info
Copying ../../build/game/game.egg-info to /chess_ROS2_humble/ros2_ws/install/game/lib/python3.10/site-packages/game-0.0.0-py3.10.egg-info
running install_scripts
Installing game script to /chess_ROS2_humble/ros2_ws/install/game/lib/game
writing list of installed files to '/chess_ROS2_humble/ros2_ws/build/game/install.log'
