[0.888s] Invoking command in '/chess_ROS2_humble/ros2_ws/src/game': PYTHONPATH=/chess_ROS2_humble/ros2_ws/build/game/prefix_override:/usr/lib/python3/dist-packages/colcon_core/task/python/colcon_distutils_commands:/chess_ROS2_humble/ros2_ws/install/game/lib/python3.10/site-packages:${PYTHONPATH} /usr/bin/python3 -W ignore:setup.py install is deprecated -W ignore:easy_install command is deprecated setup.py egg_info --egg-base ../../build/game build --build-base /chess_ROS2_humble/ros2_ws/build/game/build install --record /chess_ROS2_humble/ros2_ws/build/game/install.log --single-version-externally-managed install_data
[1.097s] running egg_info
[1.097s] creating ../../build/game/game.egg-info
[1.098s] writing ../../build/game/game.egg-info/PKG-INFO
[1.098s] writing dependency_links to ../../build/game/game.egg-info/dependency_links.txt
[1.098s] writing entry points to ../../build/game/game.egg-info/entry_points.txt
[1.098s] writing requirements to ../../build/game/game.egg-info/requires.txt
[1.098s] writing top-level names to ../../build/game/game.egg-info/top_level.txt
[1.098s] writing manifest file '../../build/game/game.egg-info/SOURCES.txt'
[1.100s] reading manifest file '../../build/game/game.egg-info/SOURCES.txt'
[1.101s] writing manifest file '../../build/game/game.egg-info/SOURCES.txt'
[1.101s] running build
[1.101s] running build_py
[1.101s] creating /chess_ROS2_humble/ros2_ws/build/game/build
[1.101s] creating /chess_ROS2_humble/ros2_ws/build/game/build/lib
[1.101s] creating /chess_ROS2_humble/ros2_ws/build/game/build/lib/game
[1.101s] copying game/__init__.py -> /chess_ROS2_humble/ros2_ws/build/game/build/lib/game
[1.102s] copying game/game.py -> /chess_ROS2_humble/ros2_ws/build/game/build/lib/game
[1.102s] running install
[1.102s] running install_lib
[1.103s] creating /chess_ROS2_humble/ros2_ws/install/game/lib/python3.10/site-packages/game
[1.103s] copying /chess_ROS2_humble/ros2_ws/build/game/build/lib/game/__init__.py -> /chess_ROS2_humble/ros2_ws/install/game/lib/python3.10/site-packages/game
[1.103s] copying /chess_ROS2_humble/ros2_ws/build/game/build/lib/game/game.py -> /chess_ROS2_humble/ros2_ws/install/game/lib/python3.10/site-packages/game
[1.104s] byte-compiling /chess_ROS2_humble/ros2_ws/install/game/lib/python3.10/site-packages/game/__init__.py to __init__.cpython-310.pyc
[1.104s] byte-compiling /chess_ROS2_humble/ros2_ws/install/game/lib/python3.10/site-packages/game/game.py to game.cpython-310.pyc
[1.104s] running install_data
[1.104s] creating /chess_ROS2_humble/ros2_ws/install/game/share/ament_index
[1.105s] creating /chess_ROS2_humble/ros2_ws/install/game/share/ament_index/resource_index
[1.105s] creating /chess_ROS2_humble/ros2_ws/install/game/share/ament_index/resource_index/packages
[1.105s] copying resource/game -> /chess_ROS2_humble/ros2_ws/install/game/share/ament_index/resource_index/packages
[1.105s] copying package.xml -> /chess_ROS2_humble/ros2_ws/install/game/share/game
[1.105s] running install_egg_info
[1.107s] Copying ../../build/game/game.egg-info to /chess_ROS2_humble/ros2_ws/install/game/lib/python3.10/site-packages/game-0.0.0-py3.10.egg-info
[1.108s] running install_scripts
[1.124s] Installing game script to /chess_ROS2_humble/ros2_ws/install/game/lib/game
[1.124s] writing list of installed files to '/chess_ROS2_humble/ros2_ws/build/game/install.log'
[1.144s] Invoked command in '/chess_ROS2_humble/ros2_ws/src/game' returned '0': PYTHONPATH=/chess_ROS2_humble/ros2_ws/build/game/prefix_override:/usr/lib/python3/dist-packages/colcon_core/task/python/colcon_distutils_commands:/chess_ROS2_humble/ros2_ws/install/game/lib/python3.10/site-packages:${PYTHONPATH} /usr/bin/python3 -W ignore:setup.py install is deprecated -W ignore:easy_install command is deprecated setup.py egg_info --egg-base ../../build/game build --build-base /chess_ROS2_humble/ros2_ws/build/game/build install --record /chess_ROS2_humble/ros2_ws/build/game/install.log --single-version-externally-managed install_data
