[0.774s] Invoking command in '/chess_ROS2_humble/ros2_ws/src/comp_vision': LD_LIBRARY_PATH=/chess_ROS2_humble/ros2_ws/install/interfaces/lib:/chess_ROS2_humble/ros2_ws/install/comp_vision_interfaces/lib:/usr/lib/x86_64-linux-gnu/gazebo-11/plugins:/opt/ros/humble/opt/rviz_ogre_vendor/lib:/opt/ros/humble/lib/x86_64-linux-gnu:/opt/ros/humble/lib:/usr/lib/x86_64-linux-gnu/gazebo-11/plugins:/usr/lib/x86_64-linux-gnu/gazebo-11/plugins:/usr/lib/x86_64-linux-gnu/gazebo-11/plugins PYTHONPATH=/chess_ROS2_humble/ros2_ws/build/comp_vision/prefix_override:/usr/lib/python3/dist-packages/colcon_core/task/python/colcon_distutils_commands:/chess_ROS2_humble/ros2_ws/install/comp_vision/lib/python3.10/site-packages:${PYTHONPATH} /usr/bin/python3 -W ignore:setup.py install is deprecated -W ignore:easy_install command is deprecated setup.py egg_info --egg-base ../../build/comp_vision build --build-base /chess_ROS2_humble/ros2_ws/build/comp_vision/build install --record /chess_ROS2_humble/ros2_ws/build/comp_vision/install.log --single-version-externally-managed install_data
[0.923s] running egg_info
[0.924s] writing ../../build/comp_vision/comp_vision.egg-info/PKG-INFO
[0.924s] writing dependency_links to ../../build/comp_vision/comp_vision.egg-info/dependency_links.txt
[0.924s] writing entry points to ../../build/comp_vision/comp_vision.egg-info/entry_points.txt
[0.924s] writing requirements to ../../build/comp_vision/comp_vision.egg-info/requires.txt
[0.924s] writing top-level names to ../../build/comp_vision/comp_vision.egg-info/top_level.txt
[0.925s] reading manifest file '../../build/comp_vision/comp_vision.egg-info/SOURCES.txt'
[0.926s] writing manifest file '../../build/comp_vision/comp_vision.egg-info/SOURCES.txt'
[0.926s] running build
[0.926s] running build_py
[0.926s] running install
[0.926s] running install_lib
[0.927s] running install_data
[0.927s] running install_egg_info
[0.928s] removing '/chess_ROS2_humble/ros2_ws/install/comp_vision/lib/python3.10/site-packages/comp_vision-0.0.0-py3.10.egg-info' (and everything under it)
[0.928s] Copying ../../build/comp_vision/comp_vision.egg-info to /chess_ROS2_humble/ros2_ws/install/comp_vision/lib/python3.10/site-packages/comp_vision-0.0.0-py3.10.egg-info
[0.929s] running install_scripts
[0.944s] Installing comp_vision script to /chess_ROS2_humble/ros2_ws/install/comp_vision/lib/comp_vision
[0.944s] writing list of installed files to '/chess_ROS2_humble/ros2_ws/build/comp_vision/install.log'
[0.966s] Invoked command in '/chess_ROS2_humble/ros2_ws/src/comp_vision' returned '0': LD_LIBRARY_PATH=/chess_ROS2_humble/ros2_ws/install/interfaces/lib:/chess_ROS2_humble/ros2_ws/install/comp_vision_interfaces/lib:/usr/lib/x86_64-linux-gnu/gazebo-11/plugins:/opt/ros/humble/opt/rviz_ogre_vendor/lib:/opt/ros/humble/lib/x86_64-linux-gnu:/opt/ros/humble/lib:/usr/lib/x86_64-linux-gnu/gazebo-11/plugins:/usr/lib/x86_64-linux-gnu/gazebo-11/plugins:/usr/lib/x86_64-linux-gnu/gazebo-11/plugins PYTHONPATH=/chess_ROS2_humble/ros2_ws/build/comp_vision/prefix_override:/usr/lib/python3/dist-packages/colcon_core/task/python/colcon_distutils_commands:/chess_ROS2_humble/ros2_ws/install/comp_vision/lib/python3.10/site-packages:${PYTHONPATH} /usr/bin/python3 -W ignore:setup.py install is deprecated -W ignore:easy_install command is deprecated setup.py egg_info --egg-base ../../build/comp_vision build --build-base /chess_ROS2_humble/ros2_ws/build/comp_vision/build install --record /chess_ROS2_humble/ros2_ws/build/comp_vision/install.log --single-version-externally-managed install_data
