[0.014s] Invoking command in '/chess_ROS2_humble/ros2_ws/build/interfaces': CMAKE_PREFIX_PATH=/opt/ros/humble /usr/bin/cmake --build /chess_ROS2_humble/ros2_ws/build/interfaces -- -j20 -l20
[0.294s] [  2%] Built target interfaces__cpp
[0.294s] [ 12%] Built target interfaces__rosidl_generator_c
[0.294s] [ 12%] Built target ament_cmake_python_copy_interfaces
[0.294s] [ 23%] Built target interfaces__rosidl_typesupport_introspection_cpp
[0.294s] [ 34%] Built target interfaces__rosidl_typesupport_fastrtps_cpp
[0.294s] [ 44%] Built target interfaces__rosidl_typesupport_cpp
[0.294s] [ 55%] Built target interfaces__rosidl_typesupport_c
[0.294s] [ 74%] Built target interfaces__rosidl_typesupport_introspection_c
[0.294s] [ 76%] Built target interfaces__rosidl_typesupport_fastrtps_c
[0.294s] [ 76%] Built target interfaces
[0.294s] [ 78%] Built target interfaces__py
[0.294s] [ 87%] Built target interfaces__rosidl_generator_py
[0.295s] [100%] Built target interfaces__rosidl_typesupport_c__pyext
[0.295s] [100%] Built target interfaces__rosidl_typesupport_fastrtps_c__pyext
[0.295s] [100%] Built target interfaces__rosidl_typesupport_introspection_c__pyext
[0.295s] running egg_info
[0.295s] writing interfaces.egg-info/PKG-INFO
[0.295s] writing dependency_links to interfaces.egg-info/dependency_links.txt
[0.295s] writing top-level names to interfaces.egg-info/top_level.txt
[0.295s] reading manifest file 'interfaces.egg-info/SOURCES.txt'
[0.295s] writing manifest file 'interfaces.egg-info/SOURCES.txt'
[0.295s] [100%] Built target ament_cmake_python_build_interfaces_egg
