running egg_info
creating ../../build/comp_vision/comp_vision.egg-info
writing ../../build/comp_vision/comp_vision.egg-info/PKG-INFO
writing dependency_links to ../../build/comp_vision/comp_vision.egg-info/dependency_links.txt
writing entry points to ../../build/comp_vision/comp_vision.egg-info/entry_points.txt
writing requirements to ../../build/comp_vision/comp_vision.egg-info/requires.txt
writing top-level names to ../../build/comp_vision/comp_vision.egg-info/top_level.txt
writing manifest file '../../build/comp_vision/comp_vision.egg-info/SOURCES.txt'
reading manifest file '../../build/comp_vision/comp_vision.egg-info/SOURCES.txt'
writing manifest file '../../build/comp_vision/comp_vision.egg-info/SOURCES.txt'
running build
running build_py
creating /chess_ROS2_humble/ros2_ws/build/comp_vision/build
creating /chess_ROS2_humble/ros2_ws/build/comp_vision/build/lib
creating /chess_ROS2_humble/ros2_ws/build/comp_vision/build/lib/comp_vision
copying comp_vision/__init__.py -> /chess_ROS2_humble/ros2_ws/build/comp_vision/build/lib/comp_vision
copying comp_vision/comp_vision.py -> /chess_ROS2_humble/ros2_ws/build/comp_vision/build/lib/comp_vision
running install
running install_lib
creating /chess_ROS2_humble/ros2_ws/install/comp_vision/lib/python3.10/site-packages/comp_vision
copying /chess_ROS2_humble/ros2_ws/build/comp_vision/build/lib/comp_vision/__init__.py -> /chess_ROS2_humble/ros2_ws/install/comp_vision/lib/python3.10/site-packages/comp_vision
copying /chess_ROS2_humble/ros2_ws/build/comp_vision/build/lib/comp_vision/comp_vision.py -> /chess_ROS2_humble/ros2_ws/install/comp_vision/lib/python3.10/site-packages/comp_vision
byte-compiling /chess_ROS2_humble/ros2_ws/install/comp_vision/lib/python3.10/site-packages/comp_vision/__init__.py to __init__.cpython-310.pyc
byte-compiling /chess_ROS2_humble/ros2_ws/install/comp_vision/lib/python3.10/site-packages/comp_vision/comp_vision.py to comp_vision.cpython-310.pyc
running install_data
creating /chess_ROS2_humble/ros2_ws/install/comp_vision/share/ament_index
creating /chess_ROS2_humble/ros2_ws/install/comp_vision/share/ament_index/resource_index
creating /chess_ROS2_humble/ros2_ws/install/comp_vision/share/ament_index/resource_index/packages
copying resource/comp_vision -> /chess_ROS2_humble/ros2_ws/install/comp_vision/share/ament_index/resource_index/packages
copying package.xml -> /chess_ROS2_humble/ros2_ws/install/comp_vision/share/comp_vision
running install_egg_info
Copying ../../build/comp_vision/comp_vision.egg-info to /chess_ROS2_humble/ros2_ws/install/comp_vision/lib/python3.10/site-packages/comp_vision-0.0.0-py3.10.egg-info
running install_scripts
Installing comp_vision script to /chess_ROS2_humble/ros2_ws/install/comp_vision/lib/comp_vision
writing list of installed files to '/chess_ROS2_humble/ros2_ws/build/comp_vision/install.log'
