[0.605s] Invoking command in '/chess_ROS2_humble/ros2_ws/src/comp_vision': AMENT_PREFIX_PATH=/chess_ROS2_humble/ros2_ws/install/interfaces:${AMENT_PREFIX_PATH} CMAKE_PREFIX_PATH=/chess_ROS2_humble/ros2_ws/install/interfaces LD_LIBRARY_PATH=/chess_ROS2_humble/ros2_ws/install/interfaces/lib:/usr/lib/x86_64-linux-gnu/gazebo-11/plugins:/opt/ros/humble/opt/rviz_ogre_vendor/lib:/opt/ros/humble/lib/x86_64-linux-gnu:/opt/ros/humble/lib:/usr/lib/x86_64-linux-gnu/gazebo-11/plugins:/usr/lib/x86_64-linux-gnu/gazebo-11/plugins:/usr/lib/x86_64-linux-gnu/gazebo-11/plugins PYTHONPATH=/chess_ROS2_humble/ros2_ws/build/comp_vision/prefix_override:/usr/lib/python3/dist-packages/colcon_core/task/python/colcon_distutils_commands:/chess_ROS2_humble/ros2_ws/install/comp_vision/lib/python3.10/site-packages:/chess_ROS2_humble/ros2_ws/install/interfaces/local/lib/python3.10/dist-packages:${PYTHONPATH} /usr/bin/python3 -W ignore:setup.py install is deprecated -W ignore:easy_install command is deprecated setup.py egg_info --egg-base ../../build/comp_vision build --build-base /chess_ROS2_humble/ros2_ws/build/comp_vision/build install --record /chess_ROS2_humble/ros2_ws/build/comp_vision/install.log --single-version-externally-managed install_data
[0.745s] running egg_info
[0.745s] creating ../../build/comp_vision/comp_vision.egg-info
[0.746s] writing ../../build/comp_vision/comp_vision.egg-info/PKG-INFO
[0.746s] writing dependency_links to ../../build/comp_vision/comp_vision.egg-info/dependency_links.txt
[0.746s] writing entry points to ../../build/comp_vision/comp_vision.egg-info/entry_points.txt
[0.746s] writing requirements to ../../build/comp_vision/comp_vision.egg-info/requires.txt
[0.746s] writing top-level names to ../../build/comp_vision/comp_vision.egg-info/top_level.txt
[0.746s] writing manifest file '../../build/comp_vision/comp_vision.egg-info/SOURCES.txt'
[0.747s] reading manifest file '../../build/comp_vision/comp_vision.egg-info/SOURCES.txt'
[0.747s] writing manifest file '../../build/comp_vision/comp_vision.egg-info/SOURCES.txt'
[0.747s] running build
[0.747s] running build_py
[0.748s] creating /chess_ROS2_humble/ros2_ws/build/comp_vision/build
[0.748s] creating /chess_ROS2_humble/ros2_ws/build/comp_vision/build/lib
[0.748s] creating /chess_ROS2_humble/ros2_ws/build/comp_vision/build/lib/comp_vision
[0.748s] copying comp_vision/__init__.py -> /chess_ROS2_humble/ros2_ws/build/comp_vision/build/lib/comp_vision
[0.748s] copying comp_vision/comp_vision.py -> /chess_ROS2_humble/ros2_ws/build/comp_vision/build/lib/comp_vision
[0.748s] running install
[0.748s] running install_lib
[0.748s] creating /chess_ROS2_humble/ros2_ws/install/comp_vision/lib/python3.10/site-packages/comp_vision
[0.748s] copying /chess_ROS2_humble/ros2_ws/build/comp_vision/build/lib/comp_vision/__init__.py -> /chess_ROS2_humble/ros2_ws/install/comp_vision/lib/python3.10/site-packages/comp_vision
[0.749s] copying /chess_ROS2_humble/ros2_ws/build/comp_vision/build/lib/comp_vision/comp_vision.py -> /chess_ROS2_humble/ros2_ws/install/comp_vision/lib/python3.10/site-packages/comp_vision
[0.749s] byte-compiling /chess_ROS2_humble/ros2_ws/install/comp_vision/lib/python3.10/site-packages/comp_vision/__init__.py to __init__.cpython-310.pyc
[0.749s] byte-compiling /chess_ROS2_humble/ros2_ws/install/comp_vision/lib/python3.10/site-packages/comp_vision/comp_vision.py to comp_vision.cpython-310.pyc
[0.749s] running install_data
[0.749s] creating /chess_ROS2_humble/ros2_ws/install/comp_vision/share/ament_index
[0.749s] creating /chess_ROS2_humble/ros2_ws/install/comp_vision/share/ament_index/resource_index
[0.749s] creating /chess_ROS2_humble/ros2_ws/install/comp_vision/share/ament_index/resource_index/packages
[0.749s] copying resource/comp_vision -> /chess_ROS2_humble/ros2_ws/install/comp_vision/share/ament_index/resource_index/packages
[0.749s] copying package.xml -> /chess_ROS2_humble/ros2_ws/install/comp_vision/share/comp_vision
[0.749s] running install_egg_info
[0.750s] Copying ../../build/comp_vision/comp_vision.egg-info to /chess_ROS2_humble/ros2_ws/install/comp_vision/lib/python3.10/site-packages/comp_vision-0.0.0-py3.10.egg-info
[0.751s] running install_scripts
[0.765s] Installing comp_vision script to /chess_ROS2_humble/ros2_ws/install/comp_vision/lib/comp_vision
[0.766s] writing list of installed files to '/chess_ROS2_humble/ros2_ws/build/comp_vision/install.log'
[0.783s] Invoked command in '/chess_ROS2_humble/ros2_ws/src/comp_vision' returned '0': AMENT_PREFIX_PATH=/chess_ROS2_humble/ros2_ws/install/interfaces:${AMENT_PREFIX_PATH} CMAKE_PREFIX_PATH=/chess_ROS2_humble/ros2_ws/install/interfaces LD_LIBRARY_PATH=/chess_ROS2_humble/ros2_ws/install/interfaces/lib:/usr/lib/x86_64-linux-gnu/gazebo-11/plugins:/opt/ros/humble/opt/rviz_ogre_vendor/lib:/opt/ros/humble/lib/x86_64-linux-gnu:/opt/ros/humble/lib:/usr/lib/x86_64-linux-gnu/gazebo-11/plugins:/usr/lib/x86_64-linux-gnu/gazebo-11/plugins:/usr/lib/x86_64-linux-gnu/gazebo-11/plugins PYTHONPATH=/chess_ROS2_humble/ros2_ws/build/comp_vision/prefix_override:/usr/lib/python3/dist-packages/colcon_core/task/python/colcon_distutils_commands:/chess_ROS2_humble/ros2_ws/install/comp_vision/lib/python3.10/site-packages:/chess_ROS2_humble/ros2_ws/install/interfaces/local/lib/python3.10/dist-packages:${PYTHONPATH} /usr/bin/python3 -W ignore:setup.py install is deprecated -W ignore:easy_install command is deprecated setup.py egg_info --egg-base ../../build/comp_vision build --build-base /chess_ROS2_humble/ros2_ws/build/comp_vision/build install --record /chess_ROS2_humble/ros2_ws/build/comp_vision/install.log --single-version-externally-managed install_data
