[0.013s] Invoking command in '/chess_ROS2_humble/ros2_ws/build/interfaces': CMAKE_PREFIX_PATH=/opt/ros/humble /usr/bin/cmake --build /chess_ROS2_humble/ros2_ws/build/interfaces -- -j20 -l20
[0.330s] [  2%] Built target interfaces__cpp
[0.330s] [ 12%] Built target interfaces__rosidl_generator_c
[0.330s] [ 12%] Built target ament_cmake_python_copy_interfaces
[0.330s] [ 23%] Built target interfaces__rosidl_typesupport_introspection_c
[0.330s] [ 44%] Built target interfaces__rosidl_typesupport_fastrtps_c
[0.330s] [ 44%] Built target interfaces__rosidl_typesupport_introspection_cpp
[0.330s] [ 55%] Built target interfaces__rosidl_typesupport_c
[0.330s] [ 65%] Built target interfaces__rosidl_typesupport_cpp
[0.330s] [ 76%] Built target interfaces__rosidl_typesupport_fastrtps_cpp
[0.331s] [ 76%] Built target interfaces
[0.331s] [ 78%] Built target interfaces__py
[0.331s] [ 87%] Built target interfaces__rosidl_generator_py
[0.331s] [ 91%] Built target interfaces__rosidl_typesupport_introspection_c__pyext
[0.331s] [ 95%] Built target interfaces__rosidl_typesupport_fastrtps_c__pyext
[0.331s] [100%] Built target interfaces__rosidl_typesupport_c__pyext
[0.331s] running egg_info
[0.331s] writing interfaces.egg-info/PKG-INFO
[0.331s] writing dependency_links to interfaces.egg-info/dependency_links.txt
[0.331s] writing top-level names to interfaces.egg-info/top_level.txt
[0.331s] reading manifest file 'interfaces.egg-info/SOURCES.txt'
[0.331s] writing manifest file 'interfaces.egg-info/SOURCES.txt'
[0.331s] [100%] Built target ament_cmake_python_build_interfaces_egg
