[0.880s] Invoking command in '/chess_ROS2_humble/ros2_ws/src/start': PYTHONPATH=/chess_ROS2_humble/ros2_ws/build/start/prefix_override:/usr/lib/python3/dist-packages/colcon_core/task/python/colcon_distutils_commands:/chess_ROS2_humble/ros2_ws/install/start/lib/python3.10/site-packages:${PYTHONPATH} /usr/bin/python3 -W ignore:setup.py install is deprecated -W ignore:easy_install command is deprecated setup.py egg_info --egg-base ../../build/start build --build-base /chess_ROS2_humble/ros2_ws/build/start/build install --record /chess_ROS2_humble/ros2_ws/build/start/install.log --single-version-externally-managed install_data
[1.047s] running egg_info
[1.048s] writing ../../build/start/start.egg-info/PKG-INFO
[1.048s] writing dependency_links to ../../build/start/start.egg-info/dependency_links.txt
[1.048s] writing entry points to ../../build/start/start.egg-info/entry_points.txt
[1.048s] writing requirements to ../../build/start/start.egg-info/requires.txt
[1.048s] writing top-level names to ../../build/start/start.egg-info/top_level.txt
[1.049s] reading manifest file '../../build/start/start.egg-info/SOURCES.txt'
[1.050s] writing manifest file '../../build/start/start.egg-info/SOURCES.txt'
[1.050s] running build
[1.050s] running build_py
[1.050s] running install
[1.050s] running install_lib
[1.051s] running install_data
[1.051s] running install_egg_info
[1.053s] removing '/chess_ROS2_humble/ros2_ws/install/start/lib/python3.10/site-packages/start-0.0.0-py3.10.egg-info' (and everything under it)
[1.053s] Copying ../../build/start/start.egg-info to /chess_ROS2_humble/ros2_ws/install/start/lib/python3.10/site-packages/start-0.0.0-py3.10.egg-info
[1.054s] running install_scripts
[1.070s] writing list of installed files to '/chess_ROS2_humble/ros2_ws/build/start/install.log'
[1.089s] Invoked command in '/chess_ROS2_humble/ros2_ws/src/start' returned '0': PYTHONPATH=/chess_ROS2_humble/ros2_ws/build/start/prefix_override:/usr/lib/python3/dist-packages/colcon_core/task/python/colcon_distutils_commands:/chess_ROS2_humble/ros2_ws/install/start/lib/python3.10/site-packages:${PYTHONPATH} /usr/bin/python3 -W ignore:setup.py install is deprecated -W ignore:easy_install command is deprecated setup.py egg_info --egg-base ../../build/start build --build-base /chess_ROS2_humble/ros2_ws/build/start/build install --record /chess_ROS2_humble/ros2_ws/build/start/install.log --single-version-externally-managed install_data
